{"userName":"EslamMostafa","pass":"123Ee&123"} [07/Aug/2022:11:34:58 +0000] POST /login 200 862.345 "PostmanRuntime/7.29.2"
- [07/Aug/2022:11:37:26 +0000] GET / 304 6.428 "Mozilla/5.0 (Windows NT 10.0; Win64; x64) AppleWebKit/537.36 (KHTML, like Gecko) Chrome/104.0.0.0 Safari/537.36"
{} [07/Aug/2022:11:37:26 +0000] GET /favicon.ico 404 7.311 "Mozilla/5.0 (Windows NT 10.0; Win64; x64) AppleWebKit/537.36 (KHTML, like Gecko) Chrome/104.0.0.0 Safari/537.36"
{} [07/Aug/2022:11:37:32 +0000] GET /api/books?page=3 304 198.062 "Mozilla/5.0 (Windows NT 10.0; Win64; x64) AppleWebKit/537.36 (KHTML, like Gecko) Chrome/104.0.0.0 Safari/537.36"
{} [07/Aug/2022:11:37:37 +0000] GET /api/books 200 183.791 "Mozilla/5.0 (Windows NT 10.0; Win64; x64) AppleWebKit/537.36 (KHTML, like Gecko) Chrome/104.0.0.0 Safari/537.36"
{"title":"nageeb","description":"24tre ya 3m","collectionPrice":250,"collectionBooks":["62dbfb6399dc88fcc329d39e","62dbfb6399dc88fcc329d39f","62dbffae99dc88fcc329d3a1"]} [07/Aug/2022:11:43:37 +0000] POST /api/admin/collection 404 56.532 "PostmanRuntime/7.29.2"
{} [07/Aug/2022:11:44:13 +0000] GET /api/books%D8%B1 404 13.157 "Mozilla/5.0 (Windows NT 10.0; Win64; x64) AppleWebKit/537.36 (KHTML, like Gecko) Chrome/104.0.0.0 Safari/537.36"
{} [07/Aug/2022:11:44:23 +0000] GET /api/books 304 535.224 "Mozilla/5.0 (Windows NT 10.0; Win64; x64) AppleWebKit/537.36 (KHTML, like Gecko) Chrome/104.0.0.0 Safari/537.36"
{"title":"nageeb","description":"24tre ya 3m","collectionPrice":250,"collectionBooks":["62dbfb6399dc88fcc329d39e","62dbfb6399dc88fcc329d39f","62dbffae99dc88fcc329d3a1"]} [07/Aug/2022:11:45:00 +0000] POST /api/admin/collection 404 3.807 "PostmanRuntime/7.29.2"
{"title":"nageeb","description":"24tre ya 3m","collectionPrice":250,"collectionBooks":["62dbfb6399dc88fcc329d39e","62dbfb6399dc88fcc329d39f","62dbffae99dc88fcc329d3a1"]} [07/Aug/2022:11:48:55 +0000] GET /api/collections 404 59.350 "PostmanRuntime/7.29.2"
{"title":"nageeb","description":"24tre ya 3m","collectionPrice":250,"collectionBooks":["62dbfb6399dc88fcc329d39e","62dbfb6399dc88fcc329d39f","62dbffae99dc88fcc329d3a1"]} [07/Aug/2022:11:50:35 +0000] GET /api/collections 200 190.519 "PostmanRuntime/7.29.2"
{"title":"nageeb","description":"24tre ya 3m","collectionPrice":250,"collectionBooks":["62dbfb6399dc88fcc329d39e","62dbfb6399dc88fcc329d39f","62dbffae99dc88fcc329d3a1"]} [07/Aug/2022:11:50:55 +0000] GET /api/admin/collection 404 13.954 "PostmanRuntime/7.29.2"
{"title":"nageeb","description":"24tre ya 3m","collectionPrice":250,"collectionBooks":["62dbfb6399dc88fcc329d39e","62dbfb6399dc88fcc329d39f","62dbffae99dc88fcc329d3a1"]} [07/Aug/2022:11:51:46 +0000] POST /api/admin/collection 422 92.008 "PostmanRuntime/7.29.2"
{"title":"nageeb","description":"24tre ya 3m","collectionPrice":250,"collectionBooks":["62dbfb6399dc88fcc329d39e","62dbfb6399dc88fcc329d39f","62dbffae99dc88fcc329d3a1"]} [07/Aug/2022:11:52:34 +0000] POST /api/admin/collection 201 253.370 "PostmanRuntime/7.29.2"
{} [07/Aug/2022:11:53:41 +0000] GET /api/collections 200 148.108 "PostmanRuntime/7.29.2"
{} [07/Aug/2022:11:54:56 +0000] GET /api/collections 200 153.381 "PostmanRuntime/7.29.2"
{} [07/Aug/2022:11:56:50 +0000] DELETE /api/admin/collection/62efa782b2d9be8d6e7d2b90 403 81.752 "PostmanRuntime/7.29.2"
{} [07/Aug/2022:11:57:20 +0000] DELETE /api/admin/collection/62efa782b2d9be8d6e7d2b90 500 11.083 "PostmanRuntime/7.29.2"
{} [07/Aug/2022:11:58:00 +0000] DELETE /api/admin/collection/62efa782b2d9be8d6e7d2b90 200 166.760 "PostmanRuntime/7.29.2"
{} [07/Aug/2022:11:58:07 +0000] GET /api/collections 200 144.938 "PostmanRuntime/7.29.2"
{"userName":"mohamedAhmed","pass":"M012m&24"} [07/Aug/2022:12:10:11 +0000] POST /login 200 2569.894 "PostmanRuntime/7.29.2"
{"title":"nageeb","description":"24tre ya 3m","collectionPrice":250,"collectionBooks":["62dbfb6399dc88fcc329d39e","62dbfb6399dc88fcc329d39f","62dbffae99dc88fcc329d3a1"]} [07/Aug/2022:12:12:07 +0000] POST /api/admin/collection 201 1330.509 "PostmanRuntime/7.29.2"
{"bookIds":["62dbfb6399dc88fcc329d39e"],"collectionIds":["62efac16475ef4de866119be"],"additionFialPrice":260} [07/Aug/2022:12:15:21 +0000] PUT /api/user/addCartItem 500 1111.776 "PostmanRuntime/7.29.2"
{"bookIds":["62dbfb6399dc88fcc329d39e"],"collectionIds":["62efac16475ef4de866119be"],"additionFialPrice":260} [07/Aug/2022:12:17:04 +0000] PUT /api/user/addCartItem 500 422.051 "PostmanRuntime/7.29.2"
{"bookIds":["62dbfb6399dc88fcc329d39e"],"collectionIds":["62efac16475ef4de866119be"],"additionFialPrice":260} [07/Aug/2022:12:18:34 +0000] PUT /api/user/addCartItem 500 1191.659 "PostmanRuntime/7.29.2"
{"bookIds":["62dbfb6399dc88fcc329d39e"],"collectionIds":["62efac16475ef4de866119be"],"additionFialPrice":260} [07/Aug/2022:12:36:35 +0000] PUT /api/user/addCartItem 500 239.185 "PostmanRuntime/7.29.2"
{} [07/Aug/2022:18:29:24 +0000] GET /api/books 304 2789.247 "Mozilla/5.0 (Windows NT 10.0; Win64; x64) AppleWebKit/537.36 (KHTML, like Gecko) Chrome/104.0.0.0 Safari/537.36"
{"bookIds":["62dbfb6399dc88fcc329d39e"],"collectionIds":["62efac16475ef4de866119be"],"additionFialPrice":260} [07/Aug/2022:18:33:10 +0000] PUT /api/user/addCartItem 500 598.871 "PostmanRuntime/7.29.2"
{"bookIds":["62dbfb6399dc88fcc329d39e"],"collectionIds":["62efac16475ef4de866119be"],"additionFialPrice":260} [07/Aug/2022:18:37:09 +0000] PUT /api/user/addCartItem 200 709.633 "PostmanRuntime/7.29.2"
{"bookIds":["62dbfb6399dc88fcc329d39e"],"collectionIds":["62efac16475ef4de866119be"],"additionFialPrice":260} [07/Aug/2022:18:37:51 +0000] PUT /api/user/addCartItem 500 146.475 "PostmanRuntime/7.29.2"
{"bookIds":["62dbfb6399dc88fcc329d39e"],"collectionIds":["62efac16475ef4de866119be"],"additionFialPrice":260} [07/Aug/2022:18:38:41 +0000] PUT /api/user/addCartItem 500 328.160 "PostmanRuntime/7.29.2"
{"bookIds":["62dbfb6399dc88fcc329d39e"],"collectionIds":["62efac16475ef4de866119be"],"additionFialPrice":260} [07/Aug/2022:18:40:40 +0000] PUT /api/user/addCartItem 500 455.416 "PostmanRuntime/7.29.2"
{"bookIds":["62dbfb6399dc88fcc329d39e"],"collectionIds":["62efac16475ef4de866119be"],"additionFialPrice":260} [07/Aug/2022:19:06:32 +0000] PUT /api/user/addCartItem 500 396.555 "PostmanRuntime/7.29.2"
{"bookIds":["62dbfb6399dc88fcc329d39e"],"collectionIds":["62efac16475ef4de866119be"],"additionFialPrice":260} [07/Aug/2022:19:08:17 +0000] PUT /api/user/addCartItem 500 227.988 "PostmanRuntime/7.29.2"
{"bookIds":["62dbfb6399dc88fcc329d39e"],"collectionIds":["62efac16475ef4de866119be"],"additionFialPrice":260} [07/Aug/2022:19:14:26 +0000] PUT /api/user/removeCartItem 500 365.772 "PostmanRuntime/7.29.2"
{"bookIds":["62dbfb6399dc88fcc329d39e"],"collectionIds":["62efac16475ef4de866119be"],"removalFialPrice":260} [07/Aug/2022:19:14:58 +0000] PUT /api/user/removeCartItem 500 284.056 "PostmanRuntime/7.29.2"
{"bookIds":["62dbfb6399dc88fcc329d39e"],"collectionIds":["62efac16475ef4de866119be"],"removalFialPrice":260} [07/Aug/2022:19:24:56 +0000] PUT /api/user/removeCartItem 500 254.564 "PostmanRuntime/7.29.2"
{"bookIds":["62dbfb6399dc88fcc329d39e"],"collectionIds":["62efac16475ef4de866119be"],"removalFialPrice":260} [07/Aug/2022:19:25:22 +0000] PUT /api/user/addCartItem 200 286.106 "PostmanRuntime/7.29.2"
{"bookIds":["62dbfb6399dc88fcc329d39e"],"collectionIds":["62efac16475ef4de866119be"],"removalFialPrice":260} [07/Aug/2022:19:25:26 +0000] PUT /api/user/addCartItem 500 133.807 "PostmanRuntime/7.29.2"
{"bookIds":["62dbfb6399dc88fcc329d39e"],"collectionIds":["62efac16475ef4de866119be"],"removalFialPrice":260} [07/Aug/2022:19:25:39 +0000] PUT /api/user/removeCartItem 500 225.980 "PostmanRuntime/7.29.2"
{"bookIds":["62dbfb6399dc88fcc329d39e"],"collectionIds":["62efac16475ef4de866119be"],"entryFialPrice":260} [07/Aug/2022:20:47:08 +0000] GET /api/cart/cartItems 200 478.470 "PostmanRuntime/7.29.2"
{"bookIds":["62dbfb6399dc88fcc329d39e"],"collectionIds":["62efac16475ef4de866119be"],"entryFialPrice":260} [07/Aug/2022:20:52:23 +0000] GET /api/user/wisheItems 200 214.522 "PostmanRuntime/7.29.2"
{"bookIds":["62dbfb6399dc88fcc329d39e"],"collectionIds":["62efac16475ef4de866119be"],"entryFialPrice":260} [07/Aug/2022:20:54:04 +0000] GET /api/user/cartItems 200 141.189 "PostmanRuntime/7.29.2"
{"bookIds":["62dbfb6399dc88fcc329d39e"],"collectionIds":["62efac16475ef4de866119be"],"entryFialPrice":260} [07/Aug/2022:20:56:16 +0000] GET /api/user/cartItems 200 245.840 "PostmanRuntime/7.29.2"
{"bookIds":["62dbfb6399dc88fcc329d39e"],"collectionIds":["62efac16475ef4de866119be"],"entryFialPrice":260} [07/Aug/2022:20:57:28 +0000] GET /api/user/cartItems 200 217.173 "PostmanRuntime/7.29.2"
{"bookIds":["62dbfb6399dc88fcc329d39e"],"collectionIds":["62efac16475ef4de866119be"],"entryFialPrice":260} [07/Aug/2022:20:59:30 +0000] GET /api/user/cartItems 200 553.686 "PostmanRuntime/7.29.2"
{"bookIds":["62dbfb6399dc88fcc329d39e"],"collectionIds":["62efac16475ef4de866119be"],"entryFialPrice":260} [07/Aug/2022:21:00:06 +0000] GET /api/user/cartItems 200 222.141 "PostmanRuntime/7.29.2"
{"bookIds":["62dbfb6399dc88fcc329d39e"],"collectionIds":["62efac16475ef4de866119be"],"entryFialPrice":260} [07/Aug/2022:21:00:45 +0000] GET /api/cart/cartItems 200 3173.253 "PostmanRuntime/7.29.2"
{"bookIds":["62dbfb6399dc88fcc329d39e"],"collectionIds":["62efac16475ef4de866119be"],"entryFialPrice":260} [07/Aug/2022:21:01:36 +0000] GET /api/cart/cartItems 200 242.538 "PostmanRuntime/7.29.2"
{"bookIds":["62dbfb6399dc88fcc329d39e"],"collectionIds":["62efac16475ef4de866119be"],"entryFialPrice":260} [07/Aug/2022:21:02:11 +0000] GET /api/cart/cartItems 200 902.236 "PostmanRuntime/7.29.2"
{"bookIds":["62dbfb6399dc88fcc329d39e"],"collectionIds":["62efac16475ef4de866119be"],"entryFialPrice":260} [07/Aug/2022:21:03:39 +0000] GET /api/wish/wishItems 200 257.037 "PostmanRuntime/7.29.2"
{"bookIds":["62dbfb6399dc88fcc329d39e"],"collectionIds":["62efac16475ef4de866119be"],"entryFialPrice":260} [07/Aug/2022:21:05:20 +0000] PUT /api/user/addWishItem 500 33.289 "PostmanRuntime/7.29.2"
{"bookIds":["62dbfb6399dc88fcc329d39e"],"collectionIds":["62efac16475ef4de866119be"],"entryFialPrice":260} [07/Aug/2022:21:06:14 +0000] GET /api/wish/wishItems 200 302.548 "PostmanRuntime/7.29.2"
{"bookIds":["62dbfb6399dc88fcc329d39e"],"collectionIds":["62efac16475ef4de866119be"],"entryFialPrice":260} [07/Aug/2022:21:07:46 +0000] PUT /api/user/addWishItem 500 572.321 "PostmanRuntime/7.29.2"
{"bookIds":["62dbfb6399dc88fcc329d39e"],"collectionIds":["62efac16475ef4de866119be"],"entryFialPrice":260} [07/Aug/2022:21:12:51 +0000] PUT /api/user/addWishItem 500 600.125 "PostmanRuntime/7.29.2"
{"bookIds":["62dbfb6399dc88fcc329d39e"],"collectionIds":["62efac16475ef4de866119be"],"entryFialPrice":260} [07/Aug/2022:21:14:05 +0000] PUT /api/user/addWishItem 200 306.796 "PostmanRuntime/7.29.2"
{"bookIds":["62dbfb6399dc88fcc329d39e"],"collectionIds":["62efac16475ef4de866119be"],"entryFialPrice":260} [07/Aug/2022:21:14:35 +0000] PUT /api/user/addWishItem 500 153.583 "PostmanRuntime/7.29.2"
{"bookIds":["62dbfb6399dc88fcc329d39e"],"collectionIds":["62efac16475ef4de866119be"],"entryFialPrice":260} [07/Aug/2022:21:15:12 +0000] PUT /api/user/removeWishItem 404 4.251 "PostmanRuntime/7.29.2"
{"bookIds":["62dbfb6399dc88fcc329d39e"],"collectionIds":["62efac16475ef4de866119be"],"entryFialPrice":260} [07/Aug/2022:21:15:47 +0000] PUT /api/user/removeWishItem 200 398.225 "PostmanRuntime/7.29.2"
{"bookIds":["62dbfb6399dc88fcc329d39e"],"collectionIds":["62efac16475ef4de866119be"],"entryFialPrice":260} [07/Aug/2022:21:16:07 +0000] PUT /api/user/removeWishItem 500 1152.977 "PostmanRuntime/7.29.2"
