- [06/Aug/2022:16:06:26 +0000] GET / 304 12.033 "Mozilla/5.0 (Windows NT 10.0; Win64; x64) AppleWebKit/537.36 (KHTML, like Gecko) Chrome/104.0.0.0 Safari/537.36"
{} [06/Aug/2022:16:06:26 +0000] GET /favicon.ico 404 8.389 "Mozilla/5.0 (Windows NT 10.0; Win64; x64) AppleWebKit/537.36 (KHTML, like Gecko) Chrome/104.0.0.0 Safari/537.36"
{"userName":"mohamedAhmed","pass":"M012m&24"} [06/Aug/2022:16:07:34 +0000] POST /login 200 657.723 "PostmanRuntime/7.29.2"
{} [06/Aug/2022:16:07:59 +0000] GET /api/cart/cartItems 200 161.776 "PostmanRuntime/7.29.2"
{} [06/Aug/2022:16:29:59 +0000] GET /api/books 200 226.186 "Mozilla/5.0 (Windows NT 10.0; Win64; x64) AppleWebKit/537.36 (KHTML, like Gecko) Chrome/104.0.0.0 Safari/537.36"
{"bookFialPrice":4,"bookId":"62dbf60da78afb988b9a5f7c"} [06/Aug/2022:16:30:45 +0000] POST /api/user/addCartItem 500 388.990 "PostmanRuntime/7.29.2"
{"bookFialPrice":4,"bookId":"62dbf60da78afb988b9a5f7c"} [06/Aug/2022:16:31:45 +0000] POST /api/user/addCartItem 200 398.020 "PostmanRuntime/7.29.2"
{} [06/Aug/2022:16:32:02 +0000] GET /api/cart/cartItems 200 446.848 "PostmanRuntime/7.29.2"
{"bookFialPrice":4,"bookId":"62dbf60da78afb988b9a5f7c"} [06/Aug/2022:16:46:52 +0000] DELETE /api/user/removeCartItem/62dbf60da78afb988b9a5f7c/4 200 488.849 "PostmanRuntime/7.29.2"
{} [06/Aug/2022:16:47:02 +0000] GET /api/cart/cartItems 200 193.514 "PostmanRuntime/7.29.2"
{"bookFialPrice":4,"bookId":["62dbf60da78afb988b9a5f7c"]} [06/Aug/2022:17:17:43 +0000] POST /api/user/addCartItem - - "PostmanRuntime/7.29.2"
{} [06/Aug/2022:17:18:00 +0000] GET /api/cart/cartItems 200 4495.056 "PostmanRuntime/7.29.2"
{"bookFialPrice":4,"bookId":["62dbf60da78afb988b9a5f7c"]} [06/Aug/2022:17:18:19 +0000] POST /api/user/removeCartItem 200 2864.052 "PostmanRuntime/7.29.2"
{} [06/Aug/2022:17:18:25 +0000] GET /api/cart/cartItems 200 1261.969 "PostmanRuntime/7.29.2"
{"bookFialPrice":4,"bookId":["62dbf60da78afb988b9a5f8c"]} [06/Aug/2022:17:34:24 +0000] POST /api/user/removeCartItem 500 1651.809 "PostmanRuntime/7.29.2"
{"booksFialPrice":4,"bookId":["62dbf60da78afb988b9a5f8c"]} [06/Aug/2022:17:34:38 +0000] POST /api/user/removeCartItem 200 274.361 "PostmanRuntime/7.29.2"
{} [06/Aug/2022:17:35:16 +0000] GET /api/cart/cartItems 200 155.053 "PostmanRuntime/7.29.2"
{} [06/Aug/2022:17:36:34 +0000] GET /api/cart/cartItems 200 219.545 "PostmanRuntime/7.29.2"
{"booksFialPrice":4,"bookId":["62dbf60da78afb988b9a5f8c"]} [06/Aug/2022:17:36:42 +0000] POST /api/user/removeCartItem 200 430.936 "PostmanRuntime/7.29.2"
{"booksFialPrice":4,"bookId":["62dbf60da78afb988b9a5f8c"]} [06/Aug/2022:17:38:09 +0000] POST /api/user/removeCartItem 200 360.427 "PostmanRuntime/7.29.2"
{} [06/Aug/2022:17:38:12 +0000] GET /api/cart/cartItems 200 130.940 "PostmanRuntime/7.29.2"
{"booksFialPrice":4,"bookIds":["62dbf60da78afb988b9a5f8c"]} [06/Aug/2022:17:48:03 +0000] POST /api/user/removeCartItem 500 297.645 "PostmanRuntime/7.29.2"
{} [06/Aug/2022:17:48:11 +0000] GET /api/cart/cartItems 200 174.442 "PostmanRuntime/7.29.2"
{"booksFialPrice":4,"bookIds":["62dbf60da78afb988b9a5f8c"]} [06/Aug/2022:17:51:13 +0000] POST /api/user/removeCartItem 500 2869.304 "PostmanRuntime/7.29.2"
{"booksFialPrice":4,"bookIds":["62dbf60da78afb988b9a5f7c"]} [06/Aug/2022:18:00:20 +0000] POST /api/user/addCartItem 500 217.883 "PostmanRuntime/7.29.2"
{"booksFialPrice":4,"bookIds":["62dbf60da78afb988b9a5f7c"]} [06/Aug/2022:18:00:48 +0000] POST /api/user/addCartItem 200 379.244 "PostmanRuntime/7.29.2"
{} [06/Aug/2022:18:00:55 +0000] GET /api/cart/cartItems 200 544.630 "PostmanRuntime/7.29.2"
{"booksFialPrice":4,"bookIds":["62dbf60da78afb988b9a5f7c"]} [06/Aug/2022:18:01:02 +0000] POST /api/user/addCartItem 200 292.930 "PostmanRuntime/7.29.2"
{} [06/Aug/2022:18:01:08 +0000] GET /api/cart/cartItems 200 375.418 "PostmanRuntime/7.29.2"
{} [06/Aug/2022:18:04:47 +0000] GET /api/cart/cartItems 200 613.176 "PostmanRuntime/7.29.2"
{"booksFialPrice":4,"bookIds":["62dbf60da78afb988b9a5f7c"]} [06/Aug/2022:18:04:53 +0000] POST /api/user/addCartItem 500 366.750 "PostmanRuntime/7.29.2"
{} [06/Aug/2022:18:05:00 +0000] GET /api/cart/cartItems 200 375.052 "PostmanRuntime/7.29.2"
{"booksFialPrice":4,"bookIds":["62dbf60da78afb988b9a5f7c"]} [06/Aug/2022:18:09:26 +0000] POST /api/user/removeCartItem 200 369.877 "PostmanRuntime/7.29.2"
{} [06/Aug/2022:18:09:32 +0000] GET /api/cart/cartItems 200 201.809 "PostmanRuntime/7.29.2"
{"booksFialPrice":4,"bookIds":["62dbf60da78afb988b9a5f7c"]} [06/Aug/2022:18:09:45 +0000] POST /api/user/addCartItem 200 284.048 "PostmanRuntime/7.29.2"
{} [06/Aug/2022:18:09:49 +0000] GET /api/cart/cartItems 200 910.008 "PostmanRuntime/7.29.2"
{"booksFialPrice":10,"bookIds":["62dbfb6399dc88fcc329d39d"]} [06/Aug/2022:18:10:24 +0000] POST /api/user/addCartItem 200 252.173 "PostmanRuntime/7.29.2"
{} [06/Aug/2022:18:10:29 +0000] GET /api/cart/cartItems 200 373.528 "PostmanRuntime/7.29.2"
{} [06/Aug/2022:19:09:37 +0000] GET /api/user/orders 500 35.492 "PostmanRuntime/7.29.2"
{} [06/Aug/2022:19:10:25 +0000] GET /api/user/tmam/orders 200 3551.024 "PostmanRuntime/7.29.2"
{"booksFialPrice":10,"bookIds":["62dbfb6399dc88fcc329d39d"]} [06/Aug/2022:19:14:05 +0000] POST /api/user/order 500 344.078 "PostmanRuntime/7.29.2"
{"totalFinalPrice":10,"bookIds":["62dbfb6399dc88fcc329d39d"]} [06/Aug/2022:19:14:55 +0000] POST /api/user/order 201 177.176 "PostmanRuntime/7.29.2"
{} [06/Aug/2022:19:15:01 +0000] GET /api/user/tmam/orders 200 158.806 "PostmanRuntime/7.29.2"
{} [06/Aug/2022:19:15:07 +0000] GET /api/user/tmam/orders 200 121.398 "PostmanRuntime/7.29.2"
{} [06/Aug/2022:19:17:05 +0000] GET /api/user/tmam/orders 200 121.274 "PostmanRuntime/7.29.2"
{} [06/Aug/2022:19:17:57 +0000] GET /api/user/tmam/orders 200 178.916 "PostmanRuntime/7.29.2"
{} [06/Aug/2022:19:20:02 +0000] GET /api/user/tmam/orders 200 1158.504 "PostmanRuntime/7.29.2"
{} [06/Aug/2022:19:21:42 +0000] GET /api/user/tmam/orders 200 646.544 "PostmanRuntime/7.29.2"
{} [06/Aug/2022:19:22:48 +0000] GET /api/user/tmam/orders 200 1405.730 "PostmanRuntime/7.29.2"
{"orderId":"62eebdaf5f8ecfee4f3b75dd","totalFinalPrice":10,"bookIds":["62dbfb6399dc88fcc329d39d"]} [06/Aug/2022:19:24:29 +0000] PUT /api/user/order/removeBook 500 852.886 "PostmanRuntime/7.29.2"
{"orderId":"62eebdaf5f8ecfee4f3b75dd","booksFialPrice":10,"bookIds":["62dbfb6399dc88fcc329d39d"]} [06/Aug/2022:19:25:11 +0000] PUT /api/user/order/removeBook 500 2687.431 "PostmanRuntime/7.29.2"
{} [06/Aug/2022:19:25:27 +0000] GET /api/user/tmam/orders 200 403.882 "PostmanRuntime/7.29.2"
{} [06/Aug/2022:19:27:19 +0000] GET /api/user/tmam/orders 200 415.369 "PostmanRuntime/7.29.2"
{"orderId":"62eebdaf5f8ecfee4f3b75dd","booksFialPrice":10,"bookIds":["62dbfb6399dc88fcc329d39d"]} [06/Aug/2022:19:28:06 +0000] PUT /api/user/order/addBook 200 265.376 "PostmanRuntime/7.29.2"
{} [06/Aug/2022:19:28:13 +0000] GET /api/user/tmam/orders 200 1602.560 "PostmanRuntime/7.29.2"
{"orderId":"62eebdaf5f8ecfee4f3b75dd","booksFialPrice":10,"bookIds":["62dbfb6399dc88fcc329d39d"]} [06/Aug/2022:19:28:54 +0000] PUT /api/user/order/addBook 500 391.332 "PostmanRuntime/7.29.2"
{} [06/Aug/2022:19:29:02 +0000] GET /api/user/tmam/orders 200 2265.511 "PostmanRuntime/7.29.2"
{} [06/Aug/2022:19:37:39 +0000] GET /api/user/tmam/orders 200 703.239 "PostmanRuntime/7.29.2"
{} [06/Aug/2022:20:23:57 +0000] GET /api/user/tmam/orders 200 517.383 "PostmanRuntime/7.29.2"
{} [06/Aug/2022:20:28:23 +0000] GET /api/user/tmam/orders 200 553.803 "PostmanRuntime/7.29.2"
{} [06/Aug/2022:20:31:17 +0000] GET /api/user/tmam/orders 200 452.091 "PostmanRuntime/7.29.2"
{} [06/Aug/2022:20:39:07 +0000] GET /api/user/tmam/orders 200 493.297 "PostmanRuntime/7.29.2"
{} [06/Aug/2022:20:41:04 +0000] GET /api/user/tmam/orders 200 554.406 "PostmanRuntime/7.29.2"
{} [06/Aug/2022:20:41:56 +0000] GET /api/user/tmam/orders 200 17281.984 "PostmanRuntime/7.29.2"
{} [06/Aug/2022:20:44:49 +0000] GET /api/user/tmam/orders 200 454.027 "PostmanRuntime/7.29.2"
