{} [06/Aug/2022:18:30:17 +0000] GET /api/categories 304 141.146 "Mozilla/5.0 (Windows NT 10.0; Win64; x64) AppleWebKit/537.36 (KHTML, like Gecko) Chrome/103.0.5060.134 Safari/537.36 Edg/103.0.1264.77"
{} [06/Aug/2022:18:30:17 +0000] GET /api/books/?& 304 188.274 "Mozilla/5.0 (Windows NT 10.0; Win64; x64) AppleWebKit/537.36 (KHTML, like Gecko) Chrome/103.0.5060.134 Safari/537.36 Edg/103.0.1264.77"
{} [06/Aug/2022:18:33:20 +0000] GET /api/categories 304 108.137 "Mozilla/5.0 (Windows NT 10.0; Win64; x64) AppleWebKit/537.36 (KHTML, like Gecko) Chrome/103.0.5060.134 Safari/537.36 Edg/103.0.1264.77"
{} [06/Aug/2022:18:33:20 +0000] GET /api/books/?& 304 177.768 "Mozilla/5.0 (Windows NT 10.0; Win64; x64) AppleWebKit/537.36 (KHTML, like Gecko) Chrome/103.0.5060.134 Safari/537.36 Edg/103.0.1264.77"
{} [06/Aug/2022:18:33:34 +0000] GET /api/categories 304 107.427 "Mozilla/5.0 (Windows NT 10.0; Win64; x64) AppleWebKit/537.36 (KHTML, like Gecko) Chrome/103.0.5060.134 Safari/537.36 Edg/103.0.1264.77"
{} [06/Aug/2022:18:33:34 +0000] GET /api/books/?& 304 174.088 "Mozilla/5.0 (Windows NT 10.0; Win64; x64) AppleWebKit/537.36 (KHTML, like Gecko) Chrome/103.0.5060.134 Safari/537.36 Edg/103.0.1264.77"
{} [06/Aug/2022:18:33:47 +0000] GET /api/books/?category=kids&priceMin=&priceMax=&priceSort= 200 142.276 "Mozilla/5.0 (Windows NT 10.0; Win64; x64) AppleWebKit/537.36 (KHTML, like Gecko) Chrome/103.0.5060.134 Safari/537.36 Edg/103.0.1264.77"
{} [06/Aug/2022:18:33:47 +0000] GET /api/books/?&priceMin=&priceMax=&priceSort= 304 184.837 "Mozilla/5.0 (Windows NT 10.0; Win64; x64) AppleWebKit/537.36 (KHTML, like Gecko) Chrome/103.0.5060.134 Safari/537.36 Edg/103.0.1264.77"
{} [06/Aug/2022:18:33:49 +0000] GET /api/books/?&category=kids&category=scientific%20researches&priceMin=&priceMax=&priceSort= 200 129.484 "Mozilla/5.0 (Windows NT 10.0; Win64; x64) AppleWebKit/537.36 (KHTML, like Gecko) Chrome/103.0.5060.134 Safari/537.36 Edg/103.0.1264.77"
{} [06/Aug/2022:18:33:50 +0000] GET /api/books/?category=scientific%20researches&priceMin=&priceMax=&priceSort= 304 124.784 "Mozilla/5.0 (Windows NT 10.0; Win64; x64) AppleWebKit/537.36 (KHTML, like Gecko) Chrome/103.0.5060.134 Safari/537.36 Edg/103.0.1264.77"
{} [06/Aug/2022:18:33:51 +0000] GET /api/books/?&category=scientific%20researches&category=novels&priceMin=&priceMax=&priceSort= 200 139.688 "Mozilla/5.0 (Windows NT 10.0; Win64; x64) AppleWebKit/537.36 (KHTML, like Gecko) Chrome/103.0.5060.134 Safari/537.36 Edg/103.0.1264.77"
{} [06/Aug/2022:18:33:52 +0000] GET /api/books/?category=novels&priceMin=&priceMax=&priceSort= 304 138.771 "Mozilla/5.0 (Windows NT 10.0; Win64; x64) AppleWebKit/537.36 (KHTML, like Gecko) Chrome/103.0.5060.134 Safari/537.36 Edg/103.0.1264.77"
{} [06/Aug/2022:18:33:53 +0000] GET /api/books/?&category=novels&category=horror&priceMin=&priceMax=&priceSort= 200 248.781 "Mozilla/5.0 (Windows NT 10.0; Win64; x64) AppleWebKit/537.36 (KHTML, like Gecko) Chrome/103.0.5060.134 Safari/537.36 Edg/103.0.1264.77"
{} [06/Aug/2022:18:33:54 +0000] GET /api/books/?category=horror&priceMin=&priceMax=&priceSort= 200 689.383 "Mozilla/5.0 (Windows NT 10.0; Win64; x64) AppleWebKit/537.36 (KHTML, like Gecko) Chrome/103.0.5060.134 Safari/537.36 Edg/103.0.1264.77"
{} [06/Aug/2022:18:33:55 +0000] GET /api/promotions 304 125.244 "Mozilla/5.0 (Windows NT 10.0; Win64; x64) AppleWebKit/537.36 (KHTML, like Gecko) Chrome/103.0.5060.134 Safari/537.36 Edg/103.0.1264.77"
{} [06/Aug/2022:18:38:33 +0000] GET /api/categories 304 124.472 "Mozilla/5.0 (Windows NT 10.0; Win64; x64) AppleWebKit/537.36 (KHTML, like Gecko) Chrome/103.0.5060.134 Safari/537.36 Edg/103.0.1264.77"
{} [06/Aug/2022:18:38:33 +0000] GET /api/books/?& 304 214.270 "Mozilla/5.0 (Windows NT 10.0; Win64; x64) AppleWebKit/537.36 (KHTML, like Gecko) Chrome/103.0.5060.134 Safari/537.36 Edg/103.0.1264.77"
{} [06/Aug/2022:18:50:53 +0000] GET /api/categories 304 120.953 "Mozilla/5.0 (Windows NT 10.0; Win64; x64) AppleWebKit/537.36 (KHTML, like Gecko) Chrome/103.0.5060.134 Safari/537.36 Edg/103.0.1264.77"
{} [06/Aug/2022:18:50:53 +0000] GET /api/books/?& 304 191.054 "Mozilla/5.0 (Windows NT 10.0; Win64; x64) AppleWebKit/537.36 (KHTML, like Gecko) Chrome/103.0.5060.134 Safari/537.36 Edg/103.0.1264.77"
{} [06/Aug/2022:18:51:30 +0000] GET /api/categories 304 103.449 "Mozilla/5.0 (Windows NT 10.0; Win64; x64) AppleWebKit/537.36 (KHTML, like Gecko) Chrome/103.0.5060.134 Safari/537.36 Edg/103.0.1264.77"
{} [06/Aug/2022:18:51:30 +0000] GET /api/books/?& 304 173.122 "Mozilla/5.0 (Windows NT 10.0; Win64; x64) AppleWebKit/537.36 (KHTML, like Gecko) Chrome/103.0.5060.134 Safari/537.36 Edg/103.0.1264.77"
{} [06/Aug/2022:18:52:44 +0000] GET /api/categories 304 105.970 "Mozilla/5.0 (Windows NT 10.0; Win64; x64) AppleWebKit/537.36 (KHTML, like Gecko) Chrome/103.0.5060.134 Safari/537.36 Edg/103.0.1264.77"
{} [06/Aug/2022:18:52:44 +0000] GET /api/books/?& 304 216.169 "Mozilla/5.0 (Windows NT 10.0; Win64; x64) AppleWebKit/537.36 (KHTML, like Gecko) Chrome/103.0.5060.134 Safari/537.36 Edg/103.0.1264.77"
{} [06/Aug/2022:18:52:55 +0000] GET /api/admin/book/62dbfb6399dc88fcc329d39d 304 109.670 "Mozilla/5.0 (Windows NT 10.0; Win64; x64) AppleWebKit/537.36 (KHTML, like Gecko) Chrome/103.0.5060.134 Safari/537.36 Edg/103.0.1264.77"
{} [06/Aug/2022:18:59:56 +0000] GET /api/admin/book/62dbfb6399dc88fcc329d39d 304 105.495 "Mozilla/5.0 (Windows NT 10.0; Win64; x64) AppleWebKit/537.36 (KHTML, like Gecko) Chrome/103.0.5060.134 Safari/537.36 Edg/103.0.1264.77"
{} [06/Aug/2022:18:59:56 +0000] GET /api/books/?& 304 192.198 "Mozilla/5.0 (Windows NT 10.0; Win64; x64) AppleWebKit/537.36 (KHTML, like Gecko) Chrome/103.0.5060.134 Safari/537.36 Edg/103.0.1264.77"
{} [06/Aug/2022:19:01:27 +0000] GET /api/admin/book/62dbfb6399dc88fcc329d39d 304 106.632 "Mozilla/5.0 (Windows NT 10.0; Win64; x64) AppleWebKit/537.36 (KHTML, like Gecko) Chrome/103.0.5060.134 Safari/537.36 Edg/103.0.1264.77"
{} [06/Aug/2022:19:01:28 +0000] GET /api/books/?& 304 178.346 "Mozilla/5.0 (Windows NT 10.0; Win64; x64) AppleWebKit/537.36 (KHTML, like Gecko) Chrome/103.0.5060.134 Safari/537.36 Edg/103.0.1264.77"
{} [06/Aug/2022:19:01:31 +0000] GET /api/admin/book/62dbfb6399dc88fcc329d39d 304 107.289 "Mozilla/5.0 (Windows NT 10.0; Win64; x64) AppleWebKit/537.36 (KHTML, like Gecko) Chrome/103.0.5060.134 Safari/537.36 Edg/103.0.1264.77"
{} [06/Aug/2022:19:01:31 +0000] GET /api/books/?& 304 174.069 "Mozilla/5.0 (Windows NT 10.0; Win64; x64) AppleWebKit/537.36 (KHTML, like Gecko) Chrome/103.0.5060.134 Safari/537.36 Edg/103.0.1264.77"
{} [06/Aug/2022:19:02:44 +0000] GET /api/admin/book/62dbfb6399dc88fcc329d39d 304 110.042 "Mozilla/5.0 (Windows NT 10.0; Win64; x64) AppleWebKit/537.36 (KHTML, like Gecko) Chrome/103.0.5060.134 Safari/537.36 Edg/103.0.1264.77"
{} [06/Aug/2022:19:02:44 +0000] GET /api/books/?& 304 174.103 "Mozilla/5.0 (Windows NT 10.0; Win64; x64) AppleWebKit/537.36 (KHTML, like Gecko) Chrome/103.0.5060.134 Safari/537.36 Edg/103.0.1264.77"
{} [06/Aug/2022:19:03:11 +0000] GET /api/admin/book/62dbfb6399dc88fcc329d39d 304 108.290 "Mozilla/5.0 (Windows NT 10.0; Win64; x64) AppleWebKit/537.36 (KHTML, like Gecko) Chrome/103.0.5060.134 Safari/537.36 Edg/103.0.1264.77"
{} [06/Aug/2022:19:03:11 +0000] GET /api/books/?& 304 179.947 "Mozilla/5.0 (Windows NT 10.0; Win64; x64) AppleWebKit/537.36 (KHTML, like Gecko) Chrome/103.0.5060.134 Safari/537.36 Edg/103.0.1264.77"
{} [06/Aug/2022:19:03:21 +0000] GET /api/admin/book/62dbfb6399dc88fcc329d39d 304 108.263 "Mozilla/5.0 (Windows NT 10.0; Win64; x64) AppleWebKit/537.36 (KHTML, like Gecko) Chrome/103.0.5060.134 Safari/537.36 Edg/103.0.1264.77"
{} [06/Aug/2022:19:03:22 +0000] GET /api/books/?& 304 180.758 "Mozilla/5.0 (Windows NT 10.0; Win64; x64) AppleWebKit/537.36 (KHTML, like Gecko) Chrome/103.0.5060.134 Safari/537.36 Edg/103.0.1264.77"
{} [06/Aug/2022:19:03:56 +0000] GET /api/admin/book/62dbfb6399dc88fcc329d39d 304 106.623 "Mozilla/5.0 (Windows NT 10.0; Win64; x64) AppleWebKit/537.36 (KHTML, like Gecko) Chrome/103.0.5060.134 Safari/537.36 Edg/103.0.1264.77"
{} [06/Aug/2022:19:03:56 +0000] GET /api/books/?& 304 174.760 "Mozilla/5.0 (Windows NT 10.0; Win64; x64) AppleWebKit/537.36 (KHTML, like Gecko) Chrome/103.0.5060.134 Safari/537.36 Edg/103.0.1264.77"
{} [06/Aug/2022:19:04:10 +0000] GET /api/admin/book/62dbfb6399dc88fcc329d39d 304 106.507 "Mozilla/5.0 (Windows NT 10.0; Win64; x64) AppleWebKit/537.36 (KHTML, like Gecko) Chrome/103.0.5060.134 Safari/537.36 Edg/103.0.1264.77"
{} [06/Aug/2022:19:04:10 +0000] GET /api/books/?& 304 273.727 "Mozilla/5.0 (Windows NT 10.0; Win64; x64) AppleWebKit/537.36 (KHTML, like Gecko) Chrome/103.0.5060.134 Safari/537.36 Edg/103.0.1264.77"
{} [06/Aug/2022:19:05:04 +0000] GET /api/admin/book/62dbfb6399dc88fcc329d39d 304 125.197 "Mozilla/5.0 (Windows NT 10.0; Win64; x64) AppleWebKit/537.36 (KHTML, like Gecko) Chrome/103.0.5060.134 Safari/537.36 Edg/103.0.1264.77"
{} [06/Aug/2022:19:05:04 +0000] GET /api/books/?& 304 180.740 "Mozilla/5.0 (Windows NT 10.0; Win64; x64) AppleWebKit/537.36 (KHTML, like Gecko) Chrome/103.0.5060.134 Safari/537.36 Edg/103.0.1264.77"
{} [06/Aug/2022:19:06:25 +0000] GET /api/admin/book/62dbfb6399dc88fcc329d39d 304 106.459 "Mozilla/5.0 (Windows NT 10.0; Win64; x64) AppleWebKit/537.36 (KHTML, like Gecko) Chrome/103.0.5060.134 Safari/537.36 Edg/103.0.1264.77"
{} [06/Aug/2022:19:06:25 +0000] GET /api/books/?& 304 176.664 "Mozilla/5.0 (Windows NT 10.0; Win64; x64) AppleWebKit/537.36 (KHTML, like Gecko) Chrome/103.0.5060.134 Safari/537.36 Edg/103.0.1264.77"
{} [06/Aug/2022:19:06:52 +0000] GET /api/admin/book/62dbfb6399dc88fcc329d39d 304 107.117 "Mozilla/5.0 (Windows NT 10.0; Win64; x64) AppleWebKit/537.36 (KHTML, like Gecko) Chrome/103.0.5060.134 Safari/537.36 Edg/103.0.1264.77"
{} [06/Aug/2022:19:06:52 +0000] GET /api/books/?& 304 173.216 "Mozilla/5.0 (Windows NT 10.0; Win64; x64) AppleWebKit/537.36 (KHTML, like Gecko) Chrome/103.0.5060.134 Safari/537.36 Edg/103.0.1264.77"
{} [06/Aug/2022:19:07:35 +0000] GET /api/admin/book/62dbfb6399dc88fcc329d39d 304 131.118 "Mozilla/5.0 (Windows NT 10.0; Win64; x64) AppleWebKit/537.36 (KHTML, like Gecko) Chrome/103.0.5060.134 Safari/537.36 Edg/103.0.1264.77"
{} [06/Aug/2022:19:07:35 +0000] GET /api/books/?& 304 187.865 "Mozilla/5.0 (Windows NT 10.0; Win64; x64) AppleWebKit/537.36 (KHTML, like Gecko) Chrome/103.0.5060.134 Safari/537.36 Edg/103.0.1264.77"
{} [06/Aug/2022:19:09:40 +0000] GET /api/admin/book/62dbfb6399dc88fcc329d39d 304 114.200 "Mozilla/5.0 (Windows NT 10.0; Win64; x64) AppleWebKit/537.36 (KHTML, like Gecko) Chrome/103.0.5060.134 Safari/537.36 Edg/103.0.1264.77"
{} [06/Aug/2022:19:09:40 +0000] GET /api/books/?& 304 176.905 "Mozilla/5.0 (Windows NT 10.0; Win64; x64) AppleWebKit/537.36 (KHTML, like Gecko) Chrome/103.0.5060.134 Safari/537.36 Edg/103.0.1264.77"
{} [06/Aug/2022:19:12:09 +0000] GET /api/admin/book/62dbfb6399dc88fcc329d39d 304 107.667 "Mozilla/5.0 (Windows NT 10.0; Win64; x64) AppleWebKit/537.36 (KHTML, like Gecko) Chrome/103.0.5060.134 Safari/537.36 Edg/103.0.1264.77"
{} [06/Aug/2022:19:12:09 +0000] GET /api/books/?& 304 172.842 "Mozilla/5.0 (Windows NT 10.0; Win64; x64) AppleWebKit/537.36 (KHTML, like Gecko) Chrome/103.0.5060.134 Safari/537.36 Edg/103.0.1264.77"
{} [06/Aug/2022:19:12:47 +0000] GET /api/categories 304 127.430 "Mozilla/5.0 (Windows NT 10.0; Win64; x64) AppleWebKit/537.36 (KHTML, like Gecko) Chrome/103.0.5060.134 Safari/537.36 Edg/103.0.1264.77"
{} [06/Aug/2022:19:12:47 +0000] GET /api/books/?&priceMin=&priceMax=&priceSort= 304 207.976 "Mozilla/5.0 (Windows NT 10.0; Win64; x64) AppleWebKit/537.36 (KHTML, like Gecko) Chrome/103.0.5060.134 Safari/537.36 Edg/103.0.1264.77"
{} [06/Aug/2022:19:12:47 +0000] GET /api/books/?category=kids&priceMin=&priceMax=&priceSort= 304 139.914 "Mozilla/5.0 (Windows NT 10.0; Win64; x64) AppleWebKit/537.36 (KHTML, like Gecko) Chrome/103.0.5060.134 Safari/537.36 Edg/103.0.1264.77"
{} [06/Aug/2022:19:13:40 +0000] GET /api/categories 304 145.355 "Mozilla/5.0 (Windows NT 10.0; Win64; x64) AppleWebKit/537.36 (KHTML, like Gecko) Chrome/103.0.5060.134 Safari/537.36 Edg/103.0.1264.77"
{} [06/Aug/2022:19:13:40 +0000] GET /api/books/?&priceMin=&priceMax=&priceSort= 304 245.269 "Mozilla/5.0 (Windows NT 10.0; Win64; x64) AppleWebKit/537.36 (KHTML, like Gecko) Chrome/103.0.5060.134 Safari/537.36 Edg/103.0.1264.77"
{} [06/Aug/2022:19:13:40 +0000] GET /api/books/?category=kids&priceMin=&priceMax=&priceSort= 304 133.631 "Mozilla/5.0 (Windows NT 10.0; Win64; x64) AppleWebKit/537.36 (KHTML, like Gecko) Chrome/103.0.5060.134 Safari/537.36 Edg/103.0.1264.77"
{} [06/Aug/2022:19:16:19 +0000] GET /api/categories 304 109.169 "Mozilla/5.0 (Windows NT 10.0; Win64; x64) AppleWebKit/537.36 (KHTML, like Gecko) Chrome/103.0.5060.134 Safari/537.36 Edg/103.0.1264.77"
{} [06/Aug/2022:19:16:19 +0000] GET /api/books/?&priceMin=&priceMax=&priceSort= 304 172.745 "Mozilla/5.0 (Windows NT 10.0; Win64; x64) AppleWebKit/537.36 (KHTML, like Gecko) Chrome/103.0.5060.134 Safari/537.36 Edg/103.0.1264.77"
{} [06/Aug/2022:19:16:19 +0000] GET /api/books/?category=kids&priceMin=&priceMax=&priceSort= 304 129.929 "Mozilla/5.0 (Windows NT 10.0; Win64; x64) AppleWebKit/537.36 (KHTML, like Gecko) Chrome/103.0.5060.134 Safari/537.36 Edg/103.0.1264.77"
{} [06/Aug/2022:19:16:43 +0000] GET /api/categories 304 106.614 "Mozilla/5.0 (Windows NT 10.0; Win64; x64) AppleWebKit/537.36 (KHTML, like Gecko) Chrome/103.0.5060.134 Safari/537.36 Edg/103.0.1264.77"
{} [06/Aug/2022:19:16:43 +0000] GET /api/books/?&priceMin=&priceMax=&priceSort= 304 171.389 "Mozilla/5.0 (Windows NT 10.0; Win64; x64) AppleWebKit/537.36 (KHTML, like Gecko) Chrome/103.0.5060.134 Safari/537.36 Edg/103.0.1264.77"
{} [06/Aug/2022:19:16:43 +0000] GET /api/books/?category=kids&priceMin=&priceMax=&priceSort= 304 129.109 "Mozilla/5.0 (Windows NT 10.0; Win64; x64) AppleWebKit/537.36 (KHTML, like Gecko) Chrome/103.0.5060.134 Safari/537.36 Edg/103.0.1264.77"
{} [06/Aug/2022:19:17:30 +0000] GET /api/categories 304 106.798 "Mozilla/5.0 (Windows NT 10.0; Win64; x64) AppleWebKit/537.36 (KHTML, like Gecko) Chrome/103.0.5060.134 Safari/537.36 Edg/103.0.1264.77"
{} [06/Aug/2022:19:17:31 +0000] GET /api/books/?&priceMin=&priceMax=&priceSort= 304 179.459 "Mozilla/5.0 (Windows NT 10.0; Win64; x64) AppleWebKit/537.36 (KHTML, like Gecko) Chrome/103.0.5060.134 Safari/537.36 Edg/103.0.1264.77"
{} [06/Aug/2022:19:17:31 +0000] GET /api/books/?category=kids&priceMin=&priceMax=&priceSort= 304 130.165 "Mozilla/5.0 (Windows NT 10.0; Win64; x64) AppleWebKit/537.36 (KHTML, like Gecko) Chrome/103.0.5060.134 Safari/537.36 Edg/103.0.1264.77"
{} [06/Aug/2022:19:17:48 +0000] GET /api/categories 304 105.700 "Mozilla/5.0 (Windows NT 10.0; Win64; x64) AppleWebKit/537.36 (KHTML, like Gecko) Chrome/103.0.5060.134 Safari/537.36 Edg/103.0.1264.77"
{} [06/Aug/2022:19:17:48 +0000] GET /api/books/?&priceMin=&priceMax=&priceSort= 304 170.944 "Mozilla/5.0 (Windows NT 10.0; Win64; x64) AppleWebKit/537.36 (KHTML, like Gecko) Chrome/103.0.5060.134 Safari/537.36 Edg/103.0.1264.77"
{} [06/Aug/2022:19:17:48 +0000] GET /api/books/?category=kids&priceMin=&priceMax=&priceSort= 304 129.915 "Mozilla/5.0 (Windows NT 10.0; Win64; x64) AppleWebKit/537.36 (KHTML, like Gecko) Chrome/103.0.5060.134 Safari/537.36 Edg/103.0.1264.77"
{} [06/Aug/2022:19:17:53 +0000] GET /api/admin/book/62dbf60da78afb988b9a5f7c 200 107.650 "Mozilla/5.0 (Windows NT 10.0; Win64; x64) AppleWebKit/537.36 (KHTML, like Gecko) Chrome/103.0.5060.134 Safari/537.36 Edg/103.0.1264.77"
{} [06/Aug/2022:19:18:04 +0000] GET /api/categories 304 143.426 "Mozilla/5.0 (Windows NT 10.0; Win64; x64) AppleWebKit/537.36 (KHTML, like Gecko) Chrome/103.0.5060.134 Safari/537.36 Edg/103.0.1264.77"
{} [06/Aug/2022:19:18:04 +0000] GET /api/books/?category=kids&priceMin=&priceMax=&priceSort= 304 171.600 "Mozilla/5.0 (Windows NT 10.0; Win64; x64) AppleWebKit/537.36 (KHTML, like Gecko) Chrome/103.0.5060.134 Safari/537.36 Edg/103.0.1264.77"
{} [06/Aug/2022:19:18:04 +0000] GET /api/books/?&priceMin=&priceMax=&priceSort= 304 794.512 "Mozilla/5.0 (Windows NT 10.0; Win64; x64) AppleWebKit/537.36 (KHTML, like Gecko) Chrome/103.0.5060.134 Safari/537.36 Edg/103.0.1264.77"
{} [06/Aug/2022:19:18:25 +0000] GET /api/admin/book/62dbf60da78afb988b9a5f7c 304 176.609 "Mozilla/5.0 (Windows NT 10.0; Win64; x64) AppleWebKit/537.36 (KHTML, like Gecko) Chrome/103.0.5060.134 Safari/537.36 Edg/103.0.1264.77"
{} [06/Aug/2022:19:19:24 +0000] GET /api/admin/book/62dbf60da78afb988b9a5f7c 304 106.269 "Mozilla/5.0 (Windows NT 10.0; Win64; x64) AppleWebKit/537.36 (KHTML, like Gecko) Chrome/103.0.5060.134 Safari/537.36 Edg/103.0.1264.77"
{} [06/Aug/2022:19:23:50 +0000] GET /api/admin/book/62dbf60da78afb988b9a5f7c 304 103.677 "Mozilla/5.0 (Windows NT 10.0; Win64; x64) AppleWebKit/537.36 (KHTML, like Gecko) Chrome/103.0.5060.134 Safari/537.36 Edg/103.0.1264.77"
{} [06/Aug/2022:19:24:23 +0000] GET /api/admin/book/62dbf60da78afb988b9a5f7c 304 104.496 "Mozilla/5.0 (Windows NT 10.0; Win64; x64) AppleWebKit/537.36 (KHTML, like Gecko) Chrome/103.0.5060.134 Safari/537.36 Edg/103.0.1264.77"
{} [06/Aug/2022:19:27:23 +0000] GET /api/admin/book/62dbf60da78afb988b9a5f7c 304 105.352 "Mozilla/5.0 (Windows NT 10.0; Win64; x64) AppleWebKit/537.36 (KHTML, like Gecko) Chrome/103.0.5060.134 Safari/537.36 Edg/103.0.1264.77"
{} [06/Aug/2022:19:33:49 +0000] GET /api/admin/book/62dbf60da78afb988b9a5f7c 304 104.158 "Mozilla/5.0 (Windows NT 10.0; Win64; x64) AppleWebKit/537.36 (KHTML, like Gecko) Chrome/103.0.5060.134 Safari/537.36 Edg/103.0.1264.77"
{} [06/Aug/2022:19:34:02 +0000] GET /api/admin/book/62dbf60da78afb988b9a5f7c 304 106.971 "Mozilla/5.0 (Windows NT 10.0; Win64; x64) AppleWebKit/537.36 (KHTML, like Gecko) Chrome/103.0.5060.134 Safari/537.36 Edg/103.0.1264.77"
{} [06/Aug/2022:19:34:02 +0000] GET /api/books/?& 304 174.696 "Mozilla/5.0 (Windows NT 10.0; Win64; x64) AppleWebKit/537.36 (KHTML, like Gecko) Chrome/103.0.5060.134 Safari/537.36 Edg/103.0.1264.77"
{} [06/Aug/2022:19:34:14 +0000] GET /api/categories 304 104.368 "Mozilla/5.0 (Windows NT 10.0; Win64; x64) AppleWebKit/537.36 (KHTML, like Gecko) Chrome/103.0.5060.134 Safari/537.36 Edg/103.0.1264.77"
{} [06/Aug/2022:19:34:14 +0000] GET /api/books/?&priceMin=&priceMax=&priceSort= 304 172.726 "Mozilla/5.0 (Windows NT 10.0; Win64; x64) AppleWebKit/537.36 (KHTML, like Gecko) Chrome/103.0.5060.134 Safari/537.36 Edg/103.0.1264.77"
{} [06/Aug/2022:19:34:14 +0000] GET /api/books/?category=kids&priceMin=&priceMax=&priceSort= 304 125.512 "Mozilla/5.0 (Windows NT 10.0; Win64; x64) AppleWebKit/537.36 (KHTML, like Gecko) Chrome/103.0.5060.134 Safari/537.36 Edg/103.0.1264.77"
{} [06/Aug/2022:19:34:16 +0000] GET /api/admin/book/62dbfb6399dc88fcc329d39d 304 127.395 "Mozilla/5.0 (Windows NT 10.0; Win64; x64) AppleWebKit/537.36 (KHTML, like Gecko) Chrome/103.0.5060.134 Safari/537.36 Edg/103.0.1264.77"
{} [06/Aug/2022:19:34:26 +0000] GET /api/books/?&category=kids&category=scientific%20researches&priceMin=&priceMax=&priceSort= 304 131.251 "Mozilla/5.0 (Windows NT 10.0; Win64; x64) AppleWebKit/537.36 (KHTML, like Gecko) Chrome/103.0.5060.134 Safari/537.36 Edg/103.0.1264.77"
{} [06/Aug/2022:19:34:27 +0000] GET /api/books/?category=scientific%20researches&priceMin=&priceMax=&priceSort= 304 120.437 "Mozilla/5.0 (Windows NT 10.0; Win64; x64) AppleWebKit/537.36 (KHTML, like Gecko) Chrome/103.0.5060.134 Safari/537.36 Edg/103.0.1264.77"
{} [06/Aug/2022:19:34:29 +0000] GET /api/admin/book/62dc6abcd51c8e23a2d4c7b4 200 105.446 "Mozilla/5.0 (Windows NT 10.0; Win64; x64) AppleWebKit/537.36 (KHTML, like Gecko) Chrome/103.0.5060.134 Safari/537.36 Edg/103.0.1264.77"
{} [06/Aug/2022:19:41:04 +0000] GET /api/categories 304 105.050 "Mozilla/5.0 (Windows NT 10.0; Win64; x64) AppleWebKit/537.36 (KHTML, like Gecko) Chrome/103.0.5060.134 Safari/537.36 Edg/103.0.1264.77"
{} [06/Aug/2022:19:41:04 +0000] GET /api/books/?& 304 174.386 "Mozilla/5.0 (Windows NT 10.0; Win64; x64) AppleWebKit/537.36 (KHTML, like Gecko) Chrome/103.0.5060.134 Safari/537.36 Edg/103.0.1264.77"
{} [06/Aug/2022:19:41:44 +0000] GET /api/categories 304 107.049 "Mozilla/5.0 (Windows NT 10.0; Win64; x64) AppleWebKit/537.36 (KHTML, like Gecko) Chrome/103.0.5060.134 Safari/537.36 Edg/103.0.1264.77"
{} [06/Aug/2022:19:41:44 +0000] GET /api/books/?& 304 169.545 "Mozilla/5.0 (Windows NT 10.0; Win64; x64) AppleWebKit/537.36 (KHTML, like Gecko) Chrome/103.0.5060.134 Safari/537.36 Edg/103.0.1264.77"
{} [06/Aug/2022:19:43:25 +0000] GET /api/categories 304 106.271 "Mozilla/5.0 (Windows NT 10.0; Win64; x64) AppleWebKit/537.36 (KHTML, like Gecko) Chrome/103.0.5060.134 Safari/537.36 Edg/103.0.1264.77"
{} [06/Aug/2022:19:43:25 +0000] GET /api/books/?& 304 191.593 "Mozilla/5.0 (Windows NT 10.0; Win64; x64) AppleWebKit/537.36 (KHTML, like Gecko) Chrome/103.0.5060.134 Safari/537.36 Edg/103.0.1264.77"
{} [06/Aug/2022:19:43:47 +0000] GET /api/categories 304 106.624 "Mozilla/5.0 (Windows NT 10.0; Win64; x64) AppleWebKit/537.36 (KHTML, like Gecko) Chrome/103.0.5060.134 Safari/537.36 Edg/103.0.1264.77"
{} [06/Aug/2022:19:43:47 +0000] GET /api/books/?& 304 173.655 "Mozilla/5.0 (Windows NT 10.0; Win64; x64) AppleWebKit/537.36 (KHTML, like Gecko) Chrome/103.0.5060.134 Safari/537.36 Edg/103.0.1264.77"
{} [06/Aug/2022:19:45:30 +0000] GET /api/categories 304 108.560 "Mozilla/5.0 (Windows NT 10.0; Win64; x64) AppleWebKit/537.36 (KHTML, like Gecko) Chrome/103.0.5060.134 Safari/537.36 Edg/103.0.1264.77"
{} [06/Aug/2022:19:45:30 +0000] GET /api/books/?& 304 175.114 "Mozilla/5.0 (Windows NT 10.0; Win64; x64) AppleWebKit/537.36 (KHTML, like Gecko) Chrome/103.0.5060.134 Safari/537.36 Edg/103.0.1264.77"
{} [06/Aug/2022:19:46:34 +0000] GET /api/categories 304 108.261 "Mozilla/5.0 (Windows NT 10.0; Win64; x64) AppleWebKit/537.36 (KHTML, like Gecko) Chrome/103.0.5060.134 Safari/537.36 Edg/103.0.1264.77"
{} [06/Aug/2022:19:46:34 +0000] GET /api/books/?& 304 173.583 "Mozilla/5.0 (Windows NT 10.0; Win64; x64) AppleWebKit/537.36 (KHTML, like Gecko) Chrome/103.0.5060.134 Safari/537.36 Edg/103.0.1264.77"
{} [06/Aug/2022:19:47:54 +0000] GET /api/categories 304 106.359 "Mozilla/5.0 (Windows NT 10.0; Win64; x64) AppleWebKit/537.36 (KHTML, like Gecko) Chrome/103.0.5060.134 Safari/537.36 Edg/103.0.1264.77"
{} [06/Aug/2022:19:47:54 +0000] GET /api/books/?& 304 178.023 "Mozilla/5.0 (Windows NT 10.0; Win64; x64) AppleWebKit/537.36 (KHTML, like Gecko) Chrome/103.0.5060.134 Safari/537.36 Edg/103.0.1264.77"
{} [06/Aug/2022:19:48:11 +0000] GET /api/categories 304 108.908 "Mozilla/5.0 (Windows NT 10.0; Win64; x64) AppleWebKit/537.36 (KHTML, like Gecko) Chrome/103.0.5060.134 Safari/537.36 Edg/103.0.1264.77"
{} [06/Aug/2022:19:48:11 +0000] GET /api/books/?& 304 190.168 "Mozilla/5.0 (Windows NT 10.0; Win64; x64) AppleWebKit/537.36 (KHTML, like Gecko) Chrome/103.0.5060.134 Safari/537.36 Edg/103.0.1264.77"
{} [06/Aug/2022:19:48:23 +0000] GET /api/categories 304 105.858 "Mozilla/5.0 (Windows NT 10.0; Win64; x64) AppleWebKit/537.36 (KHTML, like Gecko) Chrome/103.0.5060.134 Safari/537.36 Edg/103.0.1264.77"
{} [06/Aug/2022:19:48:23 +0000] GET /api/books/?& 304 180.849 "Mozilla/5.0 (Windows NT 10.0; Win64; x64) AppleWebKit/537.36 (KHTML, like Gecko) Chrome/103.0.5060.134 Safari/537.36 Edg/103.0.1264.77"
{} [06/Aug/2022:19:49:17 +0000] GET /api/categories 304 106.388 "Mozilla/5.0 (Windows NT 10.0; Win64; x64) AppleWebKit/537.36 (KHTML, like Gecko) Chrome/103.0.5060.134 Safari/537.36 Edg/103.0.1264.77"
{} [06/Aug/2022:19:49:17 +0000] GET /api/books/?& 304 177.387 "Mozilla/5.0 (Windows NT 10.0; Win64; x64) AppleWebKit/537.36 (KHTML, like Gecko) Chrome/103.0.5060.134 Safari/537.36 Edg/103.0.1264.77"
{} [06/Aug/2022:19:49:53 +0000] GET /api/categories 304 107.133 "Mozilla/5.0 (Windows NT 10.0; Win64; x64) AppleWebKit/537.36 (KHTML, like Gecko) Chrome/103.0.5060.134 Safari/537.36 Edg/103.0.1264.77"
{} [06/Aug/2022:19:49:53 +0000] GET /api/books/?& 304 172.455 "Mozilla/5.0 (Windows NT 10.0; Win64; x64) AppleWebKit/537.36 (KHTML, like Gecko) Chrome/103.0.5060.134 Safari/537.36 Edg/103.0.1264.77"
{} [06/Aug/2022:19:52:39 +0000] GET /api/categories 304 108.299 "Mozilla/5.0 (Windows NT 10.0; Win64; x64) AppleWebKit/537.36 (KHTML, like Gecko) Chrome/103.0.5060.134 Safari/537.36 Edg/103.0.1264.77"
{} [06/Aug/2022:19:52:39 +0000] GET /api/books/?& 304 172.895 "Mozilla/5.0 (Windows NT 10.0; Win64; x64) AppleWebKit/537.36 (KHTML, like Gecko) Chrome/103.0.5060.134 Safari/537.36 Edg/103.0.1264.77"
{} [06/Aug/2022:19:53:08 +0000] GET /api/categories 304 107.714 "Mozilla/5.0 (Windows NT 10.0; Win64; x64) AppleWebKit/537.36 (KHTML, like Gecko) Chrome/103.0.5060.134 Safari/537.36 Edg/103.0.1264.77"
{} [06/Aug/2022:19:53:08 +0000] GET /api/books/?& 304 171.049 "Mozilla/5.0 (Windows NT 10.0; Win64; x64) AppleWebKit/537.36 (KHTML, like Gecko) Chrome/103.0.5060.134 Safari/537.36 Edg/103.0.1264.77"
{} [06/Aug/2022:19:53:25 +0000] GET /api/categories 304 115.655 "Mozilla/5.0 (Windows NT 10.0; Win64; x64) AppleWebKit/537.36 (KHTML, like Gecko) Chrome/103.0.5060.134 Safari/537.36 Edg/103.0.1264.77"
{} [06/Aug/2022:19:53:25 +0000] GET /api/books/?& 304 178.700 "Mozilla/5.0 (Windows NT 10.0; Win64; x64) AppleWebKit/537.36 (KHTML, like Gecko) Chrome/103.0.5060.134 Safari/537.36 Edg/103.0.1264.77"
{} [06/Aug/2022:19:53:30 +0000] GET /api/categories 304 106.420 "Mozilla/5.0 (Windows NT 10.0; Win64; x64) AppleWebKit/537.36 (KHTML, like Gecko) Chrome/103.0.5060.134 Safari/537.36 Edg/103.0.1264.77"
{} [06/Aug/2022:19:53:30 +0000] GET /api/books/?& 304 173.186 "Mozilla/5.0 (Windows NT 10.0; Win64; x64) AppleWebKit/537.36 (KHTML, like Gecko) Chrome/103.0.5060.134 Safari/537.36 Edg/103.0.1264.77"
{} [06/Aug/2022:20:15:54 +0000] GET /api/categories 304 104.681 "Mozilla/5.0 (Windows NT 10.0; Win64; x64) AppleWebKit/537.36 (KHTML, like Gecko) Chrome/103.0.5060.134 Safari/537.36 Edg/103.0.1264.77"
{} [06/Aug/2022:20:15:54 +0000] GET /api/books/?& 304 176.297 "Mozilla/5.0 (Windows NT 10.0; Win64; x64) AppleWebKit/537.36 (KHTML, like Gecko) Chrome/103.0.5060.134 Safari/537.36 Edg/103.0.1264.77"
{} [06/Aug/2022:20:16:15 +0000] GET /api/categories 304 104.299 "Mozilla/5.0 (Windows NT 10.0; Win64; x64) AppleWebKit/537.36 (KHTML, like Gecko) Chrome/103.0.5060.134 Safari/537.36 Edg/103.0.1264.77"
{} [06/Aug/2022:20:16:15 +0000] GET /api/books/?& 304 172.688 "Mozilla/5.0 (Windows NT 10.0; Win64; x64) AppleWebKit/537.36 (KHTML, like Gecko) Chrome/103.0.5060.134 Safari/537.36 Edg/103.0.1264.77"
{} [06/Aug/2022:20:18:50 +0000] GET /api/categories 304 111.326 "Mozilla/5.0 (Windows NT 10.0; Win64; x64) AppleWebKit/537.36 (KHTML, like Gecko) Chrome/103.0.5060.134 Safari/537.36 Edg/103.0.1264.77"
{} [06/Aug/2022:20:18:50 +0000] GET /api/books/?& 304 172.072 "Mozilla/5.0 (Windows NT 10.0; Win64; x64) AppleWebKit/537.36 (KHTML, like Gecko) Chrome/103.0.5060.134 Safari/537.36 Edg/103.0.1264.77"
{} [06/Aug/2022:20:19:16 +0000] GET /api/categories 304 160.192 "Mozilla/5.0 (Windows NT 10.0; Win64; x64) AppleWebKit/537.36 (KHTML, like Gecko) Chrome/103.0.5060.134 Safari/537.36 Edg/103.0.1264.77"
{} [06/Aug/2022:20:19:16 +0000] GET /api/books/?& 304 180.869 "Mozilla/5.0 (Windows NT 10.0; Win64; x64) AppleWebKit/537.36 (KHTML, like Gecko) Chrome/103.0.5060.134 Safari/537.36 Edg/103.0.1264.77"
{} [06/Aug/2022:20:19:28 +0000] GET /api/categories 304 161.191 "Mozilla/5.0 (Windows NT 10.0; Win64; x64) AppleWebKit/537.36 (KHTML, like Gecko) Chrome/103.0.5060.134 Safari/537.36 Edg/103.0.1264.77"
{} [06/Aug/2022:20:19:28 +0000] GET /api/books/?& 304 379.092 "Mozilla/5.0 (Windows NT 10.0; Win64; x64) AppleWebKit/537.36 (KHTML, like Gecko) Chrome/103.0.5060.134 Safari/537.36 Edg/103.0.1264.77"
{} [06/Aug/2022:20:19:40 +0000] GET /api/categories 304 120.222 "Mozilla/5.0 (Windows NT 10.0; Win64; x64) AppleWebKit/537.36 (KHTML, like Gecko) Chrome/103.0.5060.134 Safari/537.36 Edg/103.0.1264.77"
{} [06/Aug/2022:20:19:41 +0000] GET /api/books/?& 304 183.332 "Mozilla/5.0 (Windows NT 10.0; Win64; x64) AppleWebKit/537.36 (KHTML, like Gecko) Chrome/103.0.5060.134 Safari/537.36 Edg/103.0.1264.77"
{} [06/Aug/2022:20:19:52 +0000] GET /api/categories 304 109.267 "Mozilla/5.0 (Windows NT 10.0; Win64; x64) AppleWebKit/537.36 (KHTML, like Gecko) Chrome/103.0.5060.134 Safari/537.36 Edg/103.0.1264.77"
{} [06/Aug/2022:20:19:52 +0000] GET /api/books/?& 304 173.859 "Mozilla/5.0 (Windows NT 10.0; Win64; x64) AppleWebKit/537.36 (KHTML, like Gecko) Chrome/103.0.5060.134 Safari/537.36 Edg/103.0.1264.77"
{} [06/Aug/2022:20:20:50 +0000] GET /api/categories 304 106.610 "Mozilla/5.0 (Windows NT 10.0; Win64; x64) AppleWebKit/537.36 (KHTML, like Gecko) Chrome/103.0.5060.134 Safari/537.36 Edg/103.0.1264.77"
{} [06/Aug/2022:20:20:52 +0000] OPTIONS /api/admin/categorie/62e85dfd3cfeec64ef25b9e2?icon=1659396448561_Ebookalypse_106987349-1639080361155-gettyimages-1319965306-img_9521.jpeg 200 1.831 "Mozilla/5.0 (Windows NT 10.0; Win64; x64) AppleWebKit/537.36 (KHTML, like Gecko) Chrome/103.0.5060.134 Safari/537.36 Edg/103.0.1264.77"
{} [06/Aug/2022:20:20:52 +0000] DELETE /api/admin/categorie/62e85dfd3cfeec64ef25b9e2?icon=1659396448561_Ebookalypse_106987349-1639080361155-gettyimages-1319965306-img_9521.jpeg 403 3.366 "Mozilla/5.0 (Windows NT 10.0; Win64; x64) AppleWebKit/537.36 (KHTML, like Gecko) Chrome/103.0.5060.134 Safari/537.36 Edg/103.0.1264.77"
{} [06/Aug/2022:20:21:03 +0000] GET /api/categories 304 105.980 "Mozilla/5.0 (Windows NT 10.0; Win64; x64) AppleWebKit/537.36 (KHTML, like Gecko) Chrome/103.0.5060.134 Safari/537.36 Edg/103.0.1264.77"
{} [06/Aug/2022:20:21:04 +0000] OPTIONS /api/admin/categorie/62e85dfd3cfeec64ef25b9e2?icon=1659396448561_Ebookalypse_106987349-1639080361155-gettyimages-1319965306-img_9521.jpeg 200 0.753 "Mozilla/5.0 (Windows NT 10.0; Win64; x64) AppleWebKit/537.36 (KHTML, like Gecko) Chrome/103.0.5060.134 Safari/537.36 Edg/103.0.1264.77"
{} [06/Aug/2022:20:21:04 +0000] DELETE /api/admin/categorie/62e85dfd3cfeec64ef25b9e2?icon=1659396448561_Ebookalypse_106987349-1639080361155-gettyimages-1319965306-img_9521.jpeg 403 1.236 "Mozilla/5.0 (Windows NT 10.0; Win64; x64) AppleWebKit/537.36 (KHTML, like Gecko) Chrome/103.0.5060.134 Safari/537.36 Edg/103.0.1264.77"
{} [06/Aug/2022:20:21:10 +0000] OPTIONS /api/admin/categorie/62e85dfd3cfeec64ef25b9e2?icon=1659396448561_Ebookalypse_106987349-1639080361155-gettyimages-1319965306-img_9521.jpeg 200 0.264 "Mozilla/5.0 (Windows NT 10.0; Win64; x64) AppleWebKit/537.36 (KHTML, like Gecko) Chrome/103.0.5060.134 Safari/537.36 Edg/103.0.1264.77"
{} [06/Aug/2022:20:21:10 +0000] DELETE /api/admin/categorie/62e85dfd3cfeec64ef25b9e2?icon=1659396448561_Ebookalypse_106987349-1639080361155-gettyimages-1319965306-img_9521.jpeg 403 0.415 "Mozilla/5.0 (Windows NT 10.0; Win64; x64) AppleWebKit/537.36 (KHTML, like Gecko) Chrome/103.0.5060.134 Safari/537.36 Edg/103.0.1264.77"
{} [06/Aug/2022:20:21:10 +0000] DELETE /api/admin/categorie/62e85dfd3cfeec64ef25b9e2?icon=1659396448561_Ebookalypse_106987349-1639080361155-gettyimages-1319965306-img_9521.jpeg 403 0.600 "Mozilla/5.0 (Windows NT 10.0; Win64; x64) AppleWebKit/537.36 (KHTML, like Gecko) Chrome/103.0.5060.134 Safari/537.36 Edg/103.0.1264.77"
{} [06/Aug/2022:20:21:10 +0000] DELETE /api/admin/categorie/62e85dfd3cfeec64ef25b9e2?icon=1659396448561_Ebookalypse_106987349-1639080361155-gettyimages-1319965306-img_9521.jpeg 403 0.861 "Mozilla/5.0 (Windows NT 10.0; Win64; x64) AppleWebKit/537.36 (KHTML, like Gecko) Chrome/103.0.5060.134 Safari/537.36 Edg/103.0.1264.77"
{} [06/Aug/2022:20:21:14 +0000] GET /api/categories 304 106.831 "Mozilla/5.0 (Windows NT 10.0; Win64; x64) AppleWebKit/537.36 (KHTML, like Gecko) Chrome/103.0.5060.134 Safari/537.36 Edg/103.0.1264.77"
{} [06/Aug/2022:20:21:45 +0000] OPTIONS /api/admin/categorie/62e85dfd3cfeec64ef25b9e2?icon=1659396448561_Ebookalypse_106987349-1639080361155-gettyimages-1319965306-img_9521.jpeg 200 0.763 "Mozilla/5.0 (Windows NT 10.0; Win64; x64) AppleWebKit/537.36 (KHTML, like Gecko) Chrome/103.0.5060.134 Safari/537.36 Edg/103.0.1264.77"
{} [06/Aug/2022:20:21:45 +0000] DELETE /api/admin/categorie/62e85dfd3cfeec64ef25b9e2?icon=1659396448561_Ebookalypse_106987349-1639080361155-gettyimages-1319965306-img_9521.jpeg 403 0.434 "Mozilla/5.0 (Windows NT 10.0; Win64; x64) AppleWebKit/537.36 (KHTML, like Gecko) Chrome/103.0.5060.134 Safari/537.36 Edg/103.0.1264.77"
{} [06/Aug/2022:20:22:22 +0000] GET /api/categories 304 111.469 "Mozilla/5.0 (Windows NT 10.0; Win64; x64) AppleWebKit/537.36 (KHTML, like Gecko) Chrome/103.0.5060.134 Safari/537.36 Edg/103.0.1264.77"
{} [06/Aug/2022:20:22:23 +0000] GET /api/categories 304 110.931 "Mozilla/5.0 (Windows NT 10.0; Win64; x64) AppleWebKit/537.36 (KHTML, like Gecko) Chrome/103.0.5060.134 Safari/537.36 Edg/103.0.1264.77"
{} [06/Aug/2022:20:22:23 +0000] GET /api/books/?& 304 201.368 "Mozilla/5.0 (Windows NT 10.0; Win64; x64) AppleWebKit/537.36 (KHTML, like Gecko) Chrome/103.0.5060.134 Safari/537.36 Edg/103.0.1264.77"
{} [06/Aug/2022:20:22:42 +0000] GET /api/categories 304 123.940 "Mozilla/5.0 (Windows NT 10.0; Win64; x64) AppleWebKit/537.36 (KHTML, like Gecko) Chrome/103.0.5060.134 Safari/537.36 Edg/103.0.1264.77"
{} [06/Aug/2022:20:22:42 +0000] GET /api/books/?& 304 197.990 "Mozilla/5.0 (Windows NT 10.0; Win64; x64) AppleWebKit/537.36 (KHTML, like Gecko) Chrome/103.0.5060.134 Safari/537.36 Edg/103.0.1264.77"
{} [06/Aug/2022:20:23:29 +0000] GET /api/categories 304 130.508 "Mozilla/5.0 (Windows NT 10.0; Win64; x64) AppleWebKit/537.36 (KHTML, like Gecko) Chrome/103.0.5060.134 Safari/537.36 Edg/103.0.1264.77"
{} [06/Aug/2022:20:23:30 +0000] OPTIONS /api/admin/categorie/62e85dfd3cfeec64ef25b9e2?icon=1659396448561_Ebookalypse_106987349-1639080361155-gettyimages-1319965306-img_9521.jpeg 200 0.264 "Mozilla/5.0 (Windows NT 10.0; Win64; x64) AppleWebKit/537.36 (KHTML, like Gecko) Chrome/103.0.5060.134 Safari/537.36 Edg/103.0.1264.77"
{} [06/Aug/2022:20:23:30 +0000] DELETE /api/admin/categorie/62e85dfd3cfeec64ef25b9e2?icon=1659396448561_Ebookalypse_106987349-1639080361155-gettyimages-1319965306-img_9521.jpeg 403 0.295 "Mozilla/5.0 (Windows NT 10.0; Win64; x64) AppleWebKit/537.36 (KHTML, like Gecko) Chrome/103.0.5060.134 Safari/537.36 Edg/103.0.1264.77"
{} [06/Aug/2022:20:24:00 +0000] GET /api/categories 304 107.206 "Mozilla/5.0 (Windows NT 10.0; Win64; x64) AppleWebKit/537.36 (KHTML, like Gecko) Chrome/103.0.5060.134 Safari/537.36 Edg/103.0.1264.77"
{} [06/Aug/2022:20:24:12 +0000] OPTIONS /api/admin/categorie/62e85dfd3cfeec64ef25b9e2?icon=1659396448561_Ebookalypse_106987349-1639080361155-gettyimages-1319965306-img_9521.jpeg 200 0.231 "Mozilla/5.0 (Windows NT 10.0; Win64; x64) AppleWebKit/537.36 (KHTML, like Gecko) Chrome/103.0.5060.134 Safari/537.36 Edg/103.0.1264.77"
{} [06/Aug/2022:20:24:13 +0000] DELETE /api/admin/categorie/62e85dfd3cfeec64ef25b9e2?icon=1659396448561_Ebookalypse_106987349-1639080361155-gettyimages-1319965306-img_9521.jpeg 200 1053.774 "Mozilla/5.0 (Windows NT 10.0; Win64; x64) AppleWebKit/537.36 (KHTML, like Gecko) Chrome/103.0.5060.134 Safari/537.36 Edg/103.0.1264.77"
{} [06/Aug/2022:20:24:21 +0000] OPTIONS /api/admin/categorie/62e85dfd3cfeec64ef25b9e2?icon=1659396448561_Ebookalypse_106987349-1639080361155-gettyimages-1319965306-img_9521.jpeg 200 0.236 "Mozilla/5.0 (Windows NT 10.0; Win64; x64) AppleWebKit/537.36 (KHTML, like Gecko) Chrome/103.0.5060.134 Safari/537.36 Edg/103.0.1264.77"
{} [06/Aug/2022:20:24:21 +0000] DELETE /api/admin/categorie/62e85dfd3cfeec64ef25b9e2?icon=1659396448561_Ebookalypse_106987349-1639080361155-gettyimages-1319965306-img_9521.jpeg 500 634.035 "Mozilla/5.0 (Windows NT 10.0; Win64; x64) AppleWebKit/537.36 (KHTML, like Gecko) Chrome/103.0.5060.134 Safari/537.36 Edg/103.0.1264.77"
{} [06/Aug/2022:20:25:25 +0000] OPTIONS /api/admin/categorie/62e85dfd3cfeec64ef25b9e2?icon=1659396448561_Ebookalypse_106987349-1639080361155-gettyimages-1319965306-img_9521.jpeg 200 0.232 "Mozilla/5.0 (Windows NT 10.0; Win64; x64) AppleWebKit/537.36 (KHTML, like Gecko) Chrome/103.0.5060.134 Safari/537.36 Edg/103.0.1264.77"
{} [06/Aug/2022:20:25:26 +0000] DELETE /api/admin/categorie/62e85dfd3cfeec64ef25b9e2?icon=1659396448561_Ebookalypse_106987349-1639080361155-gettyimages-1319965306-img_9521.jpeg 500 595.003 "Mozilla/5.0 (Windows NT 10.0; Win64; x64) AppleWebKit/537.36 (KHTML, like Gecko) Chrome/103.0.5060.134 Safari/537.36 Edg/103.0.1264.77"
{} [06/Aug/2022:20:25:59 +0000] GET /api/categories 200 122.421 "Mozilla/5.0 (Windows NT 10.0; Win64; x64) AppleWebKit/537.36 (KHTML, like Gecko) Chrome/103.0.5060.134 Safari/537.36 Edg/103.0.1264.77"
{} [06/Aug/2022:20:25:59 +0000] GET /api/categories 304 125.467 "Mozilla/5.0 (Windows NT 10.0; Win64; x64) AppleWebKit/537.36 (KHTML, like Gecko) Chrome/103.0.5060.134 Safari/537.36 Edg/103.0.1264.77"
{} [06/Aug/2022:20:25:59 +0000] GET /api/books/?& 304 193.628 "Mozilla/5.0 (Windows NT 10.0; Win64; x64) AppleWebKit/537.36 (KHTML, like Gecko) Chrome/103.0.5060.134 Safari/537.36 Edg/103.0.1264.77"
{} [06/Aug/2022:20:26:14 +0000] GET /api/categories 304 106.002 "Mozilla/5.0 (Windows NT 10.0; Win64; x64) AppleWebKit/537.36 (KHTML, like Gecko) Chrome/103.0.5060.134 Safari/537.36 Edg/103.0.1264.77"
{} [06/Aug/2022:20:26:14 +0000] GET /api/books/?& 304 179.570 "Mozilla/5.0 (Windows NT 10.0; Win64; x64) AppleWebKit/537.36 (KHTML, like Gecko) Chrome/103.0.5060.134 Safari/537.36 Edg/103.0.1264.77"
{} [06/Aug/2022:20:26:14 +0000] GET /api/categories 304 110.959 "Mozilla/5.0 (Windows NT 10.0; Win64; x64) AppleWebKit/537.36 (KHTML, like Gecko) Chrome/103.0.5060.134 Safari/537.36 Edg/103.0.1264.77"
{} [06/Aug/2022:20:26:55 +0000] GET /api/books/?& 304 178.173 "Mozilla/5.0 (Windows NT 10.0; Win64; x64) AppleWebKit/537.36 (KHTML, like Gecko) Chrome/103.0.5060.134 Safari/537.36 Edg/103.0.1264.77"
{} [06/Aug/2022:20:26:57 +0000] GET /api/admin/book/62dbf60da78afb988b9a5f7c 304 104.611 "Mozilla/5.0 (Windows NT 10.0; Win64; x64) AppleWebKit/537.36 (KHTML, like Gecko) Chrome/103.0.5060.134 Safari/537.36 Edg/103.0.1264.77"
{} [06/Aug/2022:20:26:57 +0000] GET /api/categories 304 105.480 "Mozilla/5.0 (Windows NT 10.0; Win64; x64) AppleWebKit/537.36 (KHTML, like Gecko) Chrome/103.0.5060.134 Safari/537.36 Edg/103.0.1264.77"
{} [06/Aug/2022:20:26:57 +0000] GET /api/promotions 304 112.635 "Mozilla/5.0 (Windows NT 10.0; Win64; x64) AppleWebKit/537.36 (KHTML, like Gecko) Chrome/103.0.5060.134 Safari/537.36 Edg/103.0.1264.77"
{} [06/Aug/2022:20:26:57 +0000] GET /api/writers? 304 151.472 "Mozilla/5.0 (Windows NT 10.0; Win64; x64) AppleWebKit/537.36 (KHTML, like Gecko) Chrome/103.0.5060.134 Safari/537.36 Edg/103.0.1264.77"
{} [06/Aug/2022:20:28:48 +0000] GET /api/admin/book/62dbfb6399dc88fcc329d39f 200 155.796 "Mozilla/5.0 (Windows NT 10.0; Win64; x64) AppleWebKit/537.36 (KHTML, like Gecko) Chrome/103.0.5060.134 Safari/537.36 Edg/103.0.1264.77"
{} [06/Aug/2022:20:29:00 +0000] OPTIONS /api/admin/books/62dbfb6399dc88fcc329d39f 200 0.302 "Mozilla/5.0 (Windows NT 10.0; Win64; x64) AppleWebKit/537.36 (KHTML, like Gecko) Chrome/103.0.5060.134 Safari/537.36 Edg/103.0.1264.77"
{"title":"Every Minute Counts","price":"8","description":"Adil is always late to school. This makes his teachers very angry. But why is he always late? His friend Paro helps him work out where the extra minutes go. Does he need to wake up one hour earlier or maybe a little more? This book was brought to us by Pratham’s Storyweaver platform.","date":"","publisher":"kidzenya","lang":"english","pages":0,"category":"[\"62dada0bde562dfbce75b8d9\"]","writer":"[\"62d9a4a312d8dd5bccad7f7d\"]","promotion":"","oldImg":"undefined","oldSrc":"undefined"} [06/Aug/2022:20:29:00 +0000] PUT /api/admin/books/62dbfb6399dc88fcc329d39f 500 169.240 "Mozilla/5.0 (Windows NT 10.0; Win64; x64) AppleWebKit/537.36 (KHTML, like Gecko) Chrome/103.0.5060.134 Safari/537.36 Edg/103.0.1264.77"
{} [06/Aug/2022:20:29:15 +0000] OPTIONS /api/admin/books/62dbfb6399dc88fcc329d39f 200 0.445 "Mozilla/5.0 (Windows NT 10.0; Win64; x64) AppleWebKit/537.36 (KHTML, like Gecko) Chrome/103.0.5060.134 Safari/537.36 Edg/103.0.1264.77"
{"title":"Every Minute Counts","price":"8","description":"Adil is always late to school. This makes his teachers very angry. But why is he always late? His friend Paro helps him work out where the extra minutes go. Does he need to wake up one hour earlier or maybe a little more? This book was brought to us by Pratham’s Storyweaver platform.","date":"","publisher":"kidzenya","lang":"english","pages":0,"category":"[\"62dada0bde562dfbce75b8d9\"]","writer":"[\"62d9a4a312d8dd5bccad7f7d\"]","promotion":"62e5298388bd028a85259f70","oldImg":"undefined","oldSrc":"undefined"} [06/Aug/2022:20:29:15 +0000] PUT /api/admin/books/62dbfb6399dc88fcc329d39f 200 257.674 "Mozilla/5.0 (Windows NT 10.0; Win64; x64) AppleWebKit/537.36 (KHTML, like Gecko) Chrome/103.0.5060.134 Safari/537.36 Edg/103.0.1264.77"
{"title":"Every Minute Counts","price":"8","description":"Adil is always late to school. This makes his teachers very angry. But why is he always late? His friend Paro helps him work out where the extra minutes go. Does he need to wake up one hour earlier or maybe a little more? This book was brought to us by Pratham’s Storyweaver platform.","date":"","publisher":"kidzenya","lang":"english","pages":0,"category":"[\"62dada0bde562dfbce75b8d9\"]","writer":"[\"62d9a4a312d8dd5bccad7f7d\"]","promotion":"62eb8ddf5a579174ee7d112e","oldImg":"undefined","oldSrc":"undefined"} [06/Aug/2022:20:29:18 +0000] PUT /api/admin/books/62dbfb6399dc88fcc329d39f 200 285.754 "Mozilla/5.0 (Windows NT 10.0; Win64; x64) AppleWebKit/537.36 (KHTML, like Gecko) Chrome/103.0.5060.134 Safari/537.36 Edg/103.0.1264.77"
{} [06/Aug/2022:20:29:23 +0000] GET /api/admin/book/62dbfb6399dc88fcc329d39f 200 124.940 "Mozilla/5.0 (Windows NT 10.0; Win64; x64) AppleWebKit/537.36 (KHTML, like Gecko) Chrome/103.0.5060.134 Safari/537.36 Edg/103.0.1264.77"
{} [06/Aug/2022:20:29:23 +0000] GET /api/categories 304 123.555 "Mozilla/5.0 (Windows NT 10.0; Win64; x64) AppleWebKit/537.36 (KHTML, like Gecko) Chrome/103.0.5060.134 Safari/537.36 Edg/103.0.1264.77"
{} [06/Aug/2022:20:29:23 +0000] GET /api/promotions 200 136.076 "Mozilla/5.0 (Windows NT 10.0; Win64; x64) AppleWebKit/537.36 (KHTML, like Gecko) Chrome/103.0.5060.134 Safari/537.36 Edg/103.0.1264.77"
{} [06/Aug/2022:20:29:23 +0000] GET /api/writers? 304 235.305 "Mozilla/5.0 (Windows NT 10.0; Win64; x64) AppleWebKit/537.36 (KHTML, like Gecko) Chrome/103.0.5060.134 Safari/537.36 Edg/103.0.1264.77"
{} [06/Aug/2022:20:29:30 +0000] GET /api/categories 304 104.659 "Mozilla/5.0 (Windows NT 10.0; Win64; x64) AppleWebKit/537.36 (KHTML, like Gecko) Chrome/103.0.5060.134 Safari/537.36 Edg/103.0.1264.77"
{} [06/Aug/2022:20:29:30 +0000] GET /api/books/?& 200 178.950 "Mozilla/5.0 (Windows NT 10.0; Win64; x64) AppleWebKit/537.36 (KHTML, like Gecko) Chrome/103.0.5060.134 Safari/537.36 Edg/103.0.1264.77"
{} [06/Aug/2022:20:30:18 +0000] GET /api/categories 304 117.471 "Mozilla/5.0 (Windows NT 10.0; Win64; x64) AppleWebKit/537.36 (KHTML, like Gecko) Chrome/103.0.5060.134 Safari/537.36 Edg/103.0.1264.77"
{} [06/Aug/2022:20:30:18 +0000] GET /api/books/?& 304 176.118 "Mozilla/5.0 (Windows NT 10.0; Win64; x64) AppleWebKit/537.36 (KHTML, like Gecko) Chrome/103.0.5060.134 Safari/537.36 Edg/103.0.1264.77"
{} [06/Aug/2022:20:34:02 +0000] GET /api/categories 304 125.131 "Mozilla/5.0 (Windows NT 10.0; Win64; x64) AppleWebKit/537.36 (KHTML, like Gecko) Chrome/103.0.5060.134 Safari/537.36 Edg/103.0.1264.77"
{} [06/Aug/2022:20:34:02 +0000] GET /api/books/?& 304 198.992 "Mozilla/5.0 (Windows NT 10.0; Win64; x64) AppleWebKit/537.36 (KHTML, like Gecko) Chrome/103.0.5060.134 Safari/537.36 Edg/103.0.1264.77"
{} [06/Aug/2022:20:34:59 +0000] GET /api/categories 304 127.809 "Mozilla/5.0 (Windows NT 10.0; Win64; x64) AppleWebKit/537.36 (KHTML, like Gecko) Chrome/103.0.5060.134 Safari/537.36 Edg/103.0.1264.77"
{} [06/Aug/2022:20:34:59 +0000] GET /api/books/?& 304 193.739 "Mozilla/5.0 (Windows NT 10.0; Win64; x64) AppleWebKit/537.36 (KHTML, like Gecko) Chrome/103.0.5060.134 Safari/537.36 Edg/103.0.1264.77"
{} [06/Aug/2022:20:35:10 +0000] GET /api/categories 304 132.597 "Mozilla/5.0 (Windows NT 10.0; Win64; x64) AppleWebKit/537.36 (KHTML, like Gecko) Chrome/103.0.5060.134 Safari/537.36 Edg/103.0.1264.77"
{} [06/Aug/2022:20:35:10 +0000] GET /api/books/?& 304 204.950 "Mozilla/5.0 (Windows NT 10.0; Win64; x64) AppleWebKit/537.36 (KHTML, like Gecko) Chrome/103.0.5060.134 Safari/537.36 Edg/103.0.1264.77"
{} [06/Aug/2022:20:36:28 +0000] GET /api/categories 304 105.438 "Mozilla/5.0 (Windows NT 10.0; Win64; x64) AppleWebKit/537.36 (KHTML, like Gecko) Chrome/103.0.5060.134 Safari/537.36 Edg/103.0.1264.77"
{} [06/Aug/2022:20:36:28 +0000] GET /api/books/?& 304 178.017 "Mozilla/5.0 (Windows NT 10.0; Win64; x64) AppleWebKit/537.36 (KHTML, like Gecko) Chrome/103.0.5060.134 Safari/537.36 Edg/103.0.1264.77"
{} [06/Aug/2022:20:39:11 +0000] GET /api/categories 304 432.479 "Mozilla/5.0 (Windows NT 10.0; Win64; x64) AppleWebKit/537.36 (KHTML, like Gecko) Chrome/103.0.5060.134 Safari/537.36 Edg/103.0.1264.77"
{} [06/Aug/2022:20:39:11 +0000] GET /api/books/?& 304 435.134 "Mozilla/5.0 (Windows NT 10.0; Win64; x64) AppleWebKit/537.36 (KHTML, like Gecko) Chrome/103.0.5060.134 Safari/537.36 Edg/103.0.1264.77"
{} [06/Aug/2022:20:39:35 +0000] GET /api/categories 304 136.517 "Mozilla/5.0 (Windows NT 10.0; Win64; x64) AppleWebKit/537.36 (KHTML, like Gecko) Chrome/103.0.5060.134 Safari/537.36 Edg/103.0.1264.77"
{} [06/Aug/2022:20:39:35 +0000] GET /api/books/?& 304 216.358 "Mozilla/5.0 (Windows NT 10.0; Win64; x64) AppleWebKit/537.36 (KHTML, like Gecko) Chrome/103.0.5060.134 Safari/537.36 Edg/103.0.1264.77"
{} [06/Aug/2022:20:39:53 +0000] GET /api/categories 304 255.026 "Mozilla/5.0 (Windows NT 10.0; Win64; x64) AppleWebKit/537.36 (KHTML, like Gecko) Chrome/103.0.5060.134 Safari/537.36 Edg/103.0.1264.77"
{} [06/Aug/2022:20:39:53 +0000] GET /api/books/?& 304 316.020 "Mozilla/5.0 (Windows NT 10.0; Win64; x64) AppleWebKit/537.36 (KHTML, like Gecko) Chrome/103.0.5060.134 Safari/537.36 Edg/103.0.1264.77"
{} [06/Aug/2022:20:43:15 +0000] GET /api/categories 304 105.404 "Mozilla/5.0 (Windows NT 10.0; Win64; x64) AppleWebKit/537.36 (KHTML, like Gecko) Chrome/103.0.5060.134 Safari/537.36 Edg/103.0.1264.77"
{} [06/Aug/2022:20:43:15 +0000] GET /api/books/?& 304 177.916 "Mozilla/5.0 (Windows NT 10.0; Win64; x64) AppleWebKit/537.36 (KHTML, like Gecko) Chrome/103.0.5060.134 Safari/537.36 Edg/103.0.1264.77"
{} [06/Aug/2022:20:43:23 +0000] GET /api/categories 304 179.757 "Mozilla/5.0 (Windows NT 10.0; Win64; x64) AppleWebKit/537.36 (KHTML, like Gecko) Chrome/103.0.5060.134 Safari/537.36 Edg/103.0.1264.77"
{} [06/Aug/2022:20:43:23 +0000] GET /api/books/?& 304 250.308 "Mozilla/5.0 (Windows NT 10.0; Win64; x64) AppleWebKit/537.36 (KHTML, like Gecko) Chrome/103.0.5060.134 Safari/537.36 Edg/103.0.1264.77"
{} [06/Aug/2022:20:45:54 +0000] GET /api/categories 304 109.695 "Mozilla/5.0 (Windows NT 10.0; Win64; x64) AppleWebKit/537.36 (KHTML, like Gecko) Chrome/103.0.5060.134 Safari/537.36 Edg/103.0.1264.77"
{} [06/Aug/2022:20:45:54 +0000] GET /api/books/?& 304 179.872 "Mozilla/5.0 (Windows NT 10.0; Win64; x64) AppleWebKit/537.36 (KHTML, like Gecko) Chrome/103.0.5060.134 Safari/537.36 Edg/103.0.1264.77"
{} [06/Aug/2022:20:46:00 +0000] GET /api/categories 304 138.241 "Mozilla/5.0 (Windows NT 10.0; Win64; x64) AppleWebKit/537.36 (KHTML, like Gecko) Chrome/103.0.5060.134 Safari/537.36 Edg/103.0.1264.77"
{} [06/Aug/2022:20:46:00 +0000] GET /api/books/?& 304 200.073 "Mozilla/5.0 (Windows NT 10.0; Win64; x64) AppleWebKit/537.36 (KHTML, like Gecko) Chrome/103.0.5060.134 Safari/537.36 Edg/103.0.1264.77"
{} [06/Aug/2022:20:46:23 +0000] GET /api/categories 304 108.832 "Mozilla/5.0 (Windows NT 10.0; Win64; x64) AppleWebKit/537.36 (KHTML, like Gecko) Chrome/103.0.5060.134 Safari/537.36 Edg/103.0.1264.77"
{} [06/Aug/2022:20:46:23 +0000] GET /api/books/?& 304 178.353 "Mozilla/5.0 (Windows NT 10.0; Win64; x64) AppleWebKit/537.36 (KHTML, like Gecko) Chrome/103.0.5060.134 Safari/537.36 Edg/103.0.1264.77"
{} [06/Aug/2022:20:46:40 +0000] GET /api/categories 304 173.745 "Mozilla/5.0 (Windows NT 10.0; Win64; x64) AppleWebKit/537.36 (KHTML, like Gecko) Chrome/103.0.5060.134 Safari/537.36 Edg/103.0.1264.77"
{} [06/Aug/2022:20:46:40 +0000] GET /api/books/?& 304 246.511 "Mozilla/5.0 (Windows NT 10.0; Win64; x64) AppleWebKit/537.36 (KHTML, like Gecko) Chrome/103.0.5060.134 Safari/537.36 Edg/103.0.1264.77"
{} [06/Aug/2022:20:46:55 +0000] GET /api/categories 304 107.845 "Mozilla/5.0 (Windows NT 10.0; Win64; x64) AppleWebKit/537.36 (KHTML, like Gecko) Chrome/103.0.5060.134 Safari/537.36 Edg/103.0.1264.77"
{} [06/Aug/2022:20:46:55 +0000] GET /api/books/?& 304 176.258 "Mozilla/5.0 (Windows NT 10.0; Win64; x64) AppleWebKit/537.36 (KHTML, like Gecko) Chrome/103.0.5060.134 Safari/537.36 Edg/103.0.1264.77"
{} [06/Aug/2022:20:48:16 +0000] GET /api/categories 304 105.787 "Mozilla/5.0 (Windows NT 10.0; Win64; x64) AppleWebKit/537.36 (KHTML, like Gecko) Chrome/103.0.5060.134 Safari/537.36 Edg/103.0.1264.77"
{} [06/Aug/2022:20:48:17 +0000] GET /api/books/?& 304 176.281 "Mozilla/5.0 (Windows NT 10.0; Win64; x64) AppleWebKit/537.36 (KHTML, like Gecko) Chrome/103.0.5060.134 Safari/537.36 Edg/103.0.1264.77"
{} [06/Aug/2022:20:48:27 +0000] GET /api/categories 304 105.735 "Mozilla/5.0 (Windows NT 10.0; Win64; x64) AppleWebKit/537.36 (KHTML, like Gecko) Chrome/103.0.5060.134 Safari/537.36 Edg/103.0.1264.77"
{} [06/Aug/2022:20:48:27 +0000] GET /api/books/?& 304 170.705 "Mozilla/5.0 (Windows NT 10.0; Win64; x64) AppleWebKit/537.36 (KHTML, like Gecko) Chrome/103.0.5060.134 Safari/537.36 Edg/103.0.1264.77"
{} [06/Aug/2022:20:48:53 +0000] GET /api/categories 304 111.066 "Mozilla/5.0 (Windows NT 10.0; Win64; x64) AppleWebKit/537.36 (KHTML, like Gecko) Chrome/103.0.5060.134 Safari/537.36 Edg/103.0.1264.77"
{} [06/Aug/2022:20:48:53 +0000] GET /api/books/?& 304 204.062 "Mozilla/5.0 (Windows NT 10.0; Win64; x64) AppleWebKit/537.36 (KHTML, like Gecko) Chrome/103.0.5060.134 Safari/537.36 Edg/103.0.1264.77"
{} [06/Aug/2022:20:49:06 +0000] GET /api/categories 304 107.574 "Mozilla/5.0 (Windows NT 10.0; Win64; x64) AppleWebKit/537.36 (KHTML, like Gecko) Chrome/103.0.5060.134 Safari/537.36 Edg/103.0.1264.77"
{} [06/Aug/2022:20:49:06 +0000] GET /api/books/?& 304 173.290 "Mozilla/5.0 (Windows NT 10.0; Win64; x64) AppleWebKit/537.36 (KHTML, like Gecko) Chrome/103.0.5060.134 Safari/537.36 Edg/103.0.1264.77"
{} [06/Aug/2022:20:49:22 +0000] GET /api/categories 304 108.447 "Mozilla/5.0 (Windows NT 10.0; Win64; x64) AppleWebKit/537.36 (KHTML, like Gecko) Chrome/103.0.5060.134 Safari/537.36 Edg/103.0.1264.77"
{} [06/Aug/2022:20:49:22 +0000] GET /api/books/?& 304 174.170 "Mozilla/5.0 (Windows NT 10.0; Win64; x64) AppleWebKit/537.36 (KHTML, like Gecko) Chrome/103.0.5060.134 Safari/537.36 Edg/103.0.1264.77"
{} [06/Aug/2022:20:50:15 +0000] GET /api/categories 304 112.509 "Mozilla/5.0 (Windows NT 10.0; Win64; x64) AppleWebKit/537.36 (KHTML, like Gecko) Chrome/103.0.5060.134 Safari/537.36 Edg/103.0.1264.77"
{} [06/Aug/2022:20:50:15 +0000] GET /api/books/?& 304 171.052 "Mozilla/5.0 (Windows NT 10.0; Win64; x64) AppleWebKit/537.36 (KHTML, like Gecko) Chrome/103.0.5060.134 Safari/537.36 Edg/103.0.1264.77"
{} [06/Aug/2022:20:50:24 +0000] GET /api/categories 304 109.088 "Mozilla/5.0 (Windows NT 10.0; Win64; x64) AppleWebKit/537.36 (KHTML, like Gecko) Chrome/103.0.5060.134 Safari/537.36 Edg/103.0.1264.77"
{} [06/Aug/2022:20:50:24 +0000] GET /api/books/?& 304 174.613 "Mozilla/5.0 (Windows NT 10.0; Win64; x64) AppleWebKit/537.36 (KHTML, like Gecko) Chrome/103.0.5060.134 Safari/537.36 Edg/103.0.1264.77"
{} [06/Aug/2022:20:50:30 +0000] GET /api/categories 304 110.692 "Mozilla/5.0 (Windows NT 10.0; Win64; x64) AppleWebKit/537.36 (KHTML, like Gecko) Chrome/103.0.5060.134 Safari/537.36 Edg/103.0.1264.77"
{} [06/Aug/2022:20:50:30 +0000] GET /api/books/?& 304 182.465 "Mozilla/5.0 (Windows NT 10.0; Win64; x64) AppleWebKit/537.36 (KHTML, like Gecko) Chrome/103.0.5060.134 Safari/537.36 Edg/103.0.1264.77"
{} [06/Aug/2022:20:50:51 +0000] GET /api/categories 304 143.107 "Mozilla/5.0 (Windows NT 10.0; Win64; x64) AppleWebKit/537.36 (KHTML, like Gecko) Chrome/103.0.5060.134 Safari/537.36 Edg/103.0.1264.77"
{} [06/Aug/2022:20:50:51 +0000] GET /api/books/?& 304 174.131 "Mozilla/5.0 (Windows NT 10.0; Win64; x64) AppleWebKit/537.36 (KHTML, like Gecko) Chrome/103.0.5060.134 Safari/537.36 Edg/103.0.1264.77"
{} [06/Aug/2022:20:50:59 +0000] GET /api/categories 304 104.992 "Mozilla/5.0 (Windows NT 10.0; Win64; x64) AppleWebKit/537.36 (KHTML, like Gecko) Chrome/103.0.5060.134 Safari/537.36 Edg/103.0.1264.77"
{} [06/Aug/2022:20:50:59 +0000] GET /api/books/?& 304 175.898 "Mozilla/5.0 (Windows NT 10.0; Win64; x64) AppleWebKit/537.36 (KHTML, like Gecko) Chrome/103.0.5060.134 Safari/537.36 Edg/103.0.1264.77"
{} [06/Aug/2022:20:51:42 +0000] GET /api/categories 304 113.309 "Mozilla/5.0 (Windows NT 10.0; Win64; x64) AppleWebKit/537.36 (KHTML, like Gecko) Chrome/103.0.5060.134 Safari/537.36 Edg/103.0.1264.77"
{} [06/Aug/2022:20:51:42 +0000] GET /api/books/?& 304 180.163 "Mozilla/5.0 (Windows NT 10.0; Win64; x64) AppleWebKit/537.36 (KHTML, like Gecko) Chrome/103.0.5060.134 Safari/537.36 Edg/103.0.1264.77"
{} [06/Aug/2022:20:51:47 +0000] GET /api/categories 304 107.093 "Mozilla/5.0 (Windows NT 10.0; Win64; x64) AppleWebKit/537.36 (KHTML, like Gecko) Chrome/103.0.5060.134 Safari/537.36 Edg/103.0.1264.77"
{} [06/Aug/2022:20:51:48 +0000] GET /api/books/?& 304 171.953 "Mozilla/5.0 (Windows NT 10.0; Win64; x64) AppleWebKit/537.36 (KHTML, like Gecko) Chrome/103.0.5060.134 Safari/537.36 Edg/103.0.1264.77"
{} [06/Aug/2022:20:52:09 +0000] GET /api/categories 304 106.732 "Mozilla/5.0 (Windows NT 10.0; Win64; x64) AppleWebKit/537.36 (KHTML, like Gecko) Chrome/103.0.5060.134 Safari/537.36 Edg/103.0.1264.77"
{} [06/Aug/2022:20:52:09 +0000] GET /api/books/?& 304 185.634 "Mozilla/5.0 (Windows NT 10.0; Win64; x64) AppleWebKit/537.36 (KHTML, like Gecko) Chrome/103.0.5060.134 Safari/537.36 Edg/103.0.1264.77"
{} [06/Aug/2022:20:52:29 +0000] GET /api/categories 304 105.686 "Mozilla/5.0 (Windows NT 10.0; Win64; x64) AppleWebKit/537.36 (KHTML, like Gecko) Chrome/103.0.5060.134 Safari/537.36 Edg/103.0.1264.77"
{} [06/Aug/2022:20:52:29 +0000] GET /api/books/?& 304 173.316 "Mozilla/5.0 (Windows NT 10.0; Win64; x64) AppleWebKit/537.36 (KHTML, like Gecko) Chrome/103.0.5060.134 Safari/537.36 Edg/103.0.1264.77"
{} [06/Aug/2022:20:52:42 +0000] GET /api/categories 304 115.392 "Mozilla/5.0 (Windows NT 10.0; Win64; x64) AppleWebKit/537.36 (KHTML, like Gecko) Chrome/103.0.5060.134 Safari/537.36 Edg/103.0.1264.77"
{} [06/Aug/2022:20:52:42 +0000] GET /api/books/?& 304 177.998 "Mozilla/5.0 (Windows NT 10.0; Win64; x64) AppleWebKit/537.36 (KHTML, like Gecko) Chrome/103.0.5060.134 Safari/537.36 Edg/103.0.1264.77"
{} [06/Aug/2022:20:52:51 +0000] GET /api/categories 304 153.747 "Mozilla/5.0 (Windows NT 10.0; Win64; x64) AppleWebKit/537.36 (KHTML, like Gecko) Chrome/103.0.5060.134 Safari/537.36 Edg/103.0.1264.77"
{} [06/Aug/2022:20:52:51 +0000] GET /api/books/?& 304 182.959 "Mozilla/5.0 (Windows NT 10.0; Win64; x64) AppleWebKit/537.36 (KHTML, like Gecko) Chrome/103.0.5060.134 Safari/537.36 Edg/103.0.1264.77"
{} [06/Aug/2022:20:53:04 +0000] GET /api/categories 304 106.020 "Mozilla/5.0 (Windows NT 10.0; Win64; x64) AppleWebKit/537.36 (KHTML, like Gecko) Chrome/103.0.5060.134 Safari/537.36 Edg/103.0.1264.77"
{} [06/Aug/2022:20:53:04 +0000] GET /api/books/?& 304 176.646 "Mozilla/5.0 (Windows NT 10.0; Win64; x64) AppleWebKit/537.36 (KHTML, like Gecko) Chrome/103.0.5060.134 Safari/537.36 Edg/103.0.1264.77"
{} [06/Aug/2022:20:54:47 +0000] GET /api/categories 304 108.452 "Mozilla/5.0 (Windows NT 10.0; Win64; x64) AppleWebKit/537.36 (KHTML, like Gecko) Chrome/103.0.5060.134 Safari/537.36 Edg/103.0.1264.77"
{} [06/Aug/2022:20:54:47 +0000] GET /api/books/?& 304 195.010 "Mozilla/5.0 (Windows NT 10.0; Win64; x64) AppleWebKit/537.36 (KHTML, like Gecko) Chrome/103.0.5060.134 Safari/537.36 Edg/103.0.1264.77"
{} [06/Aug/2022:20:55:25 +0000] GET /api/categories 304 109.793 "Mozilla/5.0 (Windows NT 10.0; Win64; x64) AppleWebKit/537.36 (KHTML, like Gecko) Chrome/103.0.5060.134 Safari/537.36 Edg/103.0.1264.77"
{} [06/Aug/2022:20:55:25 +0000] GET /api/books/?& 304 174.878 "Mozilla/5.0 (Windows NT 10.0; Win64; x64) AppleWebKit/537.36 (KHTML, like Gecko) Chrome/103.0.5060.134 Safari/537.36 Edg/103.0.1264.77"
{} [06/Aug/2022:20:55:50 +0000] GET /api/categories 304 164.637 "Mozilla/5.0 (Windows NT 10.0; Win64; x64) AppleWebKit/537.36 (KHTML, like Gecko) Chrome/103.0.5060.134 Safari/537.36 Edg/103.0.1264.77"
{} [06/Aug/2022:20:55:50 +0000] GET /api/books/?& 304 242.863 "Mozilla/5.0 (Windows NT 10.0; Win64; x64) AppleWebKit/537.36 (KHTML, like Gecko) Chrome/103.0.5060.134 Safari/537.36 Edg/103.0.1264.77"
{} [06/Aug/2022:20:57:06 +0000] GET /api/categories 304 108.769 "Mozilla/5.0 (Windows NT 10.0; Win64; x64) AppleWebKit/537.36 (KHTML, like Gecko) Chrome/103.0.5060.134 Safari/537.36 Edg/103.0.1264.77"
{} [06/Aug/2022:20:57:06 +0000] GET /api/books/?& 304 177.068 "Mozilla/5.0 (Windows NT 10.0; Win64; x64) AppleWebKit/537.36 (KHTML, like Gecko) Chrome/103.0.5060.134 Safari/537.36 Edg/103.0.1264.77"
{} [06/Aug/2022:20:58:00 +0000] GET /api/categories 304 144.651 "Mozilla/5.0 (Windows NT 10.0; Win64; x64) AppleWebKit/537.36 (KHTML, like Gecko) Chrome/103.0.5060.134 Safari/537.36 Edg/103.0.1264.77"
{} [06/Aug/2022:20:58:00 +0000] GET /api/books/?& 304 213.260 "Mozilla/5.0 (Windows NT 10.0; Win64; x64) AppleWebKit/537.36 (KHTML, like Gecko) Chrome/103.0.5060.134 Safari/537.36 Edg/103.0.1264.77"
{} [06/Aug/2022:20:58:11 +0000] GET /api/categories 304 104.494 "Mozilla/5.0 (Windows NT 10.0; Win64; x64) AppleWebKit/537.36 (KHTML, like Gecko) Chrome/103.0.5060.134 Safari/537.36 Edg/103.0.1264.77"
{} [06/Aug/2022:20:58:11 +0000] GET /api/books/?& 304 190.053 "Mozilla/5.0 (Windows NT 10.0; Win64; x64) AppleWebKit/537.36 (KHTML, like Gecko) Chrome/103.0.5060.134 Safari/537.36 Edg/103.0.1264.77"
{} [06/Aug/2022:20:58:24 +0000] GET /api/categories 304 104.858 "Mozilla/5.0 (Windows NT 10.0; Win64; x64) AppleWebKit/537.36 (KHTML, like Gecko) Chrome/103.0.5060.134 Safari/537.36 Edg/103.0.1264.77"
{} [06/Aug/2022:20:58:24 +0000] GET /api/books/?& 304 171.553 "Mozilla/5.0 (Windows NT 10.0; Win64; x64) AppleWebKit/537.36 (KHTML, like Gecko) Chrome/103.0.5060.134 Safari/537.36 Edg/103.0.1264.77"
{} [06/Aug/2022:20:58:38 +0000] GET /api/categories 304 105.862 "Mozilla/5.0 (Windows NT 10.0; Win64; x64) AppleWebKit/537.36 (KHTML, like Gecko) Chrome/103.0.5060.134 Safari/537.36 Edg/103.0.1264.77"
{} [06/Aug/2022:20:58:38 +0000] GET /api/books/?& 304 172.530 "Mozilla/5.0 (Windows NT 10.0; Win64; x64) AppleWebKit/537.36 (KHTML, like Gecko) Chrome/103.0.5060.134 Safari/537.36 Edg/103.0.1264.77"
{} [06/Aug/2022:20:59:02 +0000] GET /api/categories 304 104.696 "Mozilla/5.0 (Windows NT 10.0; Win64; x64) AppleWebKit/537.36 (KHTML, like Gecko) Chrome/103.0.5060.134 Safari/537.36 Edg/103.0.1264.77"
{} [06/Aug/2022:20:59:02 +0000] GET /api/books/?& 304 173.400 "Mozilla/5.0 (Windows NT 10.0; Win64; x64) AppleWebKit/537.36 (KHTML, like Gecko) Chrome/103.0.5060.134 Safari/537.36 Edg/103.0.1264.77"
{} [06/Aug/2022:20:59:13 +0000] GET /api/categories 304 104.323 "Mozilla/5.0 (Windows NT 10.0; Win64; x64) AppleWebKit/537.36 (KHTML, like Gecko) Chrome/103.0.5060.134 Safari/537.36 Edg/103.0.1264.77"
{} [06/Aug/2022:20:59:13 +0000] GET /api/books/?& 304 173.674 "Mozilla/5.0 (Windows NT 10.0; Win64; x64) AppleWebKit/537.36 (KHTML, like Gecko) Chrome/103.0.5060.134 Safari/537.36 Edg/103.0.1264.77"
{} [06/Aug/2022:20:59:30 +0000] GET /api/categories 304 105.506 "Mozilla/5.0 (Windows NT 10.0; Win64; x64) AppleWebKit/537.36 (KHTML, like Gecko) Chrome/103.0.5060.134 Safari/537.36 Edg/103.0.1264.77"
{} [06/Aug/2022:20:59:30 +0000] GET /api/books/?& 304 175.500 "Mozilla/5.0 (Windows NT 10.0; Win64; x64) AppleWebKit/537.36 (KHTML, like Gecko) Chrome/103.0.5060.134 Safari/537.36 Edg/103.0.1264.77"
{} [06/Aug/2022:20:59:45 +0000] GET /api/categories 304 103.803 "Mozilla/5.0 (Windows NT 10.0; Win64; x64) AppleWebKit/537.36 (KHTML, like Gecko) Chrome/103.0.5060.134 Safari/537.36 Edg/103.0.1264.77"
{} [06/Aug/2022:20:59:45 +0000] GET /api/books/?& 304 179.632 "Mozilla/5.0 (Windows NT 10.0; Win64; x64) AppleWebKit/537.36 (KHTML, like Gecko) Chrome/103.0.5060.134 Safari/537.36 Edg/103.0.1264.77"
{} [06/Aug/2022:20:59:53 +0000] GET /api/categories 304 124.001 "Mozilla/5.0 (Windows NT 10.0; Win64; x64) AppleWebKit/537.36 (KHTML, like Gecko) Chrome/103.0.5060.134 Safari/537.36 Edg/103.0.1264.77"
{} [06/Aug/2022:20:59:53 +0000] GET /api/books/?& 304 218.765 "Mozilla/5.0 (Windows NT 10.0; Win64; x64) AppleWebKit/537.36 (KHTML, like Gecko) Chrome/103.0.5060.134 Safari/537.36 Edg/103.0.1264.77"
{} [06/Aug/2022:21:00:03 +0000] GET /api/categories 304 109.966 "Mozilla/5.0 (Windows NT 10.0; Win64; x64) AppleWebKit/537.36 (KHTML, like Gecko) Chrome/103.0.5060.134 Safari/537.36 Edg/103.0.1264.77"
{} [06/Aug/2022:21:00:03 +0000] GET /api/books/?& 304 178.234 "Mozilla/5.0 (Windows NT 10.0; Win64; x64) AppleWebKit/537.36 (KHTML, like Gecko) Chrome/103.0.5060.134 Safari/537.36 Edg/103.0.1264.77"
{} [06/Aug/2022:21:00:25 +0000] GET /api/categories 304 104.450 "Mozilla/5.0 (Windows NT 10.0; Win64; x64) AppleWebKit/537.36 (KHTML, like Gecko) Chrome/103.0.5060.134 Safari/537.36 Edg/103.0.1264.77"
{} [06/Aug/2022:21:00:25 +0000] GET /api/books/?& 304 179.773 "Mozilla/5.0 (Windows NT 10.0; Win64; x64) AppleWebKit/537.36 (KHTML, like Gecko) Chrome/103.0.5060.134 Safari/537.36 Edg/103.0.1264.77"
{} [06/Aug/2022:21:00:31 +0000] GET /api/categories 304 154.429 "Mozilla/5.0 (Windows NT 10.0; Win64; x64) AppleWebKit/537.36 (KHTML, like Gecko) Chrome/103.0.5060.134 Safari/537.36 Edg/103.0.1264.77"
{} [06/Aug/2022:21:00:31 +0000] GET /api/books/?& 304 212.280 "Mozilla/5.0 (Windows NT 10.0; Win64; x64) AppleWebKit/537.36 (KHTML, like Gecko) Chrome/103.0.5060.134 Safari/537.36 Edg/103.0.1264.77"
{} [06/Aug/2022:21:00:37 +0000] GET /api/categories 304 118.087 "Mozilla/5.0 (Windows NT 10.0; Win64; x64) AppleWebKit/537.36 (KHTML, like Gecko) Chrome/103.0.5060.134 Safari/537.36 Edg/103.0.1264.77"
{} [06/Aug/2022:21:00:37 +0000] GET /api/books/?& 304 173.497 "Mozilla/5.0 (Windows NT 10.0; Win64; x64) AppleWebKit/537.36 (KHTML, like Gecko) Chrome/103.0.5060.134 Safari/537.36 Edg/103.0.1264.77"
{} [06/Aug/2022:21:00:46 +0000] GET /api/categories 304 119.786 "Mozilla/5.0 (Windows NT 10.0; Win64; x64) AppleWebKit/537.36 (KHTML, like Gecko) Chrome/103.0.5060.134 Safari/537.36 Edg/103.0.1264.77"
{} [06/Aug/2022:21:00:46 +0000] GET /api/books/?& 304 171.055 "Mozilla/5.0 (Windows NT 10.0; Win64; x64) AppleWebKit/537.36 (KHTML, like Gecko) Chrome/103.0.5060.134 Safari/537.36 Edg/103.0.1264.77"
{} [06/Aug/2022:21:01:52 +0000] GET /api/categories 304 128.380 "Mozilla/5.0 (Windows NT 10.0; Win64; x64) AppleWebKit/537.36 (KHTML, like Gecko) Chrome/103.0.5060.134 Safari/537.36 Edg/103.0.1264.77"
{} [06/Aug/2022:21:01:52 +0000] GET /api/books/?& 304 200.087 "Mozilla/5.0 (Windows NT 10.0; Win64; x64) AppleWebKit/537.36 (KHTML, like Gecko) Chrome/103.0.5060.134 Safari/537.36 Edg/103.0.1264.77"
{} [06/Aug/2022:21:01:58 +0000] GET /api/categories 304 109.552 "Mozilla/5.0 (Windows NT 10.0; Win64; x64) AppleWebKit/537.36 (KHTML, like Gecko) Chrome/103.0.5060.134 Safari/537.36 Edg/103.0.1264.77"
{} [06/Aug/2022:21:01:58 +0000] GET /api/books/?& 304 170.027 "Mozilla/5.0 (Windows NT 10.0; Win64; x64) AppleWebKit/537.36 (KHTML, like Gecko) Chrome/103.0.5060.134 Safari/537.36 Edg/103.0.1264.77"
{} [06/Aug/2022:21:03:06 +0000] GET /api/categories 304 107.420 "Mozilla/5.0 (Windows NT 10.0; Win64; x64) AppleWebKit/537.36 (KHTML, like Gecko) Chrome/103.0.5060.134 Safari/537.36 Edg/103.0.1264.77"
{} [06/Aug/2022:21:03:06 +0000] GET /api/books/?& 304 182.341 "Mozilla/5.0 (Windows NT 10.0; Win64; x64) AppleWebKit/537.36 (KHTML, like Gecko) Chrome/103.0.5060.134 Safari/537.36 Edg/103.0.1264.77"
{} [06/Aug/2022:21:03:12 +0000] GET /api/categories 304 131.506 "Mozilla/5.0 (Windows NT 10.0; Win64; x64) AppleWebKit/537.36 (KHTML, like Gecko) Chrome/103.0.5060.134 Safari/537.36 Edg/103.0.1264.77"
{} [06/Aug/2022:21:03:12 +0000] GET /api/books/?& 304 202.257 "Mozilla/5.0 (Windows NT 10.0; Win64; x64) AppleWebKit/537.36 (KHTML, like Gecko) Chrome/103.0.5060.134 Safari/537.36 Edg/103.0.1264.77"
{} [06/Aug/2022:21:03:38 +0000] GET /api/categories 304 107.639 "Mozilla/5.0 (Windows NT 10.0; Win64; x64) AppleWebKit/537.36 (KHTML, like Gecko) Chrome/103.0.5060.134 Safari/537.36 Edg/103.0.1264.77"
{} [06/Aug/2022:21:03:38 +0000] GET /api/books/?& 304 173.944 "Mozilla/5.0 (Windows NT 10.0; Win64; x64) AppleWebKit/537.36 (KHTML, like Gecko) Chrome/103.0.5060.134 Safari/537.36 Edg/103.0.1264.77"
{} [06/Aug/2022:21:06:59 +0000] GET /api/categories 304 109.925 "Mozilla/5.0 (Windows NT 10.0; Win64; x64) AppleWebKit/537.36 (KHTML, like Gecko) Chrome/103.0.5060.134 Safari/537.36 Edg/103.0.1264.77"
{} [06/Aug/2022:21:06:59 +0000] GET /api/books/?& 304 175.817 "Mozilla/5.0 (Windows NT 10.0; Win64; x64) AppleWebKit/537.36 (KHTML, like Gecko) Chrome/103.0.5060.134 Safari/537.36 Edg/103.0.1264.77"
{} [06/Aug/2022:21:07:18 +0000] GET /api/categories 304 122.543 "Mozilla/5.0 (Windows NT 10.0; Win64; x64) AppleWebKit/537.36 (KHTML, like Gecko) Chrome/103.0.5060.134 Safari/537.36 Edg/103.0.1264.77"
{} [06/Aug/2022:21:07:19 +0000] GET /api/books/?& 304 279.864 "Mozilla/5.0 (Windows NT 10.0; Win64; x64) AppleWebKit/537.36 (KHTML, like Gecko) Chrome/103.0.5060.134 Safari/537.36 Edg/103.0.1264.77"
{} [06/Aug/2022:21:09:41 +0000] GET /api/categories 304 134.917 "Mozilla/5.0 (Windows NT 10.0; Win64; x64) AppleWebKit/537.36 (KHTML, like Gecko) Chrome/103.0.5060.134 Safari/537.36 Edg/103.0.1264.77"
{} [06/Aug/2022:21:09:41 +0000] GET /api/books/?& 304 197.487 "Mozilla/5.0 (Windows NT 10.0; Win64; x64) AppleWebKit/537.36 (KHTML, like Gecko) Chrome/103.0.5060.134 Safari/537.36 Edg/103.0.1264.77"
{} [06/Aug/2022:21:10:33 +0000] GET /api/categories 304 105.450 "Mozilla/5.0 (Windows NT 10.0; Win64; x64) AppleWebKit/537.36 (KHTML, like Gecko) Chrome/103.0.5060.134 Safari/537.36 Edg/103.0.1264.77"
{} [06/Aug/2022:21:10:33 +0000] GET /api/books/?& 304 175.734 "Mozilla/5.0 (Windows NT 10.0; Win64; x64) AppleWebKit/537.36 (KHTML, like Gecko) Chrome/103.0.5060.134 Safari/537.36 Edg/103.0.1264.77"
{} [06/Aug/2022:21:11:02 +0000] GET /api/categories 304 140.842 "Mozilla/5.0 (Windows NT 10.0; Win64; x64) AppleWebKit/537.36 (KHTML, like Gecko) Chrome/103.0.5060.134 Safari/537.36 Edg/103.0.1264.77"
{} [06/Aug/2022:21:11:02 +0000] GET /api/books/?& 304 210.646 "Mozilla/5.0 (Windows NT 10.0; Win64; x64) AppleWebKit/537.36 (KHTML, like Gecko) Chrome/103.0.5060.134 Safari/537.36 Edg/103.0.1264.77"
{} [06/Aug/2022:21:11:18 +0000] GET /api/categories 304 104.896 "Mozilla/5.0 (Windows NT 10.0; Win64; x64) AppleWebKit/537.36 (KHTML, like Gecko) Chrome/103.0.5060.134 Safari/537.36 Edg/103.0.1264.77"
{} [06/Aug/2022:21:11:18 +0000] GET /api/books/?& 304 171.494 "Mozilla/5.0 (Windows NT 10.0; Win64; x64) AppleWebKit/537.36 (KHTML, like Gecko) Chrome/103.0.5060.134 Safari/537.36 Edg/103.0.1264.77"
{} [06/Aug/2022:21:11:42 +0000] GET /api/categories 304 182.177 "Mozilla/5.0 (Windows NT 10.0; Win64; x64) AppleWebKit/537.36 (KHTML, like Gecko) Chrome/103.0.5060.134 Safari/537.36 Edg/103.0.1264.77"
{} [06/Aug/2022:21:11:42 +0000] GET /api/books/?& 304 212.188 "Mozilla/5.0 (Windows NT 10.0; Win64; x64) AppleWebKit/537.36 (KHTML, like Gecko) Chrome/103.0.5060.134 Safari/537.36 Edg/103.0.1264.77"
{} [06/Aug/2022:21:11:59 +0000] GET /api/categories 304 107.342 "Mozilla/5.0 (Windows NT 10.0; Win64; x64) AppleWebKit/537.36 (KHTML, like Gecko) Chrome/103.0.5060.134 Safari/537.36 Edg/103.0.1264.77"
{} [06/Aug/2022:21:11:59 +0000] GET /api/books/?& 304 182.323 "Mozilla/5.0 (Windows NT 10.0; Win64; x64) AppleWebKit/537.36 (KHTML, like Gecko) Chrome/103.0.5060.134 Safari/537.36 Edg/103.0.1264.77"
{} [06/Aug/2022:21:13:08 +0000] GET /api/categories 304 112.132 "Mozilla/5.0 (Windows NT 10.0; Win64; x64) AppleWebKit/537.36 (KHTML, like Gecko) Chrome/103.0.5060.134 Safari/537.36 Edg/103.0.1264.77"
{} [06/Aug/2022:21:13:08 +0000] GET /api/books/?& 304 170.172 "Mozilla/5.0 (Windows NT 10.0; Win64; x64) AppleWebKit/537.36 (KHTML, like Gecko) Chrome/103.0.5060.134 Safari/537.36 Edg/103.0.1264.77"
{} [06/Aug/2022:21:14:31 +0000] GET /api/categories 304 105.837 "Mozilla/5.0 (Windows NT 10.0; Win64; x64) AppleWebKit/537.36 (KHTML, like Gecko) Chrome/103.0.5060.134 Safari/537.36 Edg/103.0.1264.77"
{} [06/Aug/2022:21:14:31 +0000] GET /api/books/?& 304 170.278 "Mozilla/5.0 (Windows NT 10.0; Win64; x64) AppleWebKit/537.36 (KHTML, like Gecko) Chrome/103.0.5060.134 Safari/537.36 Edg/103.0.1264.77"
{} [06/Aug/2022:21:15:14 +0000] GET /api/categories 304 131.968 "Mozilla/5.0 (Windows NT 10.0; Win64; x64) AppleWebKit/537.36 (KHTML, like Gecko) Chrome/103.0.5060.134 Safari/537.36 Edg/103.0.1264.77"
{} [06/Aug/2022:21:15:14 +0000] GET /api/books/?& 304 171.581 "Mozilla/5.0 (Windows NT 10.0; Win64; x64) AppleWebKit/537.36 (KHTML, like Gecko) Chrome/103.0.5060.134 Safari/537.36 Edg/103.0.1264.77"
{} [06/Aug/2022:21:15:50 +0000] GET /api/categories 304 116.595 "Mozilla/5.0 (Windows NT 10.0; Win64; x64) AppleWebKit/537.36 (KHTML, like Gecko) Chrome/103.0.5060.134 Safari/537.36 Edg/103.0.1264.77"
{} [06/Aug/2022:21:15:50 +0000] GET /api/books/?& 304 179.104 "Mozilla/5.0 (Windows NT 10.0; Win64; x64) AppleWebKit/537.36 (KHTML, like Gecko) Chrome/103.0.5060.134 Safari/537.36 Edg/103.0.1264.77"
{} [06/Aug/2022:21:15:59 +0000] GET /api/categories 304 105.064 "Mozilla/5.0 (Windows NT 10.0; Win64; x64) AppleWebKit/537.36 (KHTML, like Gecko) Chrome/103.0.5060.134 Safari/537.36 Edg/103.0.1264.77"
{} [06/Aug/2022:21:15:59 +0000] GET /api/books/?& 304 171.449 "Mozilla/5.0 (Windows NT 10.0; Win64; x64) AppleWebKit/537.36 (KHTML, like Gecko) Chrome/103.0.5060.134 Safari/537.36 Edg/103.0.1264.77"
{} [06/Aug/2022:21:18:04 +0000] GET /api/categories 304 126.772 "Mozilla/5.0 (Windows NT 10.0; Win64; x64) AppleWebKit/537.36 (KHTML, like Gecko) Chrome/103.0.5060.134 Safari/537.36 Edg/103.0.1264.77"
{} [06/Aug/2022:21:18:04 +0000] GET /api/books/?& 304 182.848 "Mozilla/5.0 (Windows NT 10.0; Win64; x64) AppleWebKit/537.36 (KHTML, like Gecko) Chrome/103.0.5060.134 Safari/537.36 Edg/103.0.1264.77"
{} [06/Aug/2022:21:20:49 +0000] GET /api/categories 304 105.144 "Mozilla/5.0 (Windows NT 10.0; Win64; x64) AppleWebKit/537.36 (KHTML, like Gecko) Chrome/103.0.5060.134 Safari/537.36 Edg/103.0.1264.77"
{} [06/Aug/2022:21:20:49 +0000] GET /api/books/?& 304 176.192 "Mozilla/5.0 (Windows NT 10.0; Win64; x64) AppleWebKit/537.36 (KHTML, like Gecko) Chrome/103.0.5060.134 Safari/537.36 Edg/103.0.1264.77"
{} [06/Aug/2022:21:20:59 +0000] GET /api/categories 304 104.727 "Mozilla/5.0 (Windows NT 10.0; Win64; x64) AppleWebKit/537.36 (KHTML, like Gecko) Chrome/103.0.5060.134 Safari/537.36 Edg/103.0.1264.77"
{} [06/Aug/2022:21:20:59 +0000] GET /api/books/?& 304 177.143 "Mozilla/5.0 (Windows NT 10.0; Win64; x64) AppleWebKit/537.36 (KHTML, like Gecko) Chrome/103.0.5060.134 Safari/537.36 Edg/103.0.1264.77"
{} [06/Aug/2022:21:26:56 +0000] GET /api/promotions 304 108.108 "Mozilla/5.0 (Windows NT 10.0; Win64; x64) AppleWebKit/537.36 (KHTML, like Gecko) Chrome/103.0.5060.134 Safari/537.36 Edg/103.0.1264.77"
{} [06/Aug/2022:21:28:34 +0000] GET /api/categories 304 141.111 "Mozilla/5.0 (Windows NT 10.0; Win64; x64) AppleWebKit/537.36 (KHTML, like Gecko) Chrome/103.0.5060.134 Safari/537.36 Edg/103.0.1264.77"
{} [06/Aug/2022:21:28:34 +0000] GET /api/books/?& 304 213.858 "Mozilla/5.0 (Windows NT 10.0; Win64; x64) AppleWebKit/537.36 (KHTML, like Gecko) Chrome/103.0.5060.134 Safari/537.36 Edg/103.0.1264.77"
{} [06/Aug/2022:21:30:52 +0000] GET /api/promotions 304 103.917 "Mozilla/5.0 (Windows NT 10.0; Win64; x64) AppleWebKit/537.36 (KHTML, like Gecko) Chrome/103.0.5060.134 Safari/537.36 Edg/103.0.1264.77"
{} [06/Aug/2022:21:30:56 +0000] GET /api/books/?category=kids&priceMin=&priceMax=&priceSort= 200 149.076 "Mozilla/5.0 (Windows NT 10.0; Win64; x64) AppleWebKit/537.36 (KHTML, like Gecko) Chrome/103.0.5060.134 Safari/537.36 Edg/103.0.1264.77"
{} [06/Aug/2022:21:30:56 +0000] GET /api/books/?&priceMin=&priceMax=&priceSort= 200 222.254 "Mozilla/5.0 (Windows NT 10.0; Win64; x64) AppleWebKit/537.36 (KHTML, like Gecko) Chrome/103.0.5060.134 Safari/537.36 Edg/103.0.1264.77"
{} [06/Aug/2022:21:35:47 +0000] GET /api/admin/book/62dbfb6399dc88fcc329d39f 304 106.699 "Mozilla/5.0 (Windows NT 10.0; Win64; x64) AppleWebKit/537.36 (KHTML, like Gecko) Chrome/103.0.5060.134 Safari/537.36 Edg/103.0.1264.77"
{} [06/Aug/2022:21:36:22 +0000] GET /api/categories 304 104.986 "Mozilla/5.0 (Windows NT 10.0; Win64; x64) AppleWebKit/537.36 (KHTML, like Gecko) Chrome/103.0.5060.134 Safari/537.36 Edg/103.0.1264.77"
{} [06/Aug/2022:21:36:22 +0000] GET /api/books/?&priceMin=&priceMax=&priceSort= 304 175.980 "Mozilla/5.0 (Windows NT 10.0; Win64; x64) AppleWebKit/537.36 (KHTML, like Gecko) Chrome/103.0.5060.134 Safari/537.36 Edg/103.0.1264.77"
{} [06/Aug/2022:21:36:22 +0000] GET /api/books/?category=kids&priceMin=&priceMax=&priceSort= 304 128.869 "Mozilla/5.0 (Windows NT 10.0; Win64; x64) AppleWebKit/537.36 (KHTML, like Gecko) Chrome/103.0.5060.134 Safari/537.36 Edg/103.0.1264.77"
{} [06/Aug/2022:21:36:38 +0000] GET /api/admin/book/62dbf60da78afb988b9a5f7c 304 107.518 "Mozilla/5.0 (Windows NT 10.0; Win64; x64) AppleWebKit/537.36 (KHTML, like Gecko) Chrome/103.0.5060.134 Safari/537.36 Edg/103.0.1264.77"
{} [06/Aug/2022:21:36:38 +0000] GET /api/books/?& 304 179.122 "Mozilla/5.0 (Windows NT 10.0; Win64; x64) AppleWebKit/537.36 (KHTML, like Gecko) Chrome/103.0.5060.134 Safari/537.36 Edg/103.0.1264.77"
{} [06/Aug/2022:21:37:25 +0000] GET /api/admin/book/62dbfb6399dc88fcc329d39f 304 107.255 "Mozilla/5.0 (Windows NT 10.0; Win64; x64) AppleWebKit/537.36 (KHTML, like Gecko) Chrome/103.0.5060.134 Safari/537.36 Edg/103.0.1264.77"
{} [06/Aug/2022:21:44:02 +0000] GET /api/books/?&category=kids&category=scientific%20researches&priceMin=&priceMax=&priceSort= 200 132.691 "Mozilla/5.0 (Windows NT 10.0; Win64; x64) AppleWebKit/537.36 (KHTML, like Gecko) Chrome/103.0.5060.134 Safari/537.36 Edg/103.0.1264.77"
{} [06/Aug/2022:21:44:03 +0000] GET /api/books/?category=scientific%20researches&priceMin=&priceMax=&priceSort= 304 124.770 "Mozilla/5.0 (Windows NT 10.0; Win64; x64) AppleWebKit/537.36 (KHTML, like Gecko) Chrome/103.0.5060.134 Safari/537.36 Edg/103.0.1264.77"
{} [06/Aug/2022:21:44:03 +0000] GET /api/books/?&category=scientific%20researches&category=novels&priceMin=&priceMax=&priceSort= 304 175.427 "Mozilla/5.0 (Windows NT 10.0; Win64; x64) AppleWebKit/537.36 (KHTML, like Gecko) Chrome/103.0.5060.134 Safari/537.36 Edg/103.0.1264.77"
{} [06/Aug/2022:21:44:04 +0000] GET /api/books/?category=novels&priceMin=&priceMax=&priceSort= 304 152.729 "Mozilla/5.0 (Windows NT 10.0; Win64; x64) AppleWebKit/537.36 (KHTML, like Gecko) Chrome/103.0.5060.134 Safari/537.36 Edg/103.0.1264.77"
{} [06/Aug/2022:21:46:39 +0000] GET /api/promotions 304 105.729 "Mozilla/5.0 (Windows NT 10.0; Win64; x64) AppleWebKit/537.36 (KHTML, like Gecko) Chrome/103.0.5060.134 Safari/537.36 Edg/103.0.1264.77"
{} [06/Aug/2022:21:50:31 +0000] GET /api/books/?& 304 175.481 "Mozilla/5.0 (Windows NT 10.0; Win64; x64) AppleWebKit/537.36 (KHTML, like Gecko) Chrome/103.0.5060.134 Safari/537.36 Edg/103.0.1264.77"
{} [06/Aug/2022:21:50:35 +0000] GET /api/categories 304 103.838 "Mozilla/5.0 (Windows NT 10.0; Win64; x64) AppleWebKit/537.36 (KHTML, like Gecko) Chrome/103.0.5060.134 Safari/537.36 Edg/103.0.1264.77"
{} [06/Aug/2022:21:50:35 +0000] GET /api/admin/book/62dbf60da78afb988b9a5f7c 304 105.922 "Mozilla/5.0 (Windows NT 10.0; Win64; x64) AppleWebKit/537.36 (KHTML, like Gecko) Chrome/103.0.5060.134 Safari/537.36 Edg/103.0.1264.77"
{} [06/Aug/2022:21:50:35 +0000] GET /api/promotions 304 109.342 "Mozilla/5.0 (Windows NT 10.0; Win64; x64) AppleWebKit/537.36 (KHTML, like Gecko) Chrome/103.0.5060.134 Safari/537.36 Edg/103.0.1264.77"
{} [06/Aug/2022:21:50:35 +0000] GET /api/writers? 304 149.554 "Mozilla/5.0 (Windows NT 10.0; Win64; x64) AppleWebKit/537.36 (KHTML, like Gecko) Chrome/103.0.5060.134 Safari/537.36 Edg/103.0.1264.77"
{} [06/Aug/2022:21:50:53 +0000] GET /api/categories 304 108.753 "Mozilla/5.0 (Windows NT 10.0; Win64; x64) AppleWebKit/537.36 (KHTML, like Gecko) Chrome/103.0.5060.134 Safari/537.36 Edg/103.0.1264.77"
{} [06/Aug/2022:21:51:07 +0000] GET /api/writers?page=20 200 215.395 "Mozilla/5.0 (Windows NT 10.0; Win64; x64) AppleWebKit/537.36 (KHTML, like Gecko) Chrome/103.0.5060.134 Safari/537.36 Edg/103.0.1264.77"
{} [06/Aug/2022:21:51:13 +0000] GET /api/admin/users 403 0.800 "Mozilla/5.0 (Windows NT 10.0; Win64; x64) AppleWebKit/537.36 (KHTML, like Gecko) Chrome/103.0.5060.134 Safari/537.36 Edg/103.0.1264.77"
{} [06/Aug/2022:21:51:22 +0000] GET /api/categories 304 110.022 "Mozilla/5.0 (Windows NT 10.0; Win64; x64) AppleWebKit/537.36 (KHTML, like Gecko) Chrome/103.0.5060.134 Safari/537.36 Edg/103.0.1264.77"
{} [06/Aug/2022:21:51:22 +0000] GET /api/books/?& 304 189.247 "Mozilla/5.0 (Windows NT 10.0; Win64; x64) AppleWebKit/537.36 (KHTML, like Gecko) Chrome/103.0.5060.134 Safari/537.36 Edg/103.0.1264.77"
{} [06/Aug/2022:21:58:53 +0000] GET /api/categories 304 109.481 "Mozilla/5.0 (Windows NT 10.0; Win64; x64) AppleWebKit/537.36 (KHTML, like Gecko) Chrome/103.0.5060.134 Safari/537.36 Edg/103.0.1264.77"
{} [06/Aug/2022:21:58:54 +0000] GET /api/books/?& 304 206.326 "Mozilla/5.0 (Windows NT 10.0; Win64; x64) AppleWebKit/537.36 (KHTML, like Gecko) Chrome/103.0.5060.134 Safari/537.36 Edg/103.0.1264.77"
{} [06/Aug/2022:21:59:41 +0000] GET /api/categories 304 109.923 "Mozilla/5.0 (Windows NT 10.0; Win64; x64) AppleWebKit/537.36 (KHTML, like Gecko) Chrome/103.0.5060.134 Safari/537.36 Edg/103.0.1264.77"
{} [06/Aug/2022:21:59:42 +0000] GET /api/books/?& 304 182.327 "Mozilla/5.0 (Windows NT 10.0; Win64; x64) AppleWebKit/537.36 (KHTML, like Gecko) Chrome/103.0.5060.134 Safari/537.36 Edg/103.0.1264.77"
