{"userName":"zeiadMostafa","pass":"erd&Er12"} [10/Aug/2022:16:32:25 +0000] POST /login 200 762.196 "PostmanRuntime/7.29.2"
- [10/Aug/2022:16:33:01 +0000] GET / 304 10.653 "Mozilla/5.0 (Windows NT 10.0; Win64; x64) AppleWebKit/537.36 (KHTML, like Gecko) Chrome/104.0.0.0 Safari/537.36"
{} [10/Aug/2022:16:33:02 +0000] GET /favicon.ico 404 6.161 "Mozilla/5.0 (Windows NT 10.0; Win64; x64) AppleWebKit/537.36 (KHTML, like Gecko) Chrome/104.0.0.0 Safari/537.36"
{} [10/Aug/2022:16:33:22 +0000] POST //check-out 404 11.408 "PostmanRuntime/7.29.2"
{} [10/Aug/2022:16:33:27 +0000] POST /check-out 200 12.007 "PostmanRuntime/7.29.2"
{"items":[{"price_data":{"currency":"usd","product_data":{"name":"2wlad 7aretna"},"unit_amount":20000}}]} [10/Aug/2022:18:12:13 +0000] POST /check-out 500 307.603 "PostmanRuntime/7.29.2"
{"items":[{"price_data":{"currency":"usd","product_data":{"name":"2wlad 7aretna"},"unit_amount":20000}}]} [10/Aug/2022:18:15:05 +0000] POST /check-out 500 1347.588 "PostmanRuntime/7.29.2"
{"items":[{"price_data":{"currency":"usd","product_data":{"name":"2wlad 7aretna"},"unit_amount":20000},"quantity":1}]} [10/Aug/2022:18:15:50 +0000] POST /check-out 500 410.357 "PostmanRuntime/7.29.2"
{"items":[{"price_data":{"currency":"usd","product_data":{"name":"2wlad 7aretna"},"unit_amount":20000},"quantity":1}]} [10/Aug/2022:18:18:21 +0000] POST /check-out 200 3161.902 "PostmanRuntime/7.29.2"
{"items":[{"title":"2wlad 7artna","finalPrice":20}]} [10/Aug/2022:21:21:51 +0000] POST /check-out 200 3791.848 "PostmanRuntime/7.29.2"
{"items":[{"title":"2wlad 7artna","finalPrice":20}]} [10/Aug/2022:21:28:03 +0000] POST /check-out 200 2729.010 "PostmanRuntime/7.29.2"
{"bookId":["62dbf60da78afb988b9a5f7c","62dbfb6399dc88fcc329d39d","62dbfb6399dc88fcc329d39e"]} [10/Aug/2022:21:39:28 +0000] PUT /cart-addition 403 330.131 "PostmanRuntime/7.29.2"
{"bookId":["62dbf60da78afb988b9a5f7c","62dbfb6399dc88fcc329d39d","62dbfb6399dc88fcc329d39e"]} [10/Aug/2022:21:40:01 +0000] PUT /cart-addition 500 13.556 "PostmanRuntime/7.29.2"
{"bookIds":["62dbf60da78afb988b9a5f7c","62dbfb6399dc88fcc329d39d","62dbfb6399dc88fcc329d39e"]} [10/Aug/2022:21:40:14 +0000] PUT /cart-addition 200 331.998 "PostmanRuntime/7.29.2"
{"bookIds":["62dbf60da78afb988b9a5f7c","62dbfb6399dc88fcc329d39d","62dbfb6399dc88fcc329d39e"]} [10/Aug/2022:21:40:26 +0000] PUT /cart-addition 200 233.674 "PostmanRuntime/7.29.2"
{"bookIds":["62dbf60da78afb988b9a5f7c","62dbfb6399dc88fcc329d39d","62dbfb6399dc88fcc329d39e"]} [10/Aug/2022:21:41:51 +0000] PUT /cart-addition 200 395.055 "PostmanRuntime/7.29.2"
{"bookIds":["62dbf60da78afb988b9a5f7c","62dbfb6399dc88fcc329d39d","62dbfb6399dc88fcc329d39e"]} [10/Aug/2022:21:43:41 +0000] PUT /cart-removal 200 210.834 "PostmanRuntime/7.29.2"
{"bookIds":["62dbf60da78afb988b9a5f7c","62dbfb6399dc88fcc329d39d","62dbfb6399dc88fcc329d39e"]} [10/Aug/2022:21:44:45 +0000] PUT /cart-addition 200 190.747 "PostmanRuntime/7.29.2"
{"bookIds":["62dbf60da78afb988b9a5f7c","62dbfb6399dc88fcc329d39d","62dbfb6399dc88fcc329d39e"]} [10/Aug/2022:21:44:53 +0000] PUT /cart-addition 200 182.637 "PostmanRuntime/7.29.2"
{"bookIds":["62dbf60da78afb988b9a5f7c","62dbfb6399dc88fcc329d39d","62dbfb6399dc88fcc329d39e"]} [10/Aug/2022:21:47:57 +0000] PUT /cart-addition 500 472.916 "PostmanRuntime/7.29.2"
{"bookIds":["62dbf60da78afb988b9a5f7c","62dbfb6399dc88fcc329d39d","62dbfb6399dc88fcc329d39e"]} [10/Aug/2022:21:48:43 +0000] PUT /cart-removal 200 280.316 "PostmanRuntime/7.29.2"
{"bookIds":["62dbf60da78afb988b9a5f7c","62dbfb6399dc88fcc329d39d","62dbfb6399dc88fcc329d39e"]} [10/Aug/2022:21:48:47 +0000] PUT /cart-removal 500 197.325 "PostmanRuntime/7.29.2"
{"bookIds":["62dbf60da78afb988b9a5f7c","62dbfb6399dc88fcc329d39d","62dbfb6399dc88fcc329d39e"]} [10/Aug/2022:21:49:41 +0000] PUT /cart-adition 404 52.919 "PostmanRuntime/7.29.2"
{"bookIds":["62dbf60da78afb988b9a5f7c","62dbfb6399dc88fcc329d39d","62dbfb6399dc88fcc329d39e"]} [10/Aug/2022:21:49:47 +0000] PUT /cart-addition 200 727.112 "PostmanRuntime/7.29.2"
{"bookIds":["62dbf60da78afb988b9a5f7c","62dbfb6399dc88fcc329d39d","62dbfb6399dc88fcc329d39e"]} [10/Aug/2022:21:49:52 +0000] PUT /cart-addition 500 190.154 "PostmanRuntime/7.29.2"
{"bookIds":["62dbf60da78afb988b9a5f7c","62dbfb6399dc88fcc329d39d","62dbfb6399dc88fcc329d39f"]} [10/Aug/2022:21:50:50 +0000] PUT /cart-addition 200 661.688 "PostmanRuntime/7.29.2"
{"bookIds":["62dbf60da78afb988b9a5f7c","62dbfb6399dc88fcc329d39d","62dbfb6399dc88fcc329d39c"]} [10/Aug/2022:21:53:33 +0000] PUT /cart-removal 200 1029.547 "PostmanRuntime/7.29.2"
