{} [30/Jul/2022:17:36:28 +0000] GET /api/books 500 25.990 "Mozilla/5.0 (Windows NT 10.0; Win64; x64) AppleWebKit/537.36 (KHTML, like Gecko) Chrome/103.0.5060.134 Safari/537.36 Edg/103.0.1264.71"
{} [30/Jul/2022:17:36:28 +0000] GET /favicon.ico 404 1.625 "Mozilla/5.0 (Windows NT 10.0; Win64; x64) AppleWebKit/537.36 (KHTML, like Gecko) Chrome/103.0.5060.134 Safari/537.36 Edg/103.0.1264.71"
{} [30/Jul/2022:17:37:15 +0000] GET /api/books?page=2 500 2.570 "Mozilla/5.0 (Windows NT 10.0; Win64; x64) AppleWebKit/537.36 (KHTML, like Gecko) Chrome/103.0.5060.134 Safari/537.36 Edg/103.0.1264.71"
{} [30/Jul/2022:17:37:21 +0000] GET /api/books?pageSort=lth 500 2.745 "Mozilla/5.0 (Windows NT 10.0; Win64; x64) AppleWebKit/537.36 (KHTML, like Gecko) Chrome/103.0.5060.134 Safari/537.36 Edg/103.0.1264.71"
{} [30/Jul/2022:17:38:21 +0000] GET /api/books?pageSort=lth 500 13.720 "Mozilla/5.0 (Windows NT 10.0; Win64; x64) AppleWebKit/537.36 (KHTML, like Gecko) Chrome/103.0.5060.134 Safari/537.36 Edg/103.0.1264.71"
{} [30/Jul/2022:17:38:24 +0000] GET /api/books 500 3.034 "Mozilla/5.0 (Windows NT 10.0; Win64; x64) AppleWebKit/537.36 (KHTML, like Gecko) Chrome/103.0.5060.134 Safari/537.36 Edg/103.0.1264.71"
{} [30/Jul/2022:17:38:51 +0000] GET /api/books 500 2.911 "Mozilla/5.0 (Windows NT 10.0; Win64; x64) AppleWebKit/537.36 (KHTML, like Gecko) Chrome/103.0.5060.134 Safari/537.36 Edg/103.0.1264.71"
{} [30/Jul/2022:17:38:52 +0000] GET /api/books 500 1.021 "Mozilla/5.0 (Windows NT 10.0; Win64; x64) AppleWebKit/537.36 (KHTML, like Gecko) Chrome/103.0.5060.134 Safari/537.36 Edg/103.0.1264.71"
{} [30/Jul/2022:17:39:16 +0000] GET /api/books 500 7.410 "Mozilla/5.0 (Windows NT 10.0; Win64; x64) AppleWebKit/537.36 (KHTML, like Gecko) Chrome/103.0.5060.134 Safari/537.36 Edg/103.0.1264.71"
{} [30/Jul/2022:17:39:16 +0000] GET /api/books 500 3.096 "Mozilla/5.0 (Windows NT 10.0; Win64; x64) AppleWebKit/537.36 (KHTML, like Gecko) Chrome/103.0.5060.134 Safari/537.36 Edg/103.0.1264.71"
{} [30/Jul/2022:17:40:19 +0000] GET /api/books 500 6.833 "Mozilla/5.0 (Windows NT 10.0; Win64; x64) AppleWebKit/537.36 (KHTML, like Gecko) Chrome/103.0.5060.134 Safari/537.36 Edg/103.0.1264.71"
{} [30/Jul/2022:17:40:20 +0000] GET /api/books 500 3.054 "Mozilla/5.0 (Windows NT 10.0; Win64; x64) AppleWebKit/537.36 (KHTML, like Gecko) Chrome/103.0.5060.134 Safari/537.36 Edg/103.0.1264.71"
{} [30/Jul/2022:17:40:20 +0000] GET /api/books 500 2.597 "Mozilla/5.0 (Windows NT 10.0; Win64; x64) AppleWebKit/537.36 (KHTML, like Gecko) Chrome/103.0.5060.134 Safari/537.36 Edg/103.0.1264.71"
{} [30/Jul/2022:17:40:20 +0000] GET /api/books 500 2.464 "Mozilla/5.0 (Windows NT 10.0; Win64; x64) AppleWebKit/537.36 (KHTML, like Gecko) Chrome/103.0.5060.134 Safari/537.36 Edg/103.0.1264.71"
{} [30/Jul/2022:17:40:26 +0000] GET /api/books 500 6.936 "Mozilla/5.0 (Windows NT 10.0; Win64; x64) AppleWebKit/537.36 (KHTML, like Gecko) Chrome/103.0.5060.134 Safari/537.36 Edg/103.0.1264.71"
{} [30/Jul/2022:17:40:48 +0000] GET /api/books 500 6.511 "Mozilla/5.0 (Windows NT 10.0; Win64; x64) AppleWebKit/537.36 (KHTML, like Gecko) Chrome/103.0.5060.134 Safari/537.36 Edg/103.0.1264.71"
{} [30/Jul/2022:17:40:54 +0000] GET /api/books 500 6.828 "Mozilla/5.0 (Windows NT 10.0; Win64; x64) AppleWebKit/537.36 (KHTML, like Gecko) Chrome/103.0.5060.134 Safari/537.36 Edg/103.0.1264.71"
{} [30/Jul/2022:17:41:16 +0000] GET /api/books 500 7.147 "Mozilla/5.0 (Windows NT 10.0; Win64; x64) AppleWebKit/537.36 (KHTML, like Gecko) Chrome/103.0.5060.134 Safari/537.36 Edg/103.0.1264.71"
{} [30/Jul/2022:17:41:17 +0000] GET /api/books 500 3.171 "Mozilla/5.0 (Windows NT 10.0; Win64; x64) AppleWebKit/537.36 (KHTML, like Gecko) Chrome/103.0.5060.134 Safari/537.36 Edg/103.0.1264.71"
{} [30/Jul/2022:17:41:21 +0000] GET /api/books 500 6.503 "Mozilla/5.0 (Windows NT 10.0; Win64; x64) AppleWebKit/537.36 (KHTML, like Gecko) Chrome/103.0.5060.134 Safari/537.36 Edg/103.0.1264.71"
{} [30/Jul/2022:17:47:40 +0000] GET /api/books 500 8.570 "Mozilla/5.0 (Windows NT 10.0; Win64; x64) AppleWebKit/537.36 (KHTML, like Gecko) Chrome/103.0.5060.134 Safari/537.36 Edg/103.0.1264.71"
{} [30/Jul/2022:17:49:03 +0000] GET /api/books 500 7.887 "Mozilla/5.0 (Windows NT 10.0; Win64; x64) AppleWebKit/537.36 (KHTML, like Gecko) Chrome/103.0.5060.134 Safari/537.36 Edg/103.0.1264.71"
{} [30/Jul/2022:17:49:09 +0000] GET /api/books 500 7.706 "Mozilla/5.0 (Windows NT 10.0; Win64; x64) AppleWebKit/537.36 (KHTML, like Gecko) Chrome/103.0.5060.134 Safari/537.36 Edg/103.0.1264.71"
{} [30/Jul/2022:17:49:10 +0000] GET /api/books 500 6.709 "Mozilla/5.0 (Windows NT 10.0; Win64; x64) AppleWebKit/537.36 (KHTML, like Gecko) Chrome/103.0.5060.134 Safari/537.36 Edg/103.0.1264.71"
{} [30/Jul/2022:17:49:10 +0000] GET /api/books 500 3.067 "Mozilla/5.0 (Windows NT 10.0; Win64; x64) AppleWebKit/537.36 (KHTML, like Gecko) Chrome/103.0.5060.134 Safari/537.36 Edg/103.0.1264.71"
{} [30/Jul/2022:17:49:10 +0000] GET /api/books 500 2.304 "Mozilla/5.0 (Windows NT 10.0; Win64; x64) AppleWebKit/537.36 (KHTML, like Gecko) Chrome/103.0.5060.134 Safari/537.36 Edg/103.0.1264.71"
{} [30/Jul/2022:17:49:11 +0000] GET /api/books 500 2.354 "Mozilla/5.0 (Windows NT 10.0; Win64; x64) AppleWebKit/537.36 (KHTML, like Gecko) Chrome/103.0.5060.134 Safari/537.36 Edg/103.0.1264.71"
{} [30/Jul/2022:17:49:43 +0000] GET /api/books 500 8.329 "Mozilla/5.0 (Windows NT 10.0; Win64; x64) AppleWebKit/537.36 (KHTML, like Gecko) Chrome/103.0.5060.134 Safari/537.36 Edg/103.0.1264.71"
{} [30/Jul/2022:17:49:44 +0000] GET /api/books 500 4.309 "Mozilla/5.0 (Windows NT 10.0; Win64; x64) AppleWebKit/537.36 (KHTML, like Gecko) Chrome/103.0.5060.134 Safari/537.36 Edg/103.0.1264.71"
{} [30/Jul/2022:17:49:44 +0000] GET /api/books 500 3.434 "Mozilla/5.0 (Windows NT 10.0; Win64; x64) AppleWebKit/537.36 (KHTML, like Gecko) Chrome/103.0.5060.134 Safari/537.36 Edg/103.0.1264.71"
{} [30/Jul/2022:17:49:45 +0000] GET /api/books 500 2.760 "Mozilla/5.0 (Windows NT 10.0; Win64; x64) AppleWebKit/537.36 (KHTML, like Gecko) Chrome/103.0.5060.134 Safari/537.36 Edg/103.0.1264.71"
{} [30/Jul/2022:17:49:45 +0000] GET /api/books 500 3.500 "Mozilla/5.0 (Windows NT 10.0; Win64; x64) AppleWebKit/537.36 (KHTML, like Gecko) Chrome/103.0.5060.134 Safari/537.36 Edg/103.0.1264.71"
{} [30/Jul/2022:17:49:45 +0000] GET /api/books 500 4.256 "Mozilla/5.0 (Windows NT 10.0; Win64; x64) AppleWebKit/537.36 (KHTML, like Gecko) Chrome/103.0.5060.134 Safari/537.36 Edg/103.0.1264.71"
{} [30/Jul/2022:17:49:45 +0000] GET /api/books 500 3.553 "Mozilla/5.0 (Windows NT 10.0; Win64; x64) AppleWebKit/537.36 (KHTML, like Gecko) Chrome/103.0.5060.134 Safari/537.36 Edg/103.0.1264.71"
{} [30/Jul/2022:17:50:01 +0000] GET /api/books 500 7.622 "Mozilla/5.0 (Windows NT 10.0; Win64; x64) AppleWebKit/537.36 (KHTML, like Gecko) Chrome/103.0.5060.134 Safari/537.36 Edg/103.0.1264.71"
{} [30/Jul/2022:17:50:02 +0000] GET /api/books 500 4.398 "Mozilla/5.0 (Windows NT 10.0; Win64; x64) AppleWebKit/537.36 (KHTML, like Gecko) Chrome/103.0.5060.134 Safari/537.36 Edg/103.0.1264.71"
{} [30/Jul/2022:17:50:09 +0000] GET /api/books 500 7.407 "Mozilla/5.0 (Windows NT 10.0; Win64; x64) AppleWebKit/537.36 (KHTML, like Gecko) Chrome/103.0.5060.134 Safari/537.36 Edg/103.0.1264.71"
{} [30/Jul/2022:17:50:10 +0000] GET /api/books 500 5.986 "Mozilla/5.0 (Windows NT 10.0; Win64; x64) AppleWebKit/537.36 (KHTML, like Gecko) Chrome/103.0.5060.134 Safari/537.36 Edg/103.0.1264.71"
{} [30/Jul/2022:17:50:32 +0000] GET /api/books 500 9.047 "Mozilla/5.0 (Windows NT 10.0; Win64; x64) AppleWebKit/537.36 (KHTML, like Gecko) Chrome/103.0.5060.134 Safari/537.36 Edg/103.0.1264.71"
{} [30/Jul/2022:17:50:33 +0000] GET /api/books 500 3.300 "Mozilla/5.0 (Windows NT 10.0; Win64; x64) AppleWebKit/537.36 (KHTML, like Gecko) Chrome/103.0.5060.134 Safari/537.36 Edg/103.0.1264.71"
{} [30/Jul/2022:17:50:33 +0000] GET /api/books 500 3.506 "Mozilla/5.0 (Windows NT 10.0; Win64; x64) AppleWebKit/537.36 (KHTML, like Gecko) Chrome/103.0.5060.134 Safari/537.36 Edg/103.0.1264.71"
{} [30/Jul/2022:17:51:25 +0000] GET /api/books 500 13.365 "Mozilla/5.0 (Windows NT 10.0; Win64; x64) AppleWebKit/537.36 (KHTML, like Gecko) Chrome/103.0.5060.134 Safari/537.36 Edg/103.0.1264.71"
{} [30/Jul/2022:17:51:26 +0000] GET /api/books 500 4.734 "Mozilla/5.0 (Windows NT 10.0; Win64; x64) AppleWebKit/537.36 (KHTML, like Gecko) Chrome/103.0.5060.134 Safari/537.36 Edg/103.0.1264.71"
{} [30/Jul/2022:17:51:31 +0000] GET /api/books 500 5.029 "Mozilla/5.0 (Windows NT 10.0; Win64; x64) AppleWebKit/537.36 (KHTML, like Gecko) Chrome/103.0.5060.134 Safari/537.36 Edg/103.0.1264.71"
{} [30/Jul/2022:17:51:37 +0000] GET /api/books 500 4.096 "Mozilla/5.0 (Windows NT 10.0; Win64; x64) AppleWebKit/537.36 (KHTML, like Gecko) Chrome/103.0.5060.134 Safari/537.36 Edg/103.0.1264.71"
{} [30/Jul/2022:17:51:54 +0000] GET /api/books?priceSort=3 500 4.075 "Mozilla/5.0 (Windows NT 10.0; Win64; x64) AppleWebKit/537.36 (KHTML, like Gecko) Chrome/103.0.5060.134 Safari/537.36 Edg/103.0.1264.71"
{} [30/Jul/2022:17:55:32 +0000] GET /api/books 500 3.938 "Mozilla/5.0 (Windows NT 10.0; Win64; x64) AppleWebKit/537.36 (KHTML, like Gecko) Chrome/103.0.5060.134 Safari/537.36 Edg/103.0.1264.71"
{} [30/Jul/2022:17:55:32 +0000] GET /api/books 500 6.785 "Mozilla/5.0 (Windows NT 10.0; Win64; x64) AppleWebKit/537.36 (KHTML, like Gecko) Chrome/103.0.5060.134 Safari/537.36 Edg/103.0.1264.71"
{} [30/Jul/2022:17:55:32 +0000] GET /api/books 500 3.811 "Mozilla/5.0 (Windows NT 10.0; Win64; x64) AppleWebKit/537.36 (KHTML, like Gecko) Chrome/103.0.5060.134 Safari/537.36 Edg/103.0.1264.71"
{} [30/Jul/2022:17:55:33 +0000] GET /api/books 500 3.739 "Mozilla/5.0 (Windows NT 10.0; Win64; x64) AppleWebKit/537.36 (KHTML, like Gecko) Chrome/103.0.5060.134 Safari/537.36 Edg/103.0.1264.71"
{} [30/Jul/2022:17:55:33 +0000] GET /api/books 500 2.717 "Mozilla/5.0 (Windows NT 10.0; Win64; x64) AppleWebKit/537.36 (KHTML, like Gecko) Chrome/103.0.5060.134 Safari/537.36 Edg/103.0.1264.71"
{} [30/Jul/2022:17:55:33 +0000] GET /api/books 500 4.128 "Mozilla/5.0 (Windows NT 10.0; Win64; x64) AppleWebKit/537.36 (KHTML, like Gecko) Chrome/103.0.5060.134 Safari/537.36 Edg/103.0.1264.71"
{} [30/Jul/2022:17:55:33 +0000] GET /api/books 500 4.532 "Mozilla/5.0 (Windows NT 10.0; Win64; x64) AppleWebKit/537.36 (KHTML, like Gecko) Chrome/103.0.5060.134 Safari/537.36 Edg/103.0.1264.71"
{} [30/Jul/2022:17:55:41 +0000] GET /api/books?priceSort=lth 500 5.678 "Mozilla/5.0 (Windows NT 10.0; Win64; x64) AppleWebKit/537.36 (KHTML, like Gecko) Chrome/103.0.5060.134 Safari/537.36 Edg/103.0.1264.71"
{} [30/Jul/2022:17:55:52 +0000] GET /api/books?priceSort=lth 500 10.254 "Mozilla/5.0 (Windows NT 10.0; Win64; x64) AppleWebKit/537.36 (KHTML, like Gecko) Chrome/103.0.5060.134 Safari/537.36 Edg/103.0.1264.71"
{} [30/Jul/2022:17:55:54 +0000] GET /api/books 500 4.832 "Mozilla/5.0 (Windows NT 10.0; Win64; x64) AppleWebKit/537.36 (KHTML, like Gecko) Chrome/103.0.5060.134 Safari/537.36 Edg/103.0.1264.71"
{} [30/Jul/2022:17:56:21 +0000] GET /api/books 500 11.997 "Mozilla/5.0 (Windows NT 10.0; Win64; x64) AppleWebKit/537.36 (KHTML, like Gecko) Chrome/103.0.5060.134 Safari/537.36 Edg/103.0.1264.71"
{} [30/Jul/2022:17:58:55 +0000] GET /api/books 500 9.794 "Mozilla/5.0 (Windows NT 10.0; Win64; x64) AppleWebKit/537.36 (KHTML, like Gecko) Chrome/103.0.5060.134 Safari/537.36 Edg/103.0.1264.71"
{} [30/Jul/2022:18:00:11 +0000] GET /api/books 500 7.145 "Mozilla/5.0 (Windows NT 10.0; Win64; x64) AppleWebKit/537.36 (KHTML, like Gecko) Chrome/103.0.5060.134 Safari/537.36 Edg/103.0.1264.71"
{} [30/Jul/2022:18:09:24 +0000] GET /api/books?limit=5&priceMin=5&priceMax=10&priceSort=%D8%B4%D8%B4%D8%B4 500 6.117 "Mozilla/5.0 (Windows NT 10.0; Win64; x64) AppleWebKit/537.36 (KHTML, like Gecko) Chrome/103.0.5060.134 Safari/537.36 Edg/103.0.1264.71"
{} [30/Jul/2022:18:10:09 +0000] GET /api/books?limit=5&priceMin=5&priceMax=10&priceSort=%D8%B4%D8%B4%D8%B4 500 4.839 "Mozilla/5.0 (Windows NT 10.0; Win64; x64) AppleWebKit/537.36 (KHTML, like Gecko) Chrome/103.0.5060.134 Safari/537.36 Edg/103.0.1264.71"
{} [30/Jul/2022:18:11:48 +0000] GET /api/books?limit=5&priceMin=5&priceMax=10&priceSort=%D8%B4%D8%B4%D8%B4 500 2.861 "Mozilla/5.0 (Windows NT 10.0; Win64; x64) AppleWebKit/537.36 (KHTML, like Gecko) Chrome/103.0.5060.134 Safari/537.36 Edg/103.0.1264.71"
{} [30/Jul/2022:18:12:08 +0000] GET /api/books?limit=5&priceMin=5&priceMax=10&priceSort=%D8%B4%D8%B4%D8%B4 500 6.836 "Mozilla/5.0 (Windows NT 10.0; Win64; x64) AppleWebKit/537.36 (KHTML, like Gecko) Chrome/103.0.5060.134 Safari/537.36 Edg/103.0.1264.71"
{} [30/Jul/2022:18:12:35 +0000] GET /api/books?limit=5&priceMin=5&priceMax=10&priceSort=%D8%B4%D8%B4%D8%B4 500 4.597 "Mozilla/5.0 (Windows NT 10.0; Win64; x64) AppleWebKit/537.36 (KHTML, like Gecko) Chrome/103.0.5060.134 Safari/537.36 Edg/103.0.1264.71"
{} [30/Jul/2022:18:12:50 +0000] GET /api/books?limit=5&priceMin=5&priceMax=10&priceSort=%D8%B4%D8%B4%D8%B4 500 4.164 "Mozilla/5.0 (Windows NT 10.0; Win64; x64) AppleWebKit/537.36 (KHTML, like Gecko) Chrome/103.0.5060.134 Safari/537.36 Edg/103.0.1264.71"
{} [30/Jul/2022:18:13:00 +0000] GET /api/books?limit=5&priceMin=5&priceMax=10&priceSort=%D8%B4%D8%B4%D8%B4 500 4.794 "Mozilla/5.0 (Windows NT 10.0; Win64; x64) AppleWebKit/537.36 (KHTML, like Gecko) Chrome/103.0.5060.134 Safari/537.36 Edg/103.0.1264.71"
{} [30/Jul/2022:18:13:11 +0000] GET /api/books?limit=5&priceMin=5&priceMax=10&priceSort=%D8%B4%D8%B4%D8%B4 500 3.937 "Mozilla/5.0 (Windows NT 10.0; Win64; x64) AppleWebKit/537.36 (KHTML, like Gecko) Chrome/103.0.5060.134 Safari/537.36 Edg/103.0.1264.71"
{} [30/Jul/2022:18:13:35 +0000] GET /api/books?limit=5&priceMin=5&priceMax=10&priceSort=%D8%B4%D8%B4%D8%B4 500 4.108 "Mozilla/5.0 (Windows NT 10.0; Win64; x64) AppleWebKit/537.36 (KHTML, like Gecko) Chrome/103.0.5060.134 Safari/537.36 Edg/103.0.1264.71"
{} [30/Jul/2022:18:14:05 +0000] GET /api/books?limit=5&priceMin=5&priceMax=10&priceSort=%D8%B4%D8%B4%D8%B4 500 3.408 "Mozilla/5.0 (Windows NT 10.0; Win64; x64) AppleWebKit/537.36 (KHTML, like Gecko) Chrome/103.0.5060.134 Safari/537.36 Edg/103.0.1264.71"
{} [30/Jul/2022:18:14:25 +0000] GET /api/books?limit=5&priceMin=5&priceMax=10&priceSort=%D8%B4%D8%B4%D8%B4 500 5.479 "Mozilla/5.0 (Windows NT 10.0; Win64; x64) AppleWebKit/537.36 (KHTML, like Gecko) Chrome/103.0.5060.134 Safari/537.36 Edg/103.0.1264.71"
