{} [23/Jul/2022:16:24:27 +0000] GET /api/books 200 244.778 "PostmanRuntime/7.29.0"
{} [23/Jul/2022:16:32:19 +0000] POST /api/books 500 2.773 "PostmanRuntime/7.29.0"
{} [23/Jul/2022:16:32:35 +0000] POST /api/books 500 4.331 "PostmanRuntime/7.29.0"
{} [23/Jul/2022:16:35:28 +0000] POST /api/books 500 2.921 "PostmanRuntime/7.29.0"
{} [23/Jul/2022:16:35:43 +0000] POST /api/books 500 4.173 "PostmanRuntime/7.29.0"
{} [23/Jul/2022:16:36:01 +0000] POST /api/books 500 2.796 "PostmanRuntime/7.29.0"
{} [23/Jul/2022:16:38:07 +0000] POST /api/books 500 2.848 "PostmanRuntime/7.29.0"
{} [23/Jul/2022:16:38:40 +0000] POST /api/books 500 3.746 "PostmanRuntime/7.29.0"
{} [23/Jul/2022:16:39:29 +0000] POST /api/books 500 3.072 "PostmanRuntime/7.29.0"
{} [23/Jul/2022:16:39:30 +0000] POST /api/books 500 1.362 "PostmanRuntime/7.29.0"
{} [23/Jul/2022:16:39:31 +0000] POST /api/books 500 0.442 "PostmanRuntime/7.29.0"
{} [23/Jul/2022:16:39:31 +0000] POST /api/books 500 0.886 "PostmanRuntime/7.29.0"
{} [23/Jul/2022:16:39:55 +0000] POST /api/books 500 0.818 "PostmanRuntime/7.29.0"
{} [23/Jul/2022:16:39:59 +0000] POST /api/books 500 0.506 "PostmanRuntime/7.29.0"
{} [23/Jul/2022:16:46:55 +0000] POST /api/books 500 0.493 "PostmanRuntime/7.29.0"
{} [23/Jul/2022:16:47:09 +0000] POST /api/books 500 0.565 "PostmanRuntime/7.29.0"
{"title":"booka","price":"200","description":"akdljdskgnwqneqwodaskl","category":"2","writer":"1"} [23/Jul/2022:16:48:04 +0000] POST /api/books 200 19.031 "PostmanRuntime/7.29.0"
{"title":"bookaa","price":"200","description":"akdljdskgnwqneqwodaskl","category":"2","writer":"1"} [23/Jul/2022:16:48:30 +0000] POST /api/books 200 12.893 "PostmanRuntime/7.29.0"
{"title":"bookaa","price":"200","description":"akdljdskgnwqneqwodaskl","category":"2","writer":"1"} [23/Jul/2022:16:48:43 +0000] POST /api/books 200 18.746 "PostmanRuntime/7.29.0"
{"title":"bookaa","price":"200","description":"akdljdskgnwqneqwodaskl","category":"2","writer":"1"} [23/Jul/2022:17:02:15 +0000] POST /api/books 200 19.211 "PostmanRuntime/7.29.0"
{"title":"bookaa","price":"200","description":"akdljdskgnwqneqwodaskl","category":"2","writer":"1"} [23/Jul/2022:17:03:46 +0000] POST /api/books 200 14.438 "PostmanRuntime/7.29.0"
{"title":"bookaa","price":"200","description":"akdljdskgnwqneqwodaskl","category":"2","writer":"1"} [23/Jul/2022:17:05:06 +0000] POST /api/books - - "PostmanRuntime/7.29.0"
{"title":"bookaa","price":"200","description":"akdljdskgnwqneqwodaskl","category":"2","writer":"1"} [23/Jul/2022:17:06:05 +0000] POST /api/books 500 13.379 "PostmanRuntime/7.29.0"
{"title":"bookaa","price":"200","description":"akdljdskgnwqneqwodaskl","category":"2","writer":"1"} [23/Jul/2022:17:06:08 +0000] POST /api/books 500 5.830 "PostmanRuntime/7.29.0"
{"title":"bookaa","price":"200","description":"akdljdskgnwqneqwodaskl","category":"2","writer":"1"} [23/Jul/2022:17:06:21 +0000] POST /api/books - - "PostmanRuntime/7.29.0"
{"title":"bookaa","price":"200","description":"akdljdskgnwqneqwodaskl","category":"2","writer":"1"} [23/Jul/2022:17:08:13 +0000] POST /api/books - - "PostmanRuntime/7.29.0"
{"title":"bookaa","price":"200","description":"akdljdskgnwqneqwodaskl","category":"2","writer":"1"} [23/Jul/2022:17:14:50 +0000] POST /api/books - - "PostmanRuntime/7.29.0"
{"title":"bookaa","price":"200","description":"akdljdskgnwqneqwodaskl","category":"2","writer":"1"} [23/Jul/2022:17:15:20 +0000] POST /api/books - - "PostmanRuntime/7.29.0"
{"title":"bookaa","price":"200","description":"akdljdskgnwqneqwodaskl","category":"2","writer":"1"} [23/Jul/2022:17:17:12 +0000] POST /api/books - - "PostmanRuntime/7.29.0"
{"title":"bookaa","price":"200","description":"akdljdskgnwqneqwodaskl","category":"2","writer":"1"} [23/Jul/2022:17:17:28 +0000] POST /api/books - - "PostmanRuntime/7.29.0"
{"title":"bookaa","price":"200","description":"akdljdskgnwqneqwodaskl","category":"2","writer":"1"} [23/Jul/2022:17:17:34 +0000] POST /api/books - - "PostmanRuntime/7.29.0"
{"title":"bookaa","price":"200","description":"akdljdskgnwqneqwodaskl","category":"2","writer":"1"} [23/Jul/2022:17:26:52 +0000] POST /api/books 500 12.252 "PostmanRuntime/7.29.0"
{"title":"bookaa","price":"200","description":"akdljdskgnwqneqwodaskl","category":"2","writer":"1"} [23/Jul/2022:17:27:02 +0000] POST /api/books 500 12.394 "PostmanRuntime/7.29.0"
{"title":"bookaa","price":"200","description":"akdljdskgnwqneqwodaskl","category":"2","writer":"1"} [23/Jul/2022:17:27:46 +0000] POST /api/books 200 2114.718 "PostmanRuntime/7.29.0"
{"title":"bookaa","price":"200","description":"akdljdskgnwqneqwodaskl","category":"2","writer":"1"} [23/Jul/2022:17:29:27 +0000] POST /api/books 200 2167.907 "PostmanRuntime/7.29.0"
{"title":"bookaa","price":"200","description":"akdljdskgnwqneqwodaskl","category":"2","writer":"1"} [23/Jul/2022:17:33:24 +0000] POST /api/books 500 14.753 "PostmanRuntime/7.29.0"
{"title":"bookaa","price":"200","description":"akdljdskgnwqneqwodaskl","category":"2","writer":"1"} [23/Jul/2022:17:33:47 +0000] POST /api/books 200 2214.554 "PostmanRuntime/7.29.0"
{"title":"bookaa","price":"200","description":"akdljdskgnwqneqwodaskl","category":"2","writer":"1"} [23/Jul/2022:17:53:11 +0000] POST /api/books 500 11.624 "PostmanRuntime/7.29.0"
{"title":"bookaa","price":"200","description":"akdljdskgnwqneqwodaskl","category":"2","writer":"1"} [23/Jul/2022:17:54:32 +0000] POST /api/books 500 10.246 "PostmanRuntime/7.29.0"
{"title":"bookaa","price":"200","description":"akdljdskgnwqneqwodaskl","category":"2","writer":"1"} [23/Jul/2022:18:08:38 +0000] POST /api/books 500 12.641 "PostmanRuntime/7.29.0"
{"title":"bookaa","price":"200","description":"akdljdskgnwqneqwodaskl","category":"2","writer":"1"} [23/Jul/2022:18:08:59 +0000] POST /api/books 500 10.288 "PostmanRuntime/7.29.0"
{"title":"bookaa","price":"200","description":"akdljdskgnwqneqwodaskl","category":"2","writer":"1"} [23/Jul/2022:18:09:28 +0000] POST /api/books 200 18.055 "PostmanRuntime/7.29.0"
{"title":"bookaa","price":"200","description":"akdljdskgnwqneqwodaskl","category":"2","writer":"1"} [23/Jul/2022:18:17:59 +0000] POST /api/books 200 24.490 "PostmanRuntime/7.29.0"
{"title":"bookaa","price":"200","description":"akdljdskgnwqneqwodaskl","category":"62dc0c86dffbdc9622567c21","writer":"62d98e0ca628d12a6e3f5bcd"} [23/Jul/2022:18:19:28 +0000] POST /api/books 200 23.589 "PostmanRuntime/7.29.0"
{"title":"bookaaee","price":"200","description":"akdljdskgnwqneqwodaskl","category":"62dc0c86dffbdc9622567c21","writer":"62d98e0ca628d12a6e3f5bcd"} [23/Jul/2022:18:20:39 +0000] POST /api/books 200 11.456 "PostmanRuntime/7.29.0"
{"title":"bookFireBaseTEst","price":"200","description":"akdljdskgnwqneqwodasklضض","category":"62dc0c86dffbdc9622567c21","writer":"62d98e0ca628d12a6e3f5bcd"} [23/Jul/2022:18:31:56 +0000] POST /api/books 200 23.412 "PostmanRuntime/7.29.0"
{"title":"bookFireBaseTEstIMAGE","price":"200","description":"akdljdskgnwqneqwodasklضض","category":"62dc0c86dffbdc9622567c21","writer":"62d98e0ca628d12a6e3f5bcd"} [23/Jul/2022:18:32:42 +0000] POST /api/books 500 3.080 "PostmanRuntime/7.29.0"
{"title":"bookFireBaseTEstIMAGE","price":"200","description":"akdljdskgnwqneqwodasklضض","category":"62dc0c86dffbdc9622567c21","writer":"62d98e0ca628d12a6e3f5bcd"} [23/Jul/2022:18:32:59 +0000] POST /api/books 200 1932.893 "PostmanRuntime/7.29.0"
