- [04/Aug/2022:12:10:17 +0000] GET / 304 15.134 "Mozilla/5.0 (Windows NT 10.0; Win64; x64) AppleWebKit/537.36 (KHTML, like Gecko) Chrome/103.0.0.0 Safari/537.36"
{} [04/Aug/2022:12:10:17 +0000] GET /favicon.ico 404 9.035 "Mozilla/5.0 (Windows NT 10.0; Win64; x64) AppleWebKit/537.36 (KHTML, like Gecko) Chrome/103.0.0.0 Safari/537.36"
{"email":"hussein.alaa12199@gmail.com"} [04/Aug/2022:12:13:34 +0000] POST /api/forgetPassMail 500 816.001 "PostmanRuntime/7.29.2"
{"email":"hussein.alaa12199@gmail.com"} [04/Aug/2022:12:14:22 +0000] POST /api/forgetPassMail 201 226.465 "PostmanRuntime/7.29.2"
{"pass":"M011m&25"} [04/Aug/2022:12:29:10 +0000] PUT /api/forgetPassChange 500 8.787 "PostmanRuntime/7.29.2"
{"pass":"M011m&25"} [04/Aug/2022:12:30:42 +0000] PUT /api/forgetPassChange 500 3.424 "PostmanRuntime/7.29.2"
{"pass":"M011m&25"} [04/Aug/2022:12:35:34 +0000] PUT /api/forgetPassChange 500 49.825 "PostmanRuntime/7.29.2"
{"pass":"M011m&25"} [04/Aug/2022:12:35:42 +0000] PUT /api/forgetPassChange 500 6.503 "PostmanRuntime/7.29.2"
{"pass":"M011m&25"} [04/Aug/2022:12:36:24 +0000] PUT /api/forgetPassChange 500 3.944 "PostmanRuntime/7.29.2"
{"pass":"M011m&25"} [04/Aug/2022:12:40:46 +0000] PUT /api/forgetPassChange 500 57.658 "PostmanRuntime/7.29.2"
{"pass":"M011m&25"} [04/Aug/2022:12:42:39 +0000] PUT /api/forgetPassChange 500 12.980 "PostmanRuntime/7.29.2"
{"pass":"M011m&25"} [04/Aug/2022:12:47:11 +0000] PUT /api/forgetPassChange 500 52.532 "PostmanRuntime/7.29.2"
{"pass":"M011m&25"} [04/Aug/2022:12:47:47 +0000] PUT /api/forgetPassChange 500 53.827 "PostmanRuntime/7.29.2"
{"pass":"M011m&25"} [04/Aug/2022:12:50:37 +0000] PUT /api/forgetPassChange 500 49.944 "PostmanRuntime/7.29.2"
- [04/Aug/2022:12:50:58 +0000] GET / 304 4.633 "Mozilla/5.0 (Windows NT 10.0; Win64; x64) AppleWebKit/537.36 (KHTML, like Gecko) Chrome/103.0.0.0 Safari/537.36"
{} [04/Aug/2022:12:51:06 +0000] GET /api/books 200 227.730 "Mozilla/5.0 (Windows NT 10.0; Win64; x64) AppleWebKit/537.36 (KHTML, like Gecko) Chrome/103.0.0.0 Safari/537.36"
{"pass":"M011m&25"} [04/Aug/2022:12:52:10 +0000] PUT /api/forgetPassChange 500 51.330 "PostmanRuntime/7.29.2"
{"pass":"M011m&25"} [04/Aug/2022:12:53:05 +0000] PATCH /api/forgetPassChange 500 101.432 "PostmanRuntime/7.29.2"
{"pass":"M011m&25"} [04/Aug/2022:12:54:06 +0000] PATCH /api/forgetPassChange 500 49.173 "PostmanRuntime/7.29.2"
{"pass":"M011m&25"} [04/Aug/2022:12:56:27 +0000] PATCH /api/forgetPassChange 500 8.041 "PostmanRuntime/7.29.2"
{"pass":"M011m&25"} [04/Aug/2022:13:00:52 +0000] PATCH /api/forgetPassChange 403 50.309 "PostmanRuntime/7.29.2"
{"pass":"M011m&25"} [04/Aug/2022:13:03:14 +0000] PATCH /api/forgetPassChange 200 269.196 "PostmanRuntime/7.29.2"
{"email":"hussein.alaa12199@gmail.com"} [04/Aug/2022:13:16:03 +0000] POST /api/forgetPassMail 201 359.587 "PostmanRuntime/7.29.2"
{"pass":"M011m&26"} [04/Aug/2022:13:16:28 +0000] PATCH /api/forgetPassChange 200 22.804 "PostmanRuntime/7.29.2"
{"pass":"M011m&26"} [04/Aug/2022:13:18:26 +0000] PATCH /api/forgetPassChange 200 469.827 "PostmanRuntime/7.29.2"
