- [08/Aug/2022:11:12:26 +0000] GET / 304 15.285 "Mozilla/5.0 (Windows NT 10.0; Win64; x64) AppleWebKit/537.36 (KHTML, like Gecko) Chrome/104.0.0.0 Safari/537.36"
{} [08/Aug/2022:11:12:26 +0000] GET /favicon.ico 404 11.221 "Mozilla/5.0 (Windows NT 10.0; Win64; x64) AppleWebKit/537.36 (KHTML, like Gecko) Chrome/104.0.0.0 Safari/537.36"
{"usrName":"mohamedAhmed","pass":"M012m&24"} [08/Aug/2022:11:17:43 +0000] POST /login 401 435.158 "PostmanRuntime/7.29.2"
{"usrName":"zeiadMostafa","pass":"erd&Er12"} [08/Aug/2022:11:18:16 +0000] POST /login 401 444.101 "PostmanRuntime/7.29.2"
{"usrName":"mohamedAhmed","pass":"M012m&24"} [08/Aug/2022:11:21:20 +0000] POST /login 401 126.356 "PostmanRuntime/7.29.2"
{"usrName":"mohamedAhmed","pass":"M012m&24"} [08/Aug/2022:11:22:13 +0000] POST /login 401 230.642 "PostmanRuntime/7.29.2"
{"usrName":"mohamedAhmed","pass":"M012m&24"} [08/Aug/2022:11:22:39 +0000] POST /login 401 195.998 "PostmanRuntime/7.29.2"
{"userName":"mohamedAhmed","pass":"M012m&24"} [08/Aug/2022:11:23:11 +0000] POST /login 200 570.468 "PostmanRuntime/7.29.2"
- [08/Aug/2022:11:37:12 +0000] GET / 304 10.712 "Mozilla/5.0 (Windows NT 10.0; Win64; x64) AppleWebKit/537.36 (KHTML, like Gecko) Chrome/104.0.0.0 Safari/537.36"
{"userName":"zeiadMostafa","pass":"erd&Er12"} [08/Aug/2022:11:56:51 +0000] POST /login 200 616.864 "PostmanRuntime/7.29.2"
{"bookIds":["62dbf60da78afb988b9a5f7c"],"entryFialPrice":4} [08/Aug/2022:11:59:59 +0000] PUT /cart-addition 500 201.540 "PostmanRuntime/7.29.2"
{"bookIds":["62dbf60da78afb988b9a5f7c"],"entryFialPrice":4} [08/Aug/2022:12:17:31 +0000] PUT /cart-addition 500 258.826 "PostmanRuntime/7.29.2"
{"bookIds":["62dbf60da78afb988b9a5f7c"],"entryFialPrice":4} [08/Aug/2022:12:18:51 +0000] PUT /cart-addition 500 307.376 "PostmanRuntime/7.29.2"
{"bookIds":["62dbf60da78afb988b9a5f7c"],"entryFialPrice":4} [08/Aug/2022:12:19:39 +0000] PUT /cart-addition 500 208.206 "PostmanRuntime/7.29.2"
{"bookIds":["62dbf60da78afb988b9a5f7c"],"entryFialPrice":4} [08/Aug/2022:12:21:15 +0000] PUT /cart-addition 500 299.123 "PostmanRuntime/7.29.2"
{"bookIds":["62dbf60da78afb988b9a5f7c"],"entryFialPrice":4} [08/Aug/2022:12:23:52 +0000] PUT /cart-addition 500 276.332 "PostmanRuntime/7.29.2"
{"bookIds":["62dbf60da78afb988b9a5f7c"],"entryFialPrice":4} [08/Aug/2022:12:29:08 +0000] PUT /cart-addition 200 472.189 "PostmanRuntime/7.29.2"
{"bookIds":["62dbf60da78afb988b9a5f7c"],"entryFialPrice":4} [08/Aug/2022:12:33:56 +0000] PUT /cart-removal 500 282.863 "PostmanRuntime/7.29.2"
{"bookIds":["62dbf60da78afb988b9a5f7c"],"entryFialPrice":4} [08/Aug/2022:12:38:13 +0000] PUT /cart-removal 500 276.035 "PostmanRuntime/7.29.2"
{"bookIds":["62dbf60da78afb988b9a5f7c"],"entryFialPrice":4} [08/Aug/2022:12:38:22 +0000] PUT /cart-addition 200 352.263 "PostmanRuntime/7.29.2"
{"bookIds":["62dbf60da78afb988b9a5f7c"],"entryFialPrice":4} [08/Aug/2022:12:38:31 +0000] PUT /cart-removal 200 320.898 "PostmanRuntime/7.29.2"
