"visitor" [19/Aug/2022:08:57:54 +0000] POST /forget-pass-mail 201 2184.496 "PostmanRuntime/7.29.2"
"visitor" [19/Aug/2022:09:04:13 +0000] POST /forget-pass-mail 201 2357.844 "PostmanRuntime/7.29.2"
"visitor" [19/Aug/2022:09:10:09 +0000] POST /forget-pass-mail 201 2244.252 "PostmanRuntime/7.29.2"
"visitor" [19/Aug/2022:09:11:48 +0000] POST /forget-pass-mail 201 1047.480 "PostmanRuntime/7.29.2"
"visitor" [19/Aug/2022:09:40:19 +0000] POST /forget-pass-change 404 16.078 "PostmanRuntime/7.29.2"
"visitor" [19/Aug/2022:09:40:40 +0000] PATCH /forget-pass-change 403 8.007 "PostmanRuntime/7.29.2"
"62ea732e9db594c71a7d19b3" [19/Aug/2022:09:41:26 +0000] PATCH /forget-pass-change 200 476.451 "PostmanRuntime/7.29.2"
"visitor" [19/Aug/2022:11:58:15 +0000] GET / 200 10.218 "Mozilla/5.0 (Windows NT 10.0; Win64; x64) AppleWebKit/537.36 (KHTML, like Gecko) Chrome/104.0.0.0 Safari/537.36"
"visitor" [19/Aug/2022:11:58:15 +0000] GET /favicon.ico 404 3.452 "Mozilla/5.0 (Windows NT 10.0; Win64; x64) AppleWebKit/537.36 (KHTML, like Gecko) Chrome/104.0.0.0 Safari/537.36"
"visitor" [19/Aug/2022:11:58:21 +0000] GET /books 200 242.692 "Mozilla/5.0 (Windows NT 10.0; Win64; x64) AppleWebKit/537.36 (KHTML, like Gecko) Chrome/104.0.0.0 Safari/537.36"
"visitor" [19/Aug/2022:12:02:00 +0000] POST /login 200 1951.057 "PostmanRuntime/7.29.2"
"visitor" [19/Aug/2022:12:08:07 +0000] GET /books 304 1503.459 "Mozilla/5.0 (Windows NT 10.0; Win64; x64) AppleWebKit/537.36 (KHTML, like Gecko) Chrome/104.0.0.0 Safari/537.36"
"62ea732e9db594c71a7d19b3" [19/Aug/2022:12:08:31 +0000] PUT /cart-addition 200 4465.130 "PostmanRuntime/7.29.2"
"62ea732e9db594c71a7d19b3" [19/Aug/2022:12:14:10 +0000] PUT /cart-addition 500 2339.884 "PostmanRuntime/7.29.2"
"62ea732e9db594c71a7d19b3" [19/Aug/2022:12:14:43 +0000] PUT /cart-addition 200 1556.594 "PostmanRuntime/7.29.2"
"visitor" [19/Aug/2022:12:36:00 +0000] GET /books 304 254.778 "Mozilla/5.0 (Windows NT 10.0; Win64; x64) AppleWebKit/537.36 (KHTML, like Gecko) Chrome/104.0.0.0 Safari/537.36"
"visitor" [19/Aug/2022:12:36:00 +0000] GET /favicon.ico 404 9.466 "Mozilla/5.0 (Windows NT 10.0; Win64; x64) AppleWebKit/537.36 (KHTML, like Gecko) Chrome/104.0.0.0 Safari/537.36"
"62ea732e9db594c71a7d19b3" [19/Aug/2022:12:36:08 +0000] PUT /cart-addition 500 756.877 "PostmanRuntime/7.29.2"
"62ea732e9db594c71a7d19b3" [19/Aug/2022:13:13:32 +0000] PUT /cart-addition 500 344.469 "PostmanRuntime/7.29.2"
"62ea732e9db594c71a7d19b3" [19/Aug/2022:13:16:22 +0000] PUT /cart-addition 200 317.073 "PostmanRuntime/7.29.2"
"62ea732e9db594c71a7d19b3" [19/Aug/2022:13:20:16 +0000] PUT /cart-addition 200 589.914 "PostmanRuntime/7.29.2"
"62ea732e9db594c71a7d19b3" [19/Aug/2022:13:24:18 +0000] PUT /cart-addition 500 399.108 "PostmanRuntime/7.29.2"
"62ea732e9db594c71a7d19b3" [19/Aug/2022:13:25:34 +0000] PUT /cart-addition 500 500.611 "PostmanRuntime/7.29.2"
"62ea732e9db594c71a7d19b3" [19/Aug/2022:13:27:32 +0000] PUT /cart-addition 500 580.588 "PostmanRuntime/7.29.2"
"62ea732e9db594c71a7d19b3" [19/Aug/2022:13:29:01 +0000] PUT /cart-addition 500 910.447 "PostmanRuntime/7.29.2"
"62ea732e9db594c71a7d19b3" [19/Aug/2022:13:30:58 +0000] PUT /cart-addition 500 200.951 "PostmanRuntime/7.29.2"
"62ea732e9db594c71a7d19b3" [19/Aug/2022:13:32:11 +0000] PUT /cart-addition 200 292.030 "PostmanRuntime/7.29.2"
"62ea732e9db594c71a7d19b3" [19/Aug/2022:13:32:16 +0000] PUT /cart-addition 500 267.137 "PostmanRuntime/7.29.2"
"62ea732e9db594c71a7d19b3" [19/Aug/2022:13:34:08 +0000] PUT /cart-addition 500 341.352 "PostmanRuntime/7.29.2"
"62ea732e9db594c71a7d19b3" [19/Aug/2022:13:37:15 +0000] PUT /cart-addition 200 263.684 "PostmanRuntime/7.29.2"
"62ea732e9db594c71a7d19b3" [19/Aug/2022:13:37:20 +0000] PUT /cart-addition 500 136.140 "PostmanRuntime/7.29.2"
"62ea732e9db594c71a7d19b3" [19/Aug/2022:13:38:08 +0000] PUT /cart-addition 500 1.142 "PostmanRuntime/7.29.2"
"62ea732e9db594c71a7d19b3" [19/Aug/2022:13:39:02 +0000] PUT /cart-addition 500 147.664 "PostmanRuntime/7.29.2"
"62ea732e9db594c71a7d19b3" [19/Aug/2022:13:39:13 +0000] PUT /cart-addition 200 272.776 "PostmanRuntime/7.29.2"
"62ea732e9db594c71a7d19b3" [19/Aug/2022:13:39:58 +0000] PUT /cart-addition 500 271.626 "PostmanRuntime/7.29.2"
