{} [05/Aug/2022:22:00:30 +0000] GET /api/promotions 304 166.307 "Mozilla/5.0 (Windows NT 10.0; Win64; x64) AppleWebKit/537.36 (KHTML, like Gecko) Chrome/103.0.5060.134 Safari/537.36 Edg/103.0.1264.77"
{} [05/Aug/2022:22:01:52 +0000] GET /api/promotions 304 182.743 "Mozilla/5.0 (Windows NT 10.0; Win64; x64) AppleWebKit/537.36 (KHTML, like Gecko) Chrome/103.0.5060.134 Safari/537.36 Edg/103.0.1264.77"
{} [05/Aug/2022:22:03:12 +0000] GET /api/promotions 304 128.677 "Mozilla/5.0 (Windows NT 10.0; Win64; x64) AppleWebKit/537.36 (KHTML, like Gecko) Chrome/103.0.5060.134 Safari/537.36 Edg/103.0.1264.77"
{} [05/Aug/2022:22:03:38 +0000] GET /api/promotions 304 106.202 "Mozilla/5.0 (Windows NT 10.0; Win64; x64) AppleWebKit/537.36 (KHTML, like Gecko) Chrome/103.0.5060.134 Safari/537.36 Edg/103.0.1264.77"
{} [05/Aug/2022:22:04:09 +0000] GET /api/promotions 304 121.820 "Mozilla/5.0 (Windows NT 10.0; Win64; x64) AppleWebKit/537.36 (KHTML, like Gecko) Chrome/103.0.5060.134 Safari/537.36 Edg/103.0.1264.77"
{} [05/Aug/2022:22:04:22 +0000] GET /api/promotions 304 130.544 "Mozilla/5.0 (Windows NT 10.0; Win64; x64) AppleWebKit/537.36 (KHTML, like Gecko) Chrome/103.0.5060.134 Safari/537.36 Edg/103.0.1264.77"
{} [05/Aug/2022:22:06:03 +0000] GET /api/promotions 304 123.562 "Mozilla/5.0 (iPhone; CPU iPhone OS 13_2_3 like Mac OS X) AppleWebKit/605.1.15 (KHTML, like Gecko) Version/13.0.3 Mobile/15E148 Safari/604.1 Edg/103.0.5060.134"
{} [05/Aug/2022:22:06:27 +0000] GET /api/promotions 304 112.882 "Mozilla/5.0 (Windows NT 10.0; Win64; x64) AppleWebKit/537.36 (KHTML, like Gecko) Chrome/103.0.5060.134 Safari/537.36 Edg/103.0.1264.77"
{} [05/Aug/2022:22:10:18 +0000] GET /api/promotions 304 106.426 "Mozilla/5.0 (Windows NT 10.0; Win64; x64) AppleWebKit/537.36 (KHTML, like Gecko) Chrome/103.0.5060.134 Safari/537.36 Edg/103.0.1264.77"
{} [05/Aug/2022:22:10:38 +0000] GET /api/promotions 304 116.322 "Mozilla/5.0 (Windows NT 10.0; Win64; x64) AppleWebKit/537.36 (KHTML, like Gecko) Chrome/103.0.5060.134 Safari/537.36 Edg/103.0.1264.77"
{} [05/Aug/2022:22:11:14 +0000] GET /api/promotions 304 122.717 "Mozilla/5.0 (Windows NT 10.0; Win64; x64) AppleWebKit/537.36 (KHTML, like Gecko) Chrome/103.0.5060.134 Safari/537.36 Edg/103.0.1264.77"
{} [05/Aug/2022:22:11:29 +0000] GET /api/promotions 304 107.569 "Mozilla/5.0 (Windows NT 10.0; Win64; x64) AppleWebKit/537.36 (KHTML, like Gecko) Chrome/103.0.5060.134 Safari/537.36 Edg/103.0.1264.77"
{} [05/Aug/2022:22:11:41 +0000] GET /api/promotions 304 134.595 "Mozilla/5.0 (Windows NT 10.0; Win64; x64) AppleWebKit/537.36 (KHTML, like Gecko) Chrome/103.0.5060.134 Safari/537.36 Edg/103.0.1264.77"
{} [05/Aug/2022:22:13:00 +0000] GET /api/promotions 304 115.960 "Mozilla/5.0 (Windows NT 10.0; Win64; x64) AppleWebKit/537.36 (KHTML, like Gecko) Chrome/103.0.5060.134 Safari/537.36 Edg/103.0.1264.77"
{} [05/Aug/2022:22:13:04 +0000] GET /api/promotions 304 108.445 "Mozilla/5.0 (Windows NT 10.0; Win64; x64) AppleWebKit/537.36 (KHTML, like Gecko) Chrome/103.0.5060.134 Safari/537.36 Edg/103.0.1264.77"
{} [05/Aug/2022:22:14:21 +0000] GET /api/promotions 304 173.106 "Mozilla/5.0 (Windows NT 10.0; Win64; x64) AppleWebKit/537.36 (KHTML, like Gecko) Chrome/103.0.5060.134 Safari/537.36 Edg/103.0.1264.77"
{} [05/Aug/2022:22:14:35 +0000] GET /api/promotions 304 119.311 "Mozilla/5.0 (Windows NT 10.0; Win64; x64) AppleWebKit/537.36 (KHTML, like Gecko) Chrome/103.0.5060.134 Safari/537.36 Edg/103.0.1264.77"
{} [05/Aug/2022:22:17:44 +0000] GET /api/promotions 304 107.560 "Mozilla/5.0 (Windows NT 10.0; Win64; x64) AppleWebKit/537.36 (KHTML, like Gecko) Chrome/103.0.5060.134 Safari/537.36 Edg/103.0.1264.77"
{} [05/Aug/2022:22:17:51 +0000] GET /api/promotions 304 106.413 "Mozilla/5.0 (Windows NT 10.0; Win64; x64) AppleWebKit/537.36 (KHTML, like Gecko) Chrome/103.0.5060.134 Safari/537.36 Edg/103.0.1264.77"
{} [05/Aug/2022:22:24:52 +0000] GET /api/promotions 304 151.802 "Mozilla/5.0 (Windows NT 10.0; Win64; x64) AppleWebKit/537.36 (KHTML, like Gecko) Chrome/103.0.5060.134 Safari/537.36 Edg/103.0.1264.77"
{} [05/Aug/2022:22:39:54 +0000] GET /api/promotions 304 250.481 "Mozilla/5.0 (Windows NT 10.0; Win64; x64) AppleWebKit/537.36 (KHTML, like Gecko) Chrome/103.0.5060.134 Safari/537.36 Edg/103.0.1264.77"
{} [05/Aug/2022:22:41:35 +0000] GET /api/promotions 304 203.755 "Mozilla/5.0 (Windows NT 10.0; Win64; x64) AppleWebKit/537.36 (KHTML, like Gecko) Chrome/103.0.5060.134 Safari/537.36 Edg/103.0.1264.77"
{} [05/Aug/2022:22:41:43 +0000] GET /api/promotions 304 213.236 "Mozilla/5.0 (Windows NT 10.0; Win64; x64) AppleWebKit/537.36 (KHTML, like Gecko) Chrome/103.0.5060.134 Safari/537.36 Edg/103.0.1264.77"
{} [05/Aug/2022:22:41:51 +0000] GET /api/promotions 304 183.009 "Mozilla/5.0 (Windows NT 10.0; Win64; x64) AppleWebKit/537.36 (KHTML, like Gecko) Chrome/103.0.5060.134 Safari/537.36 Edg/103.0.1264.77"
{} [05/Aug/2022:22:41:54 +0000] GET /api/promotions 304 184.917 "Mozilla/5.0 (Windows NT 10.0; Win64; x64) AppleWebKit/537.36 (KHTML, like Gecko) Chrome/103.0.5060.134 Safari/537.36 Edg/103.0.1264.77"
{} [05/Aug/2022:22:42:17 +0000] GET /api/promotions 304 172.954 "Mozilla/5.0 (Windows NT 10.0; Win64; x64) AppleWebKit/537.36 (KHTML, like Gecko) Chrome/103.0.5060.134 Safari/537.36 Edg/103.0.1264.77"
{} [05/Aug/2022:22:43:17 +0000] GET /api/promotions 304 194.917 "Mozilla/5.0 (Windows NT 10.0; Win64; x64) AppleWebKit/537.36 (KHTML, like Gecko) Chrome/103.0.5060.134 Safari/537.36 Edg/103.0.1264.77"
{} [05/Aug/2022:22:43:24 +0000] GET /api/books/?& 304 262.872 "Mozilla/5.0 (Windows NT 10.0; Win64; x64) AppleWebKit/537.36 (KHTML, like Gecko) Chrome/103.0.5060.134 Safari/537.36 Edg/103.0.1264.77"
{} [05/Aug/2022:22:43:26 +0000] GET /api/promotions 304 178.444 "Mozilla/5.0 (Windows NT 10.0; Win64; x64) AppleWebKit/537.36 (KHTML, like Gecko) Chrome/103.0.5060.134 Safari/537.36 Edg/103.0.1264.77"
{} [05/Aug/2022:22:43:26 +0000] GET /api/admin/book/62dbf60da78afb988b9a5f7c 200 184.533 "Mozilla/5.0 (Windows NT 10.0; Win64; x64) AppleWebKit/537.36 (KHTML, like Gecko) Chrome/103.0.5060.134 Safari/537.36 Edg/103.0.1264.77"
{} [05/Aug/2022:22:43:26 +0000] GET /api/categories 304 203.092 "Mozilla/5.0 (Windows NT 10.0; Win64; x64) AppleWebKit/537.36 (KHTML, like Gecko) Chrome/103.0.5060.134 Safari/537.36 Edg/103.0.1264.77"
{} [05/Aug/2022:22:43:26 +0000] GET /api/writers? 304 215.091 "Mozilla/5.0 (Windows NT 10.0; Win64; x64) AppleWebKit/537.36 (KHTML, like Gecko) Chrome/103.0.5060.134 Safari/537.36 Edg/103.0.1264.77"
{} [05/Aug/2022:22:43:32 +0000] GET /api/admin/book/62dbfb6399dc88fcc329d39d 200 205.478 "Mozilla/5.0 (Windows NT 10.0; Win64; x64) AppleWebKit/537.36 (KHTML, like Gecko) Chrome/103.0.5060.134 Safari/537.36 Edg/103.0.1264.77"
{} [05/Aug/2022:22:43:55 +0000] OPTIONS /api/admin/books/62dbfb6399dc88fcc329d39d 200 1.540 "Mozilla/5.0 (Windows NT 10.0; Win64; x64) AppleWebKit/537.36 (KHTML, like Gecko) Chrome/103.0.5060.134 Safari/537.36 Edg/103.0.1264.77"
{"bookimage":"undefined","title":"The Friendly Needle – All about getting a vaccination","price":"10","description":"Getting a vaccination can be very scary. The Friendly Needle, in this charming illustrated story, tells Jack all about how vaccinations can help protect him. After focussing on all the positives, the pinch didn’t hurt Jack as much as he thought it would. If your child needs to get a vaccination this is a great","date":"","publisher":"kidzenya","lang":"english","pages":0,"category":"[\"62dada0bde562dfbce75b8d9\"]","writer":"[\"62d9a4a312d8dd5bccad7f7d\"]","promotion":"62e5298388bd028a85259f70","oldImg":"undefined","oldSrc":"undefined"} [05/Aug/2022:22:43:55 +0000] PUT /api/admin/books/62dbfb6399dc88fcc329d39d 200 384.410 "Mozilla/5.0 (Windows NT 10.0; Win64; x64) AppleWebKit/537.36 (KHTML, like Gecko) Chrome/103.0.5060.134 Safari/537.36 Edg/103.0.1264.77"
{} [05/Aug/2022:22:43:59 +0000] GET /api/promotions 200 265.620 "Mozilla/5.0 (Windows NT 10.0; Win64; x64) AppleWebKit/537.36 (KHTML, like Gecko) Chrome/103.0.5060.134 Safari/537.36 Edg/103.0.1264.77"
{} [05/Aug/2022:22:50:19 +0000] GET /api/categories 304 172.209 "Mozilla/5.0 (Windows NT 10.0; Win64; x64) AppleWebKit/537.36 (KHTML, like Gecko) Chrome/103.0.5060.134 Safari/537.36 Edg/103.0.1264.77"
{} [05/Aug/2022:22:50:19 +0000] GET /api/admin/book/62dbfb6399dc88fcc329d39d 200 195.927 "Mozilla/5.0 (Windows NT 10.0; Win64; x64) AppleWebKit/537.36 (KHTML, like Gecko) Chrome/103.0.5060.134 Safari/537.36 Edg/103.0.1264.77"
{} [05/Aug/2022:22:50:19 +0000] GET /api/promotions 304 191.775 "Mozilla/5.0 (Windows NT 10.0; Win64; x64) AppleWebKit/537.36 (KHTML, like Gecko) Chrome/103.0.5060.134 Safari/537.36 Edg/103.0.1264.77"
{} [05/Aug/2022:22:50:19 +0000] GET /api/writers? 304 222.467 "Mozilla/5.0 (Windows NT 10.0; Win64; x64) AppleWebKit/537.36 (KHTML, like Gecko) Chrome/103.0.5060.134 Safari/537.36 Edg/103.0.1264.77"
{} [05/Aug/2022:22:50:20 +0000] GET /api/promotions 304 202.191 "Mozilla/5.0 (Windows NT 10.0; Win64; x64) AppleWebKit/537.36 (KHTML, like Gecko) Chrome/103.0.5060.134 Safari/537.36 Edg/103.0.1264.77"
{} [05/Aug/2022:22:51:12 +0000] GET /api/categories 304 237.773 "Mozilla/5.0 (Windows NT 10.0; Win64; x64) AppleWebKit/537.36 (KHTML, like Gecko) Chrome/103.0.5060.134 Safari/537.36 Edg/103.0.1264.77"
{} [05/Aug/2022:22:51:12 +0000] GET /api/admin/book/62dbfb6399dc88fcc329d39d 304 241.199 "Mozilla/5.0 (Windows NT 10.0; Win64; x64) AppleWebKit/537.36 (KHTML, like Gecko) Chrome/103.0.5060.134 Safari/537.36 Edg/103.0.1264.77"
{} [05/Aug/2022:22:51:12 +0000] GET /api/promotions 304 236.739 "Mozilla/5.0 (Windows NT 10.0; Win64; x64) AppleWebKit/537.36 (KHTML, like Gecko) Chrome/103.0.5060.134 Safari/537.36 Edg/103.0.1264.77"
{} [05/Aug/2022:22:51:12 +0000] GET /api/writers? 304 238.485 "Mozilla/5.0 (Windows NT 10.0; Win64; x64) AppleWebKit/537.36 (KHTML, like Gecko) Chrome/103.0.5060.134 Safari/537.36 Edg/103.0.1264.77"
{} [05/Aug/2022:22:51:13 +0000] GET /api/promotions 304 200.941 "Mozilla/5.0 (Windows NT 10.0; Win64; x64) AppleWebKit/537.36 (KHTML, like Gecko) Chrome/103.0.5060.134 Safari/537.36 Edg/103.0.1264.77"
{} [05/Aug/2022:22:51:22 +0000] GET /api/promotions 304 184.847 "Mozilla/5.0 (Windows NT 10.0; Win64; x64) AppleWebKit/537.36 (KHTML, like Gecko) Chrome/103.0.5060.134 Safari/537.36 Edg/103.0.1264.77"
{} [05/Aug/2022:22:51:22 +0000] GET /api/admin/book/62dbfb6399dc88fcc329d39d 304 189.984 "Mozilla/5.0 (Windows NT 10.0; Win64; x64) AppleWebKit/537.36 (KHTML, like Gecko) Chrome/103.0.5060.134 Safari/537.36 Edg/103.0.1264.77"
{} [05/Aug/2022:22:51:22 +0000] GET /api/categories 304 239.009 "Mozilla/5.0 (Windows NT 10.0; Win64; x64) AppleWebKit/537.36 (KHTML, like Gecko) Chrome/103.0.5060.134 Safari/537.36 Edg/103.0.1264.77"
{} [05/Aug/2022:22:51:22 +0000] GET /api/writers? 304 239.291 "Mozilla/5.0 (Windows NT 10.0; Win64; x64) AppleWebKit/537.36 (KHTML, like Gecko) Chrome/103.0.5060.134 Safari/537.36 Edg/103.0.1264.77"
{} [05/Aug/2022:22:51:23 +0000] GET /api/promotions 304 179.061 "Mozilla/5.0 (Windows NT 10.0; Win64; x64) AppleWebKit/537.36 (KHTML, like Gecko) Chrome/103.0.5060.134 Safari/537.36 Edg/103.0.1264.77"
{} [05/Aug/2022:22:51:41 +0000] GET /api/promotions 304 144.622 "Mozilla/5.0 (Windows NT 10.0; Win64; x64) AppleWebKit/537.36 (KHTML, like Gecko) Chrome/103.0.5060.134 Safari/537.36 Edg/103.0.1264.77"
{} [05/Aug/2022:22:51:41 +0000] GET /api/categories 304 158.995 "Mozilla/5.0 (Windows NT 10.0; Win64; x64) AppleWebKit/537.36 (KHTML, like Gecko) Chrome/103.0.5060.134 Safari/537.36 Edg/103.0.1264.77"
{} [05/Aug/2022:22:51:41 +0000] GET /api/admin/book/62dbfb6399dc88fcc329d39d 304 168.018 "Mozilla/5.0 (Windows NT 10.0; Win64; x64) AppleWebKit/537.36 (KHTML, like Gecko) Chrome/103.0.5060.134 Safari/537.36 Edg/103.0.1264.77"
{} [05/Aug/2022:22:51:41 +0000] GET /api/writers? 304 184.513 "Mozilla/5.0 (Windows NT 10.0; Win64; x64) AppleWebKit/537.36 (KHTML, like Gecko) Chrome/103.0.5060.134 Safari/537.36 Edg/103.0.1264.77"
{} [05/Aug/2022:22:51:42 +0000] GET /api/promotions 304 192.571 "Mozilla/5.0 (Windows NT 10.0; Win64; x64) AppleWebKit/537.36 (KHTML, like Gecko) Chrome/103.0.5060.134 Safari/537.36 Edg/103.0.1264.77"
{} [05/Aug/2022:22:52:06 +0000] GET /api/categories 304 165.343 "Mozilla/5.0 (Windows NT 10.0; Win64; x64) AppleWebKit/537.36 (KHTML, like Gecko) Chrome/103.0.5060.134 Safari/537.36 Edg/103.0.1264.77"
{} [05/Aug/2022:22:52:06 +0000] GET /api/admin/book/62dbfb6399dc88fcc329d39d 304 195.745 "Mozilla/5.0 (Windows NT 10.0; Win64; x64) AppleWebKit/537.36 (KHTML, like Gecko) Chrome/103.0.5060.134 Safari/537.36 Edg/103.0.1264.77"
{} [05/Aug/2022:22:52:06 +0000] GET /api/promotions 304 206.282 "Mozilla/5.0 (Windows NT 10.0; Win64; x64) AppleWebKit/537.36 (KHTML, like Gecko) Chrome/103.0.5060.134 Safari/537.36 Edg/103.0.1264.77"
{} [05/Aug/2022:22:52:06 +0000] GET /api/writers? 304 259.875 "Mozilla/5.0 (Windows NT 10.0; Win64; x64) AppleWebKit/537.36 (KHTML, like Gecko) Chrome/103.0.5060.134 Safari/537.36 Edg/103.0.1264.77"
{} [05/Aug/2022:22:52:08 +0000] GET /api/promotions 304 292.390 "Mozilla/5.0 (Windows NT 10.0; Win64; x64) AppleWebKit/537.36 (KHTML, like Gecko) Chrome/103.0.5060.134 Safari/537.36 Edg/103.0.1264.77"
{} [05/Aug/2022:22:53:00 +0000] GET /api/categories 304 147.678 "Mozilla/5.0 (Windows NT 10.0; Win64; x64) AppleWebKit/537.36 (KHTML, like Gecko) Chrome/103.0.5060.134 Safari/537.36 Edg/103.0.1264.77"
{} [05/Aug/2022:22:53:01 +0000] GET /api/admin/book/62dbfb6399dc88fcc329d39d 304 176.342 "Mozilla/5.0 (Windows NT 10.0; Win64; x64) AppleWebKit/537.36 (KHTML, like Gecko) Chrome/103.0.5060.134 Safari/537.36 Edg/103.0.1264.77"
{} [05/Aug/2022:22:53:01 +0000] GET /api/promotions 304 182.149 "Mozilla/5.0 (Windows NT 10.0; Win64; x64) AppleWebKit/537.36 (KHTML, like Gecko) Chrome/103.0.5060.134 Safari/537.36 Edg/103.0.1264.77"
{} [05/Aug/2022:22:53:01 +0000] GET /api/writers? 304 188.578 "Mozilla/5.0 (Windows NT 10.0; Win64; x64) AppleWebKit/537.36 (KHTML, like Gecko) Chrome/103.0.5060.134 Safari/537.36 Edg/103.0.1264.77"
{} [05/Aug/2022:22:53:01 +0000] GET /api/promotions 304 166.141 "Mozilla/5.0 (Windows NT 10.0; Win64; x64) AppleWebKit/537.36 (KHTML, like Gecko) Chrome/103.0.5060.134 Safari/537.36 Edg/103.0.1264.77"
{} [05/Aug/2022:22:53:57 +0000] GET /api/categories 304 196.714 "Mozilla/5.0 (Windows NT 10.0; Win64; x64) AppleWebKit/537.36 (KHTML, like Gecko) Chrome/103.0.5060.134 Safari/537.36 Edg/103.0.1264.77"
{} [05/Aug/2022:22:53:57 +0000] GET /api/admin/book/62dbfb6399dc88fcc329d39d 304 199.982 "Mozilla/5.0 (Windows NT 10.0; Win64; x64) AppleWebKit/537.36 (KHTML, like Gecko) Chrome/103.0.5060.134 Safari/537.36 Edg/103.0.1264.77"
{} [05/Aug/2022:22:53:57 +0000] GET /api/promotions 304 196.149 "Mozilla/5.0 (Windows NT 10.0; Win64; x64) AppleWebKit/537.36 (KHTML, like Gecko) Chrome/103.0.5060.134 Safari/537.36 Edg/103.0.1264.77"
{} [05/Aug/2022:22:53:57 +0000] GET /api/writers? 304 197.444 "Mozilla/5.0 (Windows NT 10.0; Win64; x64) AppleWebKit/537.36 (KHTML, like Gecko) Chrome/103.0.5060.134 Safari/537.36 Edg/103.0.1264.77"
{} [05/Aug/2022:22:53:57 +0000] GET /api/promotions 304 200.766 "Mozilla/5.0 (Windows NT 10.0; Win64; x64) AppleWebKit/537.36 (KHTML, like Gecko) Chrome/103.0.5060.134 Safari/537.36 Edg/103.0.1264.77"
{} [05/Aug/2022:22:54:26 +0000] GET /api/admin/book/62dbfb6399dc88fcc329d39d 304 182.642 "Mozilla/5.0 (Windows NT 10.0; Win64; x64) AppleWebKit/537.36 (KHTML, like Gecko) Chrome/103.0.5060.134 Safari/537.36 Edg/103.0.1264.77"
{} [05/Aug/2022:22:54:26 +0000] GET /api/categories 304 184.317 "Mozilla/5.0 (Windows NT 10.0; Win64; x64) AppleWebKit/537.36 (KHTML, like Gecko) Chrome/103.0.5060.134 Safari/537.36 Edg/103.0.1264.77"
{} [05/Aug/2022:22:54:26 +0000] GET /api/promotions 304 187.598 "Mozilla/5.0 (Windows NT 10.0; Win64; x64) AppleWebKit/537.36 (KHTML, like Gecko) Chrome/103.0.5060.134 Safari/537.36 Edg/103.0.1264.77"
{} [05/Aug/2022:22:54:26 +0000] GET /api/writers? 304 220.933 "Mozilla/5.0 (Windows NT 10.0; Win64; x64) AppleWebKit/537.36 (KHTML, like Gecko) Chrome/103.0.5060.134 Safari/537.36 Edg/103.0.1264.77"
{} [05/Aug/2022:22:54:27 +0000] GET /api/promotions 304 187.274 "Mozilla/5.0 (Windows NT 10.0; Win64; x64) AppleWebKit/537.36 (KHTML, like Gecko) Chrome/103.0.5060.134 Safari/537.36 Edg/103.0.1264.77"
{} [05/Aug/2022:22:55:14 +0000] GET /api/admin/book/62dbfb6399dc88fcc329d39d 304 213.654 "Mozilla/5.0 (Windows NT 10.0; Win64; x64) AppleWebKit/537.36 (KHTML, like Gecko) Chrome/103.0.5060.134 Safari/537.36 Edg/103.0.1264.77"
{} [05/Aug/2022:22:55:14 +0000] GET /api/promotions 304 211.823 "Mozilla/5.0 (Windows NT 10.0; Win64; x64) AppleWebKit/537.36 (KHTML, like Gecko) Chrome/103.0.5060.134 Safari/537.36 Edg/103.0.1264.77"
{} [05/Aug/2022:22:55:14 +0000] GET /api/categories 304 215.743 "Mozilla/5.0 (Windows NT 10.0; Win64; x64) AppleWebKit/537.36 (KHTML, like Gecko) Chrome/103.0.5060.134 Safari/537.36 Edg/103.0.1264.77"
{} [05/Aug/2022:22:55:14 +0000] GET /api/writers? 304 219.642 "Mozilla/5.0 (Windows NT 10.0; Win64; x64) AppleWebKit/537.36 (KHTML, like Gecko) Chrome/103.0.5060.134 Safari/537.36 Edg/103.0.1264.77"
{} [05/Aug/2022:22:55:15 +0000] GET /api/promotions 304 178.885 "Mozilla/5.0 (Windows NT 10.0; Win64; x64) AppleWebKit/537.36 (KHTML, like Gecko) Chrome/103.0.5060.134 Safari/537.36 Edg/103.0.1264.77"
{} [05/Aug/2022:23:07:56 +0000] GET /api/categories 304 167.755 "Mozilla/5.0 (Windows NT 10.0; Win64; x64) AppleWebKit/537.36 (KHTML, like Gecko) Chrome/103.0.5060.134 Safari/537.36 Edg/103.0.1264.77"
{} [05/Aug/2022:23:07:56 +0000] GET /api/books/?& 200 251.150 "Mozilla/5.0 (Windows NT 10.0; Win64; x64) AppleWebKit/537.36 (KHTML, like Gecko) Chrome/103.0.5060.134 Safari/537.36 Edg/103.0.1264.77"
{} [06/Aug/2022:00:02:28 +0000] GET /api/categories 304 146.111 "Mozilla/5.0 (Windows NT 10.0; Win64; x64) AppleWebKit/537.36 (KHTML, like Gecko) Chrome/103.0.5060.134 Safari/537.36 Edg/103.0.1264.77"
{} [06/Aug/2022:00:02:28 +0000] GET /api/admin/book/62dbfb6399dc88fcc329d39d 304 153.442 "Mozilla/5.0 (Windows NT 10.0; Win64; x64) AppleWebKit/537.36 (KHTML, like Gecko) Chrome/103.0.5060.134 Safari/537.36 Edg/103.0.1264.77"
{} [06/Aug/2022:00:02:28 +0000] GET /api/promotions 304 142.391 "Mozilla/5.0 (Windows NT 10.0; Win64; x64) AppleWebKit/537.36 (KHTML, like Gecko) Chrome/103.0.5060.134 Safari/537.36 Edg/103.0.1264.77"
{} [06/Aug/2022:00:02:28 +0000] GET /api/writers? 304 162.525 "Mozilla/5.0 (Windows NT 10.0; Win64; x64) AppleWebKit/537.36 (KHTML, like Gecko) Chrome/103.0.5060.134 Safari/537.36 Edg/103.0.1264.77"
{} [06/Aug/2022:00:02:29 +0000] GET /api/categories 304 161.734 "Mozilla/5.0 (Windows NT 10.0; Win64; x64) AppleWebKit/537.36 (KHTML, like Gecko) Chrome/103.0.5060.134 Safari/537.36 Edg/103.0.1264.77"
{} [06/Aug/2022:00:02:30 +0000] GET /api/books/?&priceMin=&priceMax=&priceSort= 200 227.321 "Mozilla/5.0 (Windows NT 10.0; Win64; x64) AppleWebKit/537.36 (KHTML, like Gecko) Chrome/103.0.5060.134 Safari/537.36 Edg/103.0.1264.77"
{} [06/Aug/2022:00:02:43 +0000] GET /api/promotions 304 108.334 "Mozilla/5.0 (Windows NT 10.0; Win64; x64) AppleWebKit/537.36 (KHTML, like Gecko) Chrome/103.0.5060.134 Safari/537.36 Edg/103.0.1264.77"
{} [06/Aug/2022:00:02:43 +0000] GET /api/categories 304 113.456 "Mozilla/5.0 (Windows NT 10.0; Win64; x64) AppleWebKit/537.36 (KHTML, like Gecko) Chrome/103.0.5060.134 Safari/537.36 Edg/103.0.1264.77"
{} [06/Aug/2022:00:02:43 +0000] GET /api/admin/book/62dbfb6399dc88fcc329d39d 304 115.651 "Mozilla/5.0 (Windows NT 10.0; Win64; x64) AppleWebKit/537.36 (KHTML, like Gecko) Chrome/103.0.5060.134 Safari/537.36 Edg/103.0.1264.77"
{} [06/Aug/2022:00:02:43 +0000] GET /api/writers? 304 151.874 "Mozilla/5.0 (Windows NT 10.0; Win64; x64) AppleWebKit/537.36 (KHTML, like Gecko) Chrome/103.0.5060.134 Safari/537.36 Edg/103.0.1264.77"
{} [06/Aug/2022:00:02:45 +0000] GET /api/categories 304 108.546 "Mozilla/5.0 (Windows NT 10.0; Win64; x64) AppleWebKit/537.36 (KHTML, like Gecko) Chrome/103.0.5060.134 Safari/537.36 Edg/103.0.1264.77"
{} [06/Aug/2022:00:02:45 +0000] GET /api/books/?&priceMin=&priceMax=&priceSort= 304 178.426 "Mozilla/5.0 (Windows NT 10.0; Win64; x64) AppleWebKit/537.36 (KHTML, like Gecko) Chrome/103.0.5060.134 Safari/537.36 Edg/103.0.1264.77"
{} [06/Aug/2022:00:04:03 +0000] GET /api/categories 304 106.107 "Mozilla/5.0 (Windows NT 10.0; Win64; x64) AppleWebKit/537.36 (KHTML, like Gecko) Chrome/103.0.5060.134 Safari/537.36 Edg/103.0.1264.77"
{} [06/Aug/2022:00:04:03 +0000] GET /api/admin/book/62dbfb6399dc88fcc329d39d 304 110.469 "Mozilla/5.0 (Windows NT 10.0; Win64; x64) AppleWebKit/537.36 (KHTML, like Gecko) Chrome/103.0.5060.134 Safari/537.36 Edg/103.0.1264.77"
{} [06/Aug/2022:00:04:03 +0000] GET /api/promotions 304 108.700 "Mozilla/5.0 (Windows NT 10.0; Win64; x64) AppleWebKit/537.36 (KHTML, like Gecko) Chrome/103.0.5060.134 Safari/537.36 Edg/103.0.1264.77"
{} [06/Aug/2022:00:04:03 +0000] GET /api/writers? 304 146.174 "Mozilla/5.0 (Windows NT 10.0; Win64; x64) AppleWebKit/537.36 (KHTML, like Gecko) Chrome/103.0.5060.134 Safari/537.36 Edg/103.0.1264.77"
{} [06/Aug/2022:00:04:04 +0000] GET /api/categories 304 114.436 "Mozilla/5.0 (Windows NT 10.0; Win64; x64) AppleWebKit/537.36 (KHTML, like Gecko) Chrome/103.0.5060.134 Safari/537.36 Edg/103.0.1264.77"
{} [06/Aug/2022:00:04:04 +0000] GET /api/books/?&priceMin=&priceMax=&priceSort= 304 186.758 "Mozilla/5.0 (Windows NT 10.0; Win64; x64) AppleWebKit/537.36 (KHTML, like Gecko) Chrome/103.0.5060.134 Safari/537.36 Edg/103.0.1264.77"
{} [06/Aug/2022:00:05:33 +0000] GET /api/admin/book/62dbfb6399dc88fcc329d39d 304 109.513 "Mozilla/5.0 (Windows NT 10.0; Win64; x64) AppleWebKit/537.36 (KHTML, like Gecko) Chrome/103.0.5060.134 Safari/537.36 Edg/103.0.1264.77"
{} [06/Aug/2022:00:05:33 +0000] GET /api/promotions 304 107.691 "Mozilla/5.0 (Windows NT 10.0; Win64; x64) AppleWebKit/537.36 (KHTML, like Gecko) Chrome/103.0.5060.134 Safari/537.36 Edg/103.0.1264.77"
{} [06/Aug/2022:00:05:33 +0000] GET /api/categories 304 112.289 "Mozilla/5.0 (Windows NT 10.0; Win64; x64) AppleWebKit/537.36 (KHTML, like Gecko) Chrome/103.0.5060.134 Safari/537.36 Edg/103.0.1264.77"
{} [06/Aug/2022:00:05:33 +0000] GET /api/writers? 304 181.595 "Mozilla/5.0 (Windows NT 10.0; Win64; x64) AppleWebKit/537.36 (KHTML, like Gecko) Chrome/103.0.5060.134 Safari/537.36 Edg/103.0.1264.77"
{} [06/Aug/2022:00:05:34 +0000] GET /api/categories 304 120.341 "Mozilla/5.0 (Windows NT 10.0; Win64; x64) AppleWebKit/537.36 (KHTML, like Gecko) Chrome/103.0.5060.134 Safari/537.36 Edg/103.0.1264.77"
{} [06/Aug/2022:00:05:34 +0000] GET /api/books/?&priceMin=&priceMax=&priceSort= 304 195.002 "Mozilla/5.0 (Windows NT 10.0; Win64; x64) AppleWebKit/537.36 (KHTML, like Gecko) Chrome/103.0.5060.134 Safari/537.36 Edg/103.0.1264.77"
{} [06/Aug/2022:00:21:39 +0000] GET /api/admin/book/62dbfb6399dc88fcc329d39d 304 111.196 "Mozilla/5.0 (Windows NT 10.0; Win64; x64) AppleWebKit/537.36 (KHTML, like Gecko) Chrome/103.0.5060.134 Safari/537.36 Edg/103.0.1264.77"
{} [06/Aug/2022:00:21:39 +0000] GET /api/promotions 304 107.311 "Mozilla/5.0 (Windows NT 10.0; Win64; x64) AppleWebKit/537.36 (KHTML, like Gecko) Chrome/103.0.5060.134 Safari/537.36 Edg/103.0.1264.77"
{} [06/Aug/2022:00:21:39 +0000] GET /api/categories 304 111.283 "Mozilla/5.0 (Windows NT 10.0; Win64; x64) AppleWebKit/537.36 (KHTML, like Gecko) Chrome/103.0.5060.134 Safari/537.36 Edg/103.0.1264.77"
{} [06/Aug/2022:00:21:39 +0000] GET /api/writers? 304 144.037 "Mozilla/5.0 (Windows NT 10.0; Win64; x64) AppleWebKit/537.36 (KHTML, like Gecko) Chrome/103.0.5060.134 Safari/537.36 Edg/103.0.1264.77"
{} [06/Aug/2022:01:18:07 +0000] GET /api/admin/book/62dbfb6399dc88fcc329d39d 304 114.325 "Mozilla/5.0 (Windows NT 10.0; Win64; x64) AppleWebKit/537.36 (KHTML, like Gecko) Chrome/103.0.5060.134 Safari/537.36 Edg/103.0.1264.77"
{} [06/Aug/2022:01:18:07 +0000] GET /api/categories 304 111.706 "Mozilla/5.0 (Windows NT 10.0; Win64; x64) AppleWebKit/537.36 (KHTML, like Gecko) Chrome/103.0.5060.134 Safari/537.36 Edg/103.0.1264.77"
{} [06/Aug/2022:01:18:07 +0000] GET /api/promotions 304 110.626 "Mozilla/5.0 (Windows NT 10.0; Win64; x64) AppleWebKit/537.36 (KHTML, like Gecko) Chrome/103.0.5060.134 Safari/537.36 Edg/103.0.1264.77"
{} [06/Aug/2022:01:18:07 +0000] GET /api/writers? 304 148.223 "Mozilla/5.0 (Windows NT 10.0; Win64; x64) AppleWebKit/537.36 (KHTML, like Gecko) Chrome/103.0.5060.134 Safari/537.36 Edg/103.0.1264.77"
{} [06/Aug/2022:01:18:31 +0000] GET /api/promotions 304 175.821 "Mozilla/5.0 (Windows NT 10.0; Win64; x64) AppleWebKit/537.36 (KHTML, like Gecko) Chrome/103.0.5060.134 Safari/537.36 Edg/103.0.1264.77"
{} [06/Aug/2022:01:18:31 +0000] GET /api/admin/book/62dbfb6399dc88fcc329d39d 304 180.438 "Mozilla/5.0 (Windows NT 10.0; Win64; x64) AppleWebKit/537.36 (KHTML, like Gecko) Chrome/103.0.5060.134 Safari/537.36 Edg/103.0.1264.77"
{} [06/Aug/2022:01:18:31 +0000] GET /api/categories 304 180.388 "Mozilla/5.0 (Windows NT 10.0; Win64; x64) AppleWebKit/537.36 (KHTML, like Gecko) Chrome/103.0.5060.134 Safari/537.36 Edg/103.0.1264.77"
{} [06/Aug/2022:01:18:31 +0000] GET /api/writers? 304 187.951 "Mozilla/5.0 (Windows NT 10.0; Win64; x64) AppleWebKit/537.36 (KHTML, like Gecko) Chrome/103.0.5060.134 Safari/537.36 Edg/103.0.1264.77"
{} [06/Aug/2022:01:18:32 +0000] GET /api/admin/book/62dbfb6399dc88fcc329d39d 304 155.802 "Mozilla/5.0 (Windows NT 10.0; Win64; x64) AppleWebKit/537.36 (KHTML, like Gecko) Chrome/103.0.5060.134 Safari/537.36 Edg/103.0.1264.77"
{} [06/Aug/2022:01:18:48 +0000] GET /api/admin/book/62dbfb6399dc88fcc329d39d 304 109.341 "Mozilla/5.0 (Windows NT 10.0; Win64; x64) AppleWebKit/537.36 (KHTML, like Gecko) Chrome/103.0.5060.134 Safari/537.36 Edg/103.0.1264.77"
{} [06/Aug/2022:01:18:48 +0000] GET /api/categories 304 108.278 "Mozilla/5.0 (Windows NT 10.0; Win64; x64) AppleWebKit/537.36 (KHTML, like Gecko) Chrome/103.0.5060.134 Safari/537.36 Edg/103.0.1264.77"
{} [06/Aug/2022:01:18:48 +0000] GET /api/promotions 304 106.092 "Mozilla/5.0 (Windows NT 10.0; Win64; x64) AppleWebKit/537.36 (KHTML, like Gecko) Chrome/103.0.5060.134 Safari/537.36 Edg/103.0.1264.77"
{} [06/Aug/2022:01:18:48 +0000] GET /api/writers? 304 145.568 "Mozilla/5.0 (Windows NT 10.0; Win64; x64) AppleWebKit/537.36 (KHTML, like Gecko) Chrome/103.0.5060.134 Safari/537.36 Edg/103.0.1264.77"
{} [06/Aug/2022:01:18:48 +0000] GET /api/admin/book/62dbfb6399dc88fcc329d39d 304 117.471 "Mozilla/5.0 (Windows NT 10.0; Win64; x64) AppleWebKit/537.36 (KHTML, like Gecko) Chrome/103.0.5060.134 Safari/537.36 Edg/103.0.1264.77"
{} [06/Aug/2022:01:19:10 +0000] GET /api/categories 304 161.587 "Mozilla/5.0 (Windows NT 10.0; Win64; x64) AppleWebKit/537.36 (KHTML, like Gecko) Chrome/103.0.5060.134 Safari/537.36 Edg/103.0.1264.77"
{} [06/Aug/2022:01:19:10 +0000] GET /api/admin/book/62dbfb6399dc88fcc329d39d 304 163.729 "Mozilla/5.0 (Windows NT 10.0; Win64; x64) AppleWebKit/537.36 (KHTML, like Gecko) Chrome/103.0.5060.134 Safari/537.36 Edg/103.0.1264.77"
{} [06/Aug/2022:01:19:10 +0000] GET /api/promotions 304 160.236 "Mozilla/5.0 (Windows NT 10.0; Win64; x64) AppleWebKit/537.36 (KHTML, like Gecko) Chrome/103.0.5060.134 Safari/537.36 Edg/103.0.1264.77"
{} [06/Aug/2022:01:19:10 +0000] GET /api/writers? 304 168.983 "Mozilla/5.0 (Windows NT 10.0; Win64; x64) AppleWebKit/537.36 (KHTML, like Gecko) Chrome/103.0.5060.134 Safari/537.36 Edg/103.0.1264.77"
{} [06/Aug/2022:01:19:22 +0000] GET /api/admin/book/62dbfb6399dc88fcc329d39d 304 109.697 "Mozilla/5.0 (Windows NT 10.0; Win64; x64) AppleWebKit/537.36 (KHTML, like Gecko) Chrome/103.0.5060.134 Safari/537.36 Edg/103.0.1264.77"
{} [06/Aug/2022:01:19:22 +0000] GET /api/promotions 304 106.399 "Mozilla/5.0 (Windows NT 10.0; Win64; x64) AppleWebKit/537.36 (KHTML, like Gecko) Chrome/103.0.5060.134 Safari/537.36 Edg/103.0.1264.77"
{} [06/Aug/2022:01:19:22 +0000] GET /api/categories 304 110.317 "Mozilla/5.0 (Windows NT 10.0; Win64; x64) AppleWebKit/537.36 (KHTML, like Gecko) Chrome/103.0.5060.134 Safari/537.36 Edg/103.0.1264.77"
{} [06/Aug/2022:01:19:22 +0000] GET /api/writers? 304 144.604 "Mozilla/5.0 (Windows NT 10.0; Win64; x64) AppleWebKit/537.36 (KHTML, like Gecko) Chrome/103.0.5060.134 Safari/537.36 Edg/103.0.1264.77"
{} [06/Aug/2022:01:19:28 +0000] GET /api/admin/book/62dbfb6399dc88fcc329d39d 304 121.448 "Mozilla/5.0 (Windows NT 10.0; Win64; x64) AppleWebKit/537.36 (KHTML, like Gecko) Chrome/103.0.5060.134 Safari/537.36 Edg/103.0.1264.77"
{} [06/Aug/2022:01:20:25 +0000] GET /api/admin/book/62dbfb6399dc88fcc329d39d 304 107.921 "Mozilla/5.0 (Windows NT 10.0; Win64; x64) AppleWebKit/537.36 (KHTML, like Gecko) Chrome/103.0.5060.134 Safari/537.36 Edg/103.0.1264.77"
{} [06/Aug/2022:01:20:25 +0000] GET /api/promotions 304 110.472 "Mozilla/5.0 (Windows NT 10.0; Win64; x64) AppleWebKit/537.36 (KHTML, like Gecko) Chrome/103.0.5060.134 Safari/537.36 Edg/103.0.1264.77"
{} [06/Aug/2022:01:20:25 +0000] GET /api/categories 304 116.904 "Mozilla/5.0 (Windows NT 10.0; Win64; x64) AppleWebKit/537.36 (KHTML, like Gecko) Chrome/103.0.5060.134 Safari/537.36 Edg/103.0.1264.77"
{} [06/Aug/2022:01:20:25 +0000] GET /api/writers? 304 146.855 "Mozilla/5.0 (Windows NT 10.0; Win64; x64) AppleWebKit/537.36 (KHTML, like Gecko) Chrome/103.0.5060.134 Safari/537.36 Edg/103.0.1264.77"
{} [06/Aug/2022:01:20:26 +0000] GET /api/admin/book/62dbfb6399dc88fcc329d39d 304 115.252 "Mozilla/5.0 (Windows NT 10.0; Win64; x64) AppleWebKit/537.36 (KHTML, like Gecko) Chrome/103.0.5060.134 Safari/537.36 Edg/103.0.1264.77"
{} [06/Aug/2022:01:20:34 +0000] GET /api/admin/book/62dbfb6399dc88fcc329d39d 304 113.714 "Mozilla/5.0 (Windows NT 10.0; Win64; x64) AppleWebKit/537.36 (KHTML, like Gecko) Chrome/103.0.5060.134 Safari/537.36 Edg/103.0.1264.77"
{} [06/Aug/2022:01:20:34 +0000] GET /api/promotions 304 109.470 "Mozilla/5.0 (Windows NT 10.0; Win64; x64) AppleWebKit/537.36 (KHTML, like Gecko) Chrome/103.0.5060.134 Safari/537.36 Edg/103.0.1264.77"
{} [06/Aug/2022:01:20:34 +0000] GET /api/categories 304 122.527 "Mozilla/5.0 (Windows NT 10.0; Win64; x64) AppleWebKit/537.36 (KHTML, like Gecko) Chrome/103.0.5060.134 Safari/537.36 Edg/103.0.1264.77"
{} [06/Aug/2022:01:20:34 +0000] GET /api/writers? 304 164.948 "Mozilla/5.0 (Windows NT 10.0; Win64; x64) AppleWebKit/537.36 (KHTML, like Gecko) Chrome/103.0.5060.134 Safari/537.36 Edg/103.0.1264.77"
{} [06/Aug/2022:01:20:35 +0000] GET /api/admin/book/62dbfb6399dc88fcc329d39d 304 109.997 "Mozilla/5.0 (Windows NT 10.0; Win64; x64) AppleWebKit/537.36 (KHTML, like Gecko) Chrome/103.0.5060.134 Safari/537.36 Edg/103.0.1264.77"
{} [06/Aug/2022:01:21:39 +0000] GET /api/admin/book/62dbfb6399dc88fcc329d39d 304 109.938 "Mozilla/5.0 (Windows NT 10.0; Win64; x64) AppleWebKit/537.36 (KHTML, like Gecko) Chrome/103.0.5060.134 Safari/537.36 Edg/103.0.1264.77"
{} [06/Aug/2022:01:21:39 +0000] GET /api/promotions 304 104.701 "Mozilla/5.0 (Windows NT 10.0; Win64; x64) AppleWebKit/537.36 (KHTML, like Gecko) Chrome/103.0.5060.134 Safari/537.36 Edg/103.0.1264.77"
{} [06/Aug/2022:01:21:39 +0000] GET /api/categories 304 115.741 "Mozilla/5.0 (Windows NT 10.0; Win64; x64) AppleWebKit/537.36 (KHTML, like Gecko) Chrome/103.0.5060.134 Safari/537.36 Edg/103.0.1264.77"
{} [06/Aug/2022:01:21:39 +0000] GET /api/writers? 304 149.181 "Mozilla/5.0 (Windows NT 10.0; Win64; x64) AppleWebKit/537.36 (KHTML, like Gecko) Chrome/103.0.5060.134 Safari/537.36 Edg/103.0.1264.77"
{} [06/Aug/2022:01:21:40 +0000] GET /api/admin/book/62dbfb6399dc88fcc329d39d 304 113.340 "Mozilla/5.0 (Windows NT 10.0; Win64; x64) AppleWebKit/537.36 (KHTML, like Gecko) Chrome/103.0.5060.134 Safari/537.36 Edg/103.0.1264.77"
{} [06/Aug/2022:01:22:05 +0000] GET /api/admin/book/62dbfb6399dc88fcc329d39d 304 108.651 "Mozilla/5.0 (Windows NT 10.0; Win64; x64) AppleWebKit/537.36 (KHTML, like Gecko) Chrome/103.0.5060.134 Safari/537.36 Edg/103.0.1264.77"
{} [06/Aug/2022:01:22:05 +0000] GET /api/categories 304 110.841 "Mozilla/5.0 (Windows NT 10.0; Win64; x64) AppleWebKit/537.36 (KHTML, like Gecko) Chrome/103.0.5060.134 Safari/537.36 Edg/103.0.1264.77"
{} [06/Aug/2022:01:22:05 +0000] GET /api/promotions 304 109.418 "Mozilla/5.0 (Windows NT 10.0; Win64; x64) AppleWebKit/537.36 (KHTML, like Gecko) Chrome/103.0.5060.134 Safari/537.36 Edg/103.0.1264.77"
{} [06/Aug/2022:01:22:05 +0000] GET /api/writers? 304 149.881 "Mozilla/5.0 (Windows NT 10.0; Win64; x64) AppleWebKit/537.36 (KHTML, like Gecko) Chrome/103.0.5060.134 Safari/537.36 Edg/103.0.1264.77"
{} [06/Aug/2022:01:22:06 +0000] GET /api/admin/book/62dbfb6399dc88fcc329d39d 304 106.010 "Mozilla/5.0 (Windows NT 10.0; Win64; x64) AppleWebKit/537.36 (KHTML, like Gecko) Chrome/103.0.5060.134 Safari/537.36 Edg/103.0.1264.77"
{} [06/Aug/2022:01:22:46 +0000] GET /api/admin/book/62dbfb6399dc88fcc329d39d 304 105.917 "Mozilla/5.0 (Windows NT 10.0; Win64; x64) AppleWebKit/537.36 (KHTML, like Gecko) Chrome/103.0.5060.134 Safari/537.36 Edg/103.0.1264.77"
{} [06/Aug/2022:01:22:46 +0000] GET /api/categories 304 108.302 "Mozilla/5.0 (Windows NT 10.0; Win64; x64) AppleWebKit/537.36 (KHTML, like Gecko) Chrome/103.0.5060.134 Safari/537.36 Edg/103.0.1264.77"
{} [06/Aug/2022:01:22:46 +0000] GET /api/promotions 304 112.414 "Mozilla/5.0 (Windows NT 10.0; Win64; x64) AppleWebKit/537.36 (KHTML, like Gecko) Chrome/103.0.5060.134 Safari/537.36 Edg/103.0.1264.77"
{} [06/Aug/2022:01:22:46 +0000] GET /api/writers? 304 151.476 "Mozilla/5.0 (Windows NT 10.0; Win64; x64) AppleWebKit/537.36 (KHTML, like Gecko) Chrome/103.0.5060.134 Safari/537.36 Edg/103.0.1264.77"
{} [06/Aug/2022:01:22:47 +0000] GET /api/admin/book/62dbfb6399dc88fcc329d39d 304 111.570 "Mozilla/5.0 (Windows NT 10.0; Win64; x64) AppleWebKit/537.36 (KHTML, like Gecko) Chrome/103.0.5060.134 Safari/537.36 Edg/103.0.1264.77"
{} [06/Aug/2022:01:23:33 +0000] GET /api/promotions 304 111.400 "Mozilla/5.0 (Windows NT 10.0; Win64; x64) AppleWebKit/537.36 (KHTML, like Gecko) Chrome/103.0.5060.134 Safari/537.36 Edg/103.0.1264.77"
{} [06/Aug/2022:01:23:33 +0000] GET /api/admin/book/62dbfb6399dc88fcc329d39d 304 114.648 "Mozilla/5.0 (Windows NT 10.0; Win64; x64) AppleWebKit/537.36 (KHTML, like Gecko) Chrome/103.0.5060.134 Safari/537.36 Edg/103.0.1264.77"
{} [06/Aug/2022:01:23:33 +0000] GET /api/categories 304 114.420 "Mozilla/5.0 (Windows NT 10.0; Win64; x64) AppleWebKit/537.36 (KHTML, like Gecko) Chrome/103.0.5060.134 Safari/537.36 Edg/103.0.1264.77"
{} [06/Aug/2022:01:23:33 +0000] GET /api/writers? 304 146.922 "Mozilla/5.0 (Windows NT 10.0; Win64; x64) AppleWebKit/537.36 (KHTML, like Gecko) Chrome/103.0.5060.134 Safari/537.36 Edg/103.0.1264.77"
{} [06/Aug/2022:01:23:34 +0000] GET /api/admin/book/62dbfb6399dc88fcc329d39d 304 121.842 "Mozilla/5.0 (Windows NT 10.0; Win64; x64) AppleWebKit/537.36 (KHTML, like Gecko) Chrome/103.0.5060.134 Safari/537.36 Edg/103.0.1264.77"
{} [06/Aug/2022:01:24:20 +0000] GET /api/promotions 304 107.147 "Mozilla/5.0 (Windows NT 10.0; Win64; x64) AppleWebKit/537.36 (KHTML, like Gecko) Chrome/103.0.5060.134 Safari/537.36 Edg/103.0.1264.77"
{} [06/Aug/2022:01:24:20 +0000] GET /api/categories 304 109.661 "Mozilla/5.0 (Windows NT 10.0; Win64; x64) AppleWebKit/537.36 (KHTML, like Gecko) Chrome/103.0.5060.134 Safari/537.36 Edg/103.0.1264.77"
{} [06/Aug/2022:01:24:20 +0000] GET /api/admin/book/62dbfb6399dc88fcc329d39d 304 111.262 "Mozilla/5.0 (Windows NT 10.0; Win64; x64) AppleWebKit/537.36 (KHTML, like Gecko) Chrome/103.0.5060.134 Safari/537.36 Edg/103.0.1264.77"
{} [06/Aug/2022:01:24:20 +0000] GET /api/writers? 304 149.001 "Mozilla/5.0 (Windows NT 10.0; Win64; x64) AppleWebKit/537.36 (KHTML, like Gecko) Chrome/103.0.5060.134 Safari/537.36 Edg/103.0.1264.77"
{} [06/Aug/2022:01:24:20 +0000] GET /api/admin/book/62dbfb6399dc88fcc329d39d 304 152.632 "Mozilla/5.0 (Windows NT 10.0; Win64; x64) AppleWebKit/537.36 (KHTML, like Gecko) Chrome/103.0.5060.134 Safari/537.36 Edg/103.0.1264.77"
{} [06/Aug/2022:01:25:00 +0000] GET /api/promotions 304 105.554 "Mozilla/5.0 (Windows NT 10.0; Win64; x64) AppleWebKit/537.36 (KHTML, like Gecko) Chrome/103.0.5060.134 Safari/537.36 Edg/103.0.1264.77"
{} [06/Aug/2022:01:25:00 +0000] GET /api/admin/book/62dbfb6399dc88fcc329d39d 304 111.603 "Mozilla/5.0 (Windows NT 10.0; Win64; x64) AppleWebKit/537.36 (KHTML, like Gecko) Chrome/103.0.5060.134 Safari/537.36 Edg/103.0.1264.77"
{} [06/Aug/2022:01:25:00 +0000] GET /api/categories 304 113.523 "Mozilla/5.0 (Windows NT 10.0; Win64; x64) AppleWebKit/537.36 (KHTML, like Gecko) Chrome/103.0.5060.134 Safari/537.36 Edg/103.0.1264.77"
{} [06/Aug/2022:01:25:00 +0000] GET /api/writers? 304 172.723 "Mozilla/5.0 (Windows NT 10.0; Win64; x64) AppleWebKit/537.36 (KHTML, like Gecko) Chrome/103.0.5060.134 Safari/537.36 Edg/103.0.1264.77"
{} [06/Aug/2022:01:25:01 +0000] GET /api/admin/book/62dbfb6399dc88fcc329d39d 304 108.226 "Mozilla/5.0 (Windows NT 10.0; Win64; x64) AppleWebKit/537.36 (KHTML, like Gecko) Chrome/103.0.5060.134 Safari/537.36 Edg/103.0.1264.77"
{} [06/Aug/2022:01:27:55 +0000] GET /api/admin/book/62dbfb6399dc88fcc329d39d 304 120.972 "Mozilla/5.0 (Windows NT 10.0; Win64; x64) AppleWebKit/537.36 (KHTML, like Gecko) Chrome/103.0.5060.134 Safari/537.36 Edg/103.0.1264.77"
{} [06/Aug/2022:01:27:55 +0000] GET /api/promotions 304 119.000 "Mozilla/5.0 (Windows NT 10.0; Win64; x64) AppleWebKit/537.36 (KHTML, like Gecko) Chrome/103.0.5060.134 Safari/537.36 Edg/103.0.1264.77"
{} [06/Aug/2022:01:27:55 +0000] GET /api/categories 304 121.600 "Mozilla/5.0 (Windows NT 10.0; Win64; x64) AppleWebKit/537.36 (KHTML, like Gecko) Chrome/103.0.5060.134 Safari/537.36 Edg/103.0.1264.77"
{} [06/Aug/2022:01:27:55 +0000] GET /api/writers? 304 160.138 "Mozilla/5.0 (Windows NT 10.0; Win64; x64) AppleWebKit/537.36 (KHTML, like Gecko) Chrome/103.0.5060.134 Safari/537.36 Edg/103.0.1264.77"
{} [06/Aug/2022:01:27:56 +0000] GET /api/admin/book/62dbfb6399dc88fcc329d39d 304 111.256 "Mozilla/5.0 (Windows NT 10.0; Win64; x64) AppleWebKit/537.36 (KHTML, like Gecko) Chrome/103.0.5060.134 Safari/537.36 Edg/103.0.1264.77"
{} [06/Aug/2022:01:28:05 +0000] GET /api/categories 304 107.597 "Mozilla/5.0 (Windows NT 10.0; Win64; x64) AppleWebKit/537.36 (KHTML, like Gecko) Chrome/103.0.5060.134 Safari/537.36 Edg/103.0.1264.77"
{} [06/Aug/2022:01:28:05 +0000] GET /api/admin/book/62dbfb6399dc88fcc329d39d 304 109.673 "Mozilla/5.0 (Windows NT 10.0; Win64; x64) AppleWebKit/537.36 (KHTML, like Gecko) Chrome/103.0.5060.134 Safari/537.36 Edg/103.0.1264.77"
{} [06/Aug/2022:01:28:05 +0000] GET /api/promotions 304 107.917 "Mozilla/5.0 (Windows NT 10.0; Win64; x64) AppleWebKit/537.36 (KHTML, like Gecko) Chrome/103.0.5060.134 Safari/537.36 Edg/103.0.1264.77"
{} [06/Aug/2022:01:28:05 +0000] GET /api/writers? 304 166.754 "Mozilla/5.0 (Windows NT 10.0; Win64; x64) AppleWebKit/537.36 (KHTML, like Gecko) Chrome/103.0.5060.134 Safari/537.36 Edg/103.0.1264.77"
{} [06/Aug/2022:01:28:06 +0000] GET /api/admin/book/62dbfb6399dc88fcc329d39d 304 105.244 "Mozilla/5.0 (Windows NT 10.0; Win64; x64) AppleWebKit/537.36 (KHTML, like Gecko) Chrome/103.0.5060.134 Safari/537.36 Edg/103.0.1264.77"
{} [06/Aug/2022:01:31:17 +0000] GET /api/books/?& 304 172.482 "Mozilla/5.0 (Windows NT 10.0; Win64; x64) AppleWebKit/537.36 (KHTML, like Gecko) Chrome/103.0.5060.134 Safari/537.36 Edg/103.0.1264.77"
{} [06/Aug/2022:01:34:32 +0000] GET /api/admin/book/62dbfb6399dc88fcc329d39d 304 105.664 "Mozilla/5.0 (Windows NT 10.0; Win64; x64) AppleWebKit/537.36 (KHTML, like Gecko) Chrome/103.0.5060.134 Safari/537.36 Edg/103.0.1264.77"
{} [06/Aug/2022:01:34:32 +0000] GET /api/categories 304 111.208 "Mozilla/5.0 (Windows NT 10.0; Win64; x64) AppleWebKit/537.36 (KHTML, like Gecko) Chrome/103.0.5060.134 Safari/537.36 Edg/103.0.1264.77"
{} [06/Aug/2022:01:34:32 +0000] GET /api/promotions 304 110.656 "Mozilla/5.0 (Windows NT 10.0; Win64; x64) AppleWebKit/537.36 (KHTML, like Gecko) Chrome/103.0.5060.134 Safari/537.36 Edg/103.0.1264.77"
{} [06/Aug/2022:01:34:32 +0000] GET /api/writers? 304 146.723 "Mozilla/5.0 (Windows NT 10.0; Win64; x64) AppleWebKit/537.36 (KHTML, like Gecko) Chrome/103.0.5060.134 Safari/537.36 Edg/103.0.1264.77"
{} [06/Aug/2022:01:34:33 +0000] GET /api/categories 304 112.516 "Mozilla/5.0 (Windows NT 10.0; Win64; x64) AppleWebKit/537.36 (KHTML, like Gecko) Chrome/103.0.5060.134 Safari/537.36 Edg/103.0.1264.77"
{} [06/Aug/2022:01:34:33 +0000] GET /api/books/?& 304 183.388 "Mozilla/5.0 (Windows NT 10.0; Win64; x64) AppleWebKit/537.36 (KHTML, like Gecko) Chrome/103.0.5060.134 Safari/537.36 Edg/103.0.1264.77"
{} [06/Aug/2022:01:35:10 +0000] GET /api/admin/book/62dbfb6399dc88fcc329d39d 304 109.549 "Mozilla/5.0 (Windows NT 10.0; Win64; x64) AppleWebKit/537.36 (KHTML, like Gecko) Chrome/103.0.5060.134 Safari/537.36 Edg/103.0.1264.77"
{} [06/Aug/2022:01:35:10 +0000] GET /api/promotions 304 104.727 "Mozilla/5.0 (Windows NT 10.0; Win64; x64) AppleWebKit/537.36 (KHTML, like Gecko) Chrome/103.0.5060.134 Safari/537.36 Edg/103.0.1264.77"
{} [06/Aug/2022:01:35:10 +0000] GET /api/categories 304 109.576 "Mozilla/5.0 (Windows NT 10.0; Win64; x64) AppleWebKit/537.36 (KHTML, like Gecko) Chrome/103.0.5060.134 Safari/537.36 Edg/103.0.1264.77"
{} [06/Aug/2022:01:35:10 +0000] GET /api/writers? 304 148.084 "Mozilla/5.0 (Windows NT 10.0; Win64; x64) AppleWebKit/537.36 (KHTML, like Gecko) Chrome/103.0.5060.134 Safari/537.36 Edg/103.0.1264.77"
{} [06/Aug/2022:01:35:11 +0000] GET /api/categories 304 173.163 "Mozilla/5.0 (Windows NT 10.0; Win64; x64) AppleWebKit/537.36 (KHTML, like Gecko) Chrome/103.0.5060.134 Safari/537.36 Edg/103.0.1264.77"
{} [06/Aug/2022:01:35:11 +0000] GET /api/books/?& 304 247.440 "Mozilla/5.0 (Windows NT 10.0; Win64; x64) AppleWebKit/537.36 (KHTML, like Gecko) Chrome/103.0.5060.134 Safari/537.36 Edg/103.0.1264.77"
{} [06/Aug/2022:01:37:04 +0000] GET /api/admin/book/62dbfb6399dc88fcc329d39d 304 107.755 "Mozilla/5.0 (Windows NT 10.0; Win64; x64) AppleWebKit/537.36 (KHTML, like Gecko) Chrome/103.0.5060.134 Safari/537.36 Edg/103.0.1264.77"
{} [06/Aug/2022:01:37:04 +0000] GET /api/categories 304 107.342 "Mozilla/5.0 (Windows NT 10.0; Win64; x64) AppleWebKit/537.36 (KHTML, like Gecko) Chrome/103.0.5060.134 Safari/537.36 Edg/103.0.1264.77"
{} [06/Aug/2022:01:37:04 +0000] GET /api/promotions 304 109.076 "Mozilla/5.0 (Windows NT 10.0; Win64; x64) AppleWebKit/537.36 (KHTML, like Gecko) Chrome/103.0.5060.134 Safari/537.36 Edg/103.0.1264.77"
{} [06/Aug/2022:01:37:04 +0000] GET /api/writers? 304 144.664 "Mozilla/5.0 (Windows NT 10.0; Win64; x64) AppleWebKit/537.36 (KHTML, like Gecko) Chrome/103.0.5060.134 Safari/537.36 Edg/103.0.1264.77"
{} [06/Aug/2022:01:37:04 +0000] GET /api/categories 304 113.260 "Mozilla/5.0 (Windows NT 10.0; Win64; x64) AppleWebKit/537.36 (KHTML, like Gecko) Chrome/103.0.5060.134 Safari/537.36 Edg/103.0.1264.77"
{} [06/Aug/2022:01:37:05 +0000] GET /api/books/?& 304 184.288 "Mozilla/5.0 (Windows NT 10.0; Win64; x64) AppleWebKit/537.36 (KHTML, like Gecko) Chrome/103.0.5060.134 Safari/537.36 Edg/103.0.1264.77"
{} [06/Aug/2022:01:37:37 +0000] GET /api/admin/book/62dbfb6399dc88fcc329d39d 304 109.732 "Mozilla/5.0 (Windows NT 10.0; Win64; x64) AppleWebKit/537.36 (KHTML, like Gecko) Chrome/103.0.5060.134 Safari/537.36 Edg/103.0.1264.77"
{} [06/Aug/2022:01:37:37 +0000] GET /api/promotions 304 109.458 "Mozilla/5.0 (Windows NT 10.0; Win64; x64) AppleWebKit/537.36 (KHTML, like Gecko) Chrome/103.0.5060.134 Safari/537.36 Edg/103.0.1264.77"
{} [06/Aug/2022:01:37:37 +0000] GET /api/categories 304 111.883 "Mozilla/5.0 (Windows NT 10.0; Win64; x64) AppleWebKit/537.36 (KHTML, like Gecko) Chrome/103.0.5060.134 Safari/537.36 Edg/103.0.1264.77"
{} [06/Aug/2022:01:37:37 +0000] GET /api/writers? 304 149.037 "Mozilla/5.0 (Windows NT 10.0; Win64; x64) AppleWebKit/537.36 (KHTML, like Gecko) Chrome/103.0.5060.134 Safari/537.36 Edg/103.0.1264.77"
{} [06/Aug/2022:01:37:38 +0000] GET /api/categories 304 126.848 "Mozilla/5.0 (Windows NT 10.0; Win64; x64) AppleWebKit/537.36 (KHTML, like Gecko) Chrome/103.0.5060.134 Safari/537.36 Edg/103.0.1264.77"
{} [06/Aug/2022:01:37:38 +0000] GET /api/books/?& 304 199.717 "Mozilla/5.0 (Windows NT 10.0; Win64; x64) AppleWebKit/537.36 (KHTML, like Gecko) Chrome/103.0.5060.134 Safari/537.36 Edg/103.0.1264.77"
{} [06/Aug/2022:01:37:50 +0000] GET /api/promotions 304 105.679 "Mozilla/5.0 (Windows NT 10.0; Win64; x64) AppleWebKit/537.36 (KHTML, like Gecko) Chrome/103.0.5060.134 Safari/537.36 Edg/103.0.1264.77"
{} [06/Aug/2022:01:37:50 +0000] GET /api/admin/book/62dbfb6399dc88fcc329d39d 304 112.112 "Mozilla/5.0 (Windows NT 10.0; Win64; x64) AppleWebKit/537.36 (KHTML, like Gecko) Chrome/103.0.5060.134 Safari/537.36 Edg/103.0.1264.77"
{} [06/Aug/2022:01:37:50 +0000] GET /api/categories 304 111.941 "Mozilla/5.0 (Windows NT 10.0; Win64; x64) AppleWebKit/537.36 (KHTML, like Gecko) Chrome/103.0.5060.134 Safari/537.36 Edg/103.0.1264.77"
{} [06/Aug/2022:01:37:50 +0000] GET /api/writers? 304 146.565 "Mozilla/5.0 (Windows NT 10.0; Win64; x64) AppleWebKit/537.36 (KHTML, like Gecko) Chrome/103.0.5060.134 Safari/537.36 Edg/103.0.1264.77"
{} [06/Aug/2022:01:37:51 +0000] GET /api/categories 304 168.933 "Mozilla/5.0 (Windows NT 10.0; Win64; x64) AppleWebKit/537.36 (KHTML, like Gecko) Chrome/103.0.5060.134 Safari/537.36 Edg/103.0.1264.77"
{} [06/Aug/2022:01:37:51 +0000] GET /api/books/?& 304 241.030 "Mozilla/5.0 (Windows NT 10.0; Win64; x64) AppleWebKit/537.36 (KHTML, like Gecko) Chrome/103.0.5060.134 Safari/537.36 Edg/103.0.1264.77"
{} [06/Aug/2022:01:38:41 +0000] GET /api/admin/book/62dbfb6399dc88fcc329d39d 304 152.744 "Mozilla/5.0 (Windows NT 10.0; Win64; x64) AppleWebKit/537.36 (KHTML, like Gecko) Chrome/103.0.5060.134 Safari/537.36 Edg/103.0.1264.77"
{} [06/Aug/2022:01:38:41 +0000] GET /api/promotions 304 149.788 "Mozilla/5.0 (Windows NT 10.0; Win64; x64) AppleWebKit/537.36 (KHTML, like Gecko) Chrome/103.0.5060.134 Safari/537.36 Edg/103.0.1264.77"
{} [06/Aug/2022:01:38:41 +0000] GET /api/categories 304 152.453 "Mozilla/5.0 (Windows NT 10.0; Win64; x64) AppleWebKit/537.36 (KHTML, like Gecko) Chrome/103.0.5060.134 Safari/537.36 Edg/103.0.1264.77"
{} [06/Aug/2022:01:38:41 +0000] GET /api/writers? 304 152.276 "Mozilla/5.0 (Windows NT 10.0; Win64; x64) AppleWebKit/537.36 (KHTML, like Gecko) Chrome/103.0.5060.134 Safari/537.36 Edg/103.0.1264.77"
{} [06/Aug/2022:01:38:41 +0000] GET /api/categories 304 160.479 "Mozilla/5.0 (Windows NT 10.0; Win64; x64) AppleWebKit/537.36 (KHTML, like Gecko) Chrome/103.0.5060.134 Safari/537.36 Edg/103.0.1264.77"
{} [06/Aug/2022:01:38:41 +0000] GET /api/books/?& 304 207.998 "Mozilla/5.0 (Windows NT 10.0; Win64; x64) AppleWebKit/537.36 (KHTML, like Gecko) Chrome/103.0.5060.134 Safari/537.36 Edg/103.0.1264.77"
{} [06/Aug/2022:01:38:50 +0000] GET /api/categories 304 176.893 "Mozilla/5.0 (Windows NT 10.0; Win64; x64) AppleWebKit/537.36 (KHTML, like Gecko) Chrome/103.0.5060.134 Safari/537.36 Edg/103.0.1264.77"
{} [06/Aug/2022:01:38:50 +0000] GET /api/books/?& 304 547.929 "Mozilla/5.0 (Windows NT 10.0; Win64; x64) AppleWebKit/537.36 (KHTML, like Gecko) Chrome/103.0.5060.134 Safari/537.36 Edg/103.0.1264.77"
{} [06/Aug/2022:01:39:02 +0000] GET /api/categories 304 155.828 "Mozilla/5.0 (Windows NT 10.0; Win64; x64) AppleWebKit/537.36 (KHTML, like Gecko) Chrome/103.0.5060.134 Safari/537.36 Edg/103.0.1264.77"
{} [06/Aug/2022:01:39:02 +0000] GET /api/books/?& 304 231.133 "Mozilla/5.0 (Windows NT 10.0; Win64; x64) AppleWebKit/537.36 (KHTML, like Gecko) Chrome/103.0.5060.134 Safari/537.36 Edg/103.0.1264.77"
